00:00:00:000:0 out_port [0, 0, 0, 0, 0, 45, 0, 0.1, 0.1, 0.4, 1]
00:00:00:000:0 out_port [0, 0, 0, 0, 0.2, 20, 0, 0.3, 0.15, 0.2, 2]
00:00:00:000:0 out_port [0, 0, 0, 0, 0.5, 30, 1, 0.4, 0.4, 0.3, 3]
00:00:00:000:0 out_port [0, 0, 0, 0, 0.7, 65, 0, 0.2, 0.3, 0.3, 4]
00:00:00:000:0 out_port [0, 0, 0, 0, 0.1, 55, 1, 0.5, 0.2, 0.4, 5]
00:00:00:000:0 out_port [0, 0, 0, 0, 0.3, 35, 0, 0.2, 0.7, 0.1, 6]
00:00:00:000:0 out_port [0, 0, 0, 0, 0.6, 18, 0, 0.15, 0.2, 0.3, 7]
00:00:00:000:0 out_port [0, 0, 0, 0, 0.8, 40, 1, 0.3, 0.7, 0.2, 8]
00:00:00:000:0 out_port [0, 0, 0, 0, 0.2, 70, 0, 0.3, 0.7, 0.8, 9]
00:00:00:000:0 out_port [0, 0, 0, 0, 0.4, 50, 1, 0.4, 0.5, 0.4, 10]
00:00:00:000:0 out_port [0, 0, 0, 0, 0.7, 36, 0, 0.1, 0.2, 0.3, 11]
00:00:00:000:0 out_port [0, 0, 0, 0, 0.9, 21, 0, 0.6, 0.4, 0.5, 12]
00:00:00:000:0 out_port [0, 0, 0, 0, 0.3, 28, 0, 0.35, 0.6, 0.7, 13]
00:00:00:000:0 out_port [0, 0, 0, 0, 0.5, 43, 0, 0.2, 0.4, 0.2, 14]
00:00:00:000:0 out_port [0, 0, 0, 0, 0.8, 75, 0, 0.2, 0.3, 0.7, 15]
00:00:00:000:0 out_port [0, 0, 0, 0, 0, 0, 0, 0, 0, 0, 0]
00:30:00:001:0 out_port [1, 1, 1, 0.675874, 0.232413, 35, 0, 0.2, 0.7, 0.1, 6]
00:30:00:001:0 out_port [1, 1, 1, 0.690874, 0.530913, 18, 0, 0.15, 0.2, 0.3, 7]
00:30:00:001:0 out_port [1, 1, 1, 0.547874, 0.345213, 50, 1, 0.4, 0.5, 0.4, 10]
00:30:00:001:0 out_port [1, 1, 1, 0.667874, 0.633213, 36, 0, 0.1, 0.2, 0.3, 11]
00:30:00:003:0 out_port [1, 1, 1, 0.133227, 0.176685, 20, 0, 0.3, 0.15, 0.2, 2]
00:30:00:003:0 out_port [1, 1, 1, 0.247127, 0.456753, 30, 1, 0.4, 0.4, 0.3, 3]
00:30:00:003:0 out_port [1, 1, 1, 0.234273, 0.0590023, 55, 1, 0.5, 0.2, 0.4, 5]
00:30:00:003:0 out_port [1, 1, 1, 0.405778, 0.728989, 40, 1, 0.3, 0.7, 0.2, 8]
00:30:00:003:0 out_port [1, 1, 1, 0.242553, 0.157553, 70, 0, 0.3, 0.7, 0.8, 9]
00:30:00:003:0 out_port [1, 1, 1, 0.0114976, 0.897988, 21, 0, 0.6, 0.4, 0.5, 12]
00:30:00:003:0 out_port [1, 1, 1, 0.401702, 0.429702, 43, 0, 0.2, 0.4, 0.2, 14]
00:30:00:003:0 out_port [1, 1, 1, 1.1265, 0.602863, 75, 0, 0.2, 0.3, 0.7, 15]
00:30:00:005:0 out_port [1, 1, 1, 0.541866, 0, 45, 0, 0.1, 0.1, 0.4, 1]
00:30:00:005:0 out_port [1, 1, 1, 1.11152, 0.505483, 65, 0, 0.2, 0.3, 0.3, 4]
00:30:00:005:0 out_port [1, 1, 1, 0.0350192, 0.293872, 28, 0, 0.35, 0.6, 0.7, 13]
00:30:00:005:0 out_port [1, 1, 1, 3.11142, 0, 0, 0, 0, 0, 0, 0]
00:30:00:013:0 out_port [1, 0, 0, 0, 0, 45, 0, 0.1, 0.1, 0.4, 1]
00:30:00:013:0 out_port [1, 0, 0, 0, 0.176685, 20, 0, 0.3, 0.15, 0.2, 2]
00:30:00:013:0 out_port [1, 0, 0, 0, 0.456753, 30, 1, 0.4, 0.4, 0.3, 3]
00:30:00:013:0 out_port [1, 0, 0, 0, 0.505483, 65, 0, 0.2, 0.3, 0.3, 4]
00:30:00:013:0 out_port [1, 0, 0, 0, 0.0590023, 55, 1, 0.5, 0.2, 0.4, 5]
00:30:00:013:0 out_port [1, 0, 0, 0, 0.232413, 35, 0, 0.2, 0.7, 0.1, 6]
00:30:00:013:0 out_port [1, 0, 0, 0, 0.530913, 18, 0, 0.15, 0.2, 0.3, 7]
00:30:00:013:0 out_port [1, 0, 0, 0, 0.728989, 40, 1, 0.3, 0.7, 0.2, 8]
00:30:00:013:0 out_port [1, 0, 0, 0, 0.157553, 70, 0, 0.3, 0.7, 0.8, 9]
00:30:00:013:0 out_port [1, 0, 0, 0, 0.345213, 50, 1, 0.4, 0.5, 0.4, 10]
00:30:00:013:0 out_port [1, 0, 0, 0, 0.633213, 36, 0, 0.1, 0.2, 0.3, 11]
00:30:00:013:0 out_port [1, 0, 0, 0, 0.897988, 21, 0, 0.6, 0.4, 0.5, 12]
00:30:00:013:0 out_port [1, 0, 0, 0, 0.293872, 28, 0, 0.35, 0.6, 0.7, 13]
00:30:00:013:0 out_port [1, 0, 0, 0, 0.429702, 43, 0, 0.2, 0.4, 0.2, 14]
00:30:00:013:0 out_port [1, 0, 0, 0, 0.602863, 75, 0, 0.2, 0.3, 0.7, 15]
00:30:00:013:0 out_port [1, 0, 0, 0, 0, 0, 0, 0, 0, 0, 0]
00:45:00:001:0 out_port [2, 1, 1, 0.702075, 0.162205, 35, 0, 0.2, 0.7, 0.1, 6]
00:45:00:001:0 out_port [2, 1, 1, 0.717525, 0.45916, 18, 0, 0.15, 0.2, 0.3, 7]
00:45:00:001:0 out_port [2, 1, 1, 0.570235, 0.288189, 50, 1, 0.4, 0.5, 0.4, 10]
00:45:00:001:0 out_port [2, 1, 1, 0.693835, 0.563829, 36, 0, 0.1, 0.2, 0.3, 11]
00:45:00:003:0 out_port [2, 1, 1, 0.149227, 0.150571, 20, 0, 0.3, 0.15, 0.2, 2]
00:45:00:003:0 out_port [2, 1, 1, 0.26956, 0.40958, 30, 1, 0.4, 0.4, 0.3, 3]
00:45:00:003:0 out_port [2, 1, 1, 0.211507, 0.0219886, 55, 1, 0.5, 0.2, 0.4, 5]
00:45:00:003:0 out_port [2, 1, 1, 0.400892, 0.658833, 40, 1, 0.3, 0.7, 0.2, 8]
00:45:00:003:0 out_port [2, 1, 1, 0.229335, 0.11742, 70, 0, 0.3, 0.7, 0.8, 9]
00:45:00:003:0 out_port [2, 1, 1, 0.0467283, 0.88981, 21, 0, 0.6, 0.4, 0.5, 12]
00:45:00:003:0 out_port [2, 1, 1, 0.414139, 0.357228, 43, 0, 0.2, 0.4, 0.2, 14]
00:45:00:003:0 out_port [2, 1, 1, 1.04465, 0.420049, 75, 0, 0.2, 0.3, 0.7, 15]
00:45:00:005:0 out_port [2, 1, 1, 0.522997, 0, 45, 0, 0.1, 0.1, 0.4, 1]
00:45:00:005:0 out_port [2, 1, 1, 1.01863, 0.327223, 65, 0, 0.2, 0.3, 0.3, 4]
00:45:00:005:0 out_port [2, 1, 1, 0.0773142, 0.280342, 28, 0, 0.35, 0.6, 0.7, 13]
00:45:00:005:0 out_port [2, 1, 1, 3.0181, 0, 0, 0, 0, 0, 0, 0]
00:45:00:013:0 out_port [2, 0, 0, 0, 0, 45, 0, 0.1, 0.1, 0.4, 1]
00:45:00:013:0 out_port [2, 0, 0, 0, 0.150571, 20, 0, 0.3, 0.15, 0.2, 2]
00:45:00:013:0 out_port [2, 0, 0, 0, 0.40958, 30, 1, 0.4, 0.4, 0.3, 3]
00:45:00:013:0 out_port [2, 0, 0, 0, 0.327223, 65, 0, 0.2, 0.3, 0.3, 4]
00:45:00:013:0 out_port [2, 0, 0, 0, 0.0219886, 55, 1, 0.5, 0.2, 0.4, 5]
00:45:00:013:0 out_port [2, 0, 0, 0, 0.162205, 35, 0, 0.2, 0.7, 0.1, 6]
00:45:00:013:0 out_port [2, 0, 0, 0, 0.45916, 18, 0, 0.15, 0.2, 0.3, 7]
00:45:00:013:0 out_port [2, 0, 0, 0, 0.658833, 40, 1, 0.3, 0.7, 0.2, 8]
00:45:00:013:0 out_port [2, 0, 0, 0, 0.11742, 70, 0, 0.3, 0.7, 0.8, 9]
00:45:00:013:0 out_port [2, 0, 0, 0, 0.288189, 50, 1, 0.4, 0.5, 0.4, 10]
00:45:00:013:0 out_port [2, 0, 0, 0, 0.563829, 36, 0, 0.1, 0.2, 0.3, 11]
00:45:00:013:0 out_port [2, 0, 0, 0, 0.88981, 21, 0, 0.6, 0.4, 0.5, 12]
00:45:00:013:0 out_port [2, 0, 0, 0, 0.280342, 28, 0, 0.35, 0.6, 0.7, 13]
00:45:00:013:0 out_port [2, 0, 0, 0, 0.357228, 43, 0, 0.2, 0.4, 0.2, 14]
00:45:00:013:0 out_port [2, 0, 0, 0, 0.420049, 75, 0, 0.2, 0.3, 0.7, 15]
00:45:00:013:0 out_port [2, 0, 0, 0, 0, 0, 0, 0, 0, 0, 0]
01:00:00:001:0 out_port [3, 1, 1, 0.720096, 0.0901955, 35, 0, 0.2, 0.7, 0.1, 6]
01:00:00:001:0 out_port [3, 1, 1, 0.736009, 0.385559, 18, 0, 0.15, 0.2, 0.3, 7]
01:00:00:001:0 out_port [3, 1, 1, 0.584301, 0.229759, 50, 1, 0.4, 0.5, 0.4, 10]
01:00:00:001:0 out_port [3, 1, 1, 0.711609, 0.492668, 36, 0, 0.1, 0.2, 0.3, 11]
01:00:00:003:0 out_port [3, 1, 1, 0.125294, 0.128644, 20, 0, 0.3, 0.15, 0.2, 2]
01:00:00:003:0 out_port [3, 1, 1, 0.26029, 0.364029, 30, 1, 0.4, 0.4, 0.3, 3]
01:00:00:003:0 out_port [3, 1, 1, 0.186905, 0, 55, 1, 0.5, 0.2, 0.4, 5]
01:00:00:003:0 out_port [3, 1, 1, 0.399262, 0.588962, 40, 1, 0.3, 0.7, 0.2, 8]
01:00:00:003:0 out_port [3, 1, 1, 0.215543, 0.0796996, 70, 0, 0.3, 0.7, 0.8, 9]
01:00:00:003:0 out_port [3, 1, 1, 0.0809636, 0.875642, 21, 0, 0.6, 0.4, 0.5, 12]
01:00:00:003:0 out_port [3, 1, 1, 0.425379, 0.282786, 43, 0, 0.2, 0.4, 0.2, 14]
01:00:00:003:0 out_port [3, 1, 1, 1.06125, 0.23433, 75, 0, 0.2, 0.3, 0.7, 15]
01:00:00:005:0 out_port [3, 1, 1, 0.514628, 0, 45, 0, 0.1, 0.1, 0.4, 1]
01:00:00:005:0 out_port [3, 1, 1, 0.985026, 0.154844, 65, 0, 0.2, 0.3, 0.3, 4]
01:00:00:005:0 out_port [3, 1, 1, 0.116109, 0.260023, 28, 0, 0.35, 0.6, 0.7, 13]
01:00:00:005:0 out_port [3, 1, 1, 2.90335, 0, 0, 0, 0, 0, 0, 0]
01:00:00:013:0 out_port [3, 0, 0, 0, 0, 45, 0, 0.1, 0.1, 0.4, 1]
01:00:00:013:0 out_port [3, 0, 0, 0, 0.128644, 20, 0, 0.3, 0.15, 0.2, 2]
01:00:00:013:0 out_port [3, 0, 0, 0, 0.364029, 30, 1, 0.4, 0.4, 0.3, 3]
01:00:00:013:0 out_port [3, 0, 0, 0, 0.154844, 65, 0, 0.2, 0.3, 0.3, 4]
01:00:00:013:0 out_port [3, 0, 0, 0, 0, 55, 1, 0.5, 0.2, 0.4, 5]
01:00:00:013:0 out_port [3, 0, 0, 0, 0.0901955, 35, 0, 0.2, 0.7, 0.1, 6]
01:00:00:013:0 out_port [3, 0, 0, 0, 0.385559, 18, 0, 0.15, 0.2, 0.3, 7]
01:00:00:013:0 out_port [3, 0, 0, 0, 0.588962, 40, 1, 0.3, 0.7, 0.2, 8]
01:00:00:013:0 out_port [3, 0, 0, 0, 0.0796996, 70, 0, 0.3, 0.7, 0.8, 9]
01:00:00:013:0 out_port [3, 0, 0, 0, 0.229759, 50, 1, 0.4, 0.5, 0.4, 10]
01:00:00:013:0 out_port [3, 0, 0, 0, 0.492668, 36, 0, 0.1, 0.2, 0.3, 11]
01:00:00:013:0 out_port [3, 0, 0, 0, 0.875642, 21, 0, 0.6, 0.4, 0.5, 12]
01:00:00:013:0 out_port [3, 0, 0, 0, 0.260023, 28, 0, 0.35, 0.6, 0.7, 13]
01:00:00:013:0 out_port [3, 0, 0, 0, 0.282786, 43, 0, 0.2, 0.4, 0.2, 14]
01:00:00:013:0 out_port [3, 0, 0, 0, 0.23433, 75, 0, 0.2, 0.3, 0.7, 15]
01:00:00:013:0 out_port [3, 0, 0, 0, 0, 0, 0, 0, 0, 0, 0]
01:15:00:001:0 out_port [4, 1, 1, 0.718017, 0.0183939, 35, 0, 0.2, 0.7, 0.1, 6]
01:15:00:001:0 out_port [4, 1, 1, 0.734407, 0.312118, 18, 0, 0.15, 0.2, 0.3, 7]
01:15:00:001:0 out_port [4, 1, 1, 0.578147, 0.171944, 50, 1, 0.4, 0.5, 0.4, 10]
01:15:00:001:0 out_port [4, 1, 1, 0.709275, 0.421741, 36, 0, 0.1, 0.2, 0.3, 11]
01:15:00:003:0 out_port [4, 1, 1, 0.0949532, 0.112027, 20, 0, 0.3, 0.15, 0.2, 2]
01:15:00:003:0 out_port [4, 1, 1, 0.243235, 0.321463, 30, 1, 0.4, 0.4, 0.3, 3]
01:15:00:003:0 out_port [4, 1, 1, 0.157433, 0, 55, 1, 0.5, 0.2, 0.4, 5]
01:15:00:003:0 out_port [4, 1, 1, 0.401725, 0.51866, 40, 1, 0.3, 0.7, 0.2, 8]
01:15:00:003:0 out_port [4, 1, 1, 0.204717, 0.0438741, 70, 0, 0.3, 0.7, 0.8, 9]
01:15:00:003:0 out_port [4, 1, 1, 0.115486, 0.855432, 21, 0, 0.6, 0.4, 0.5, 12]
01:15:00:003:0 out_port [4, 1, 1, 0.434124, 0.206815, 43, 0, 0.2, 0.4, 0.2, 14]
01:15:00:003:0 out_port [4, 1, 1, 1.13059, 0.0364763, 75, 0, 0.2, 0.3, 0.7, 15]
01:15:00:005:0 out_port [4, 1, 1, 0.510726, 0, 45, 0, 0.1, 0.1, 0.4, 1]
01:15:00:005:0 out_port [4, 1, 1, 1.06632, 0, 65, 0, 0.2, 0.3, 0.3, 4]
01:15:00:005:0 out_port [4, 1, 1, 0.0874001, 0.244728, 28, 0, 0.35, 0.6, 0.7, 13]
01:15:00:005:0 out_port [4, 1, 1, 2.77077, 0, 0, 0, 0, 0, 0, 0]
01:15:00:013:0 out_port [4, 0, 0, 0, 0, 45, 0, 0.1, 0.1, 0.4, 1]
01:15:00:013:0 out_port [4, 0, 0, 0, 0.112027, 20, 0, 0.3, 0.15, 0.2, 2]
01:15:00:013:0 out_port [4, 0, 0, 0, 0.321463, 30, 1, 0.4, 0.4, 0.3, 3]
01:15:00:013:0 out_port [4, 0, 0, 0, 0, 65, 0, 0.2, 0.3, 0.3, 4]
01:15:00:013:0 out_port [4, 0, 0, 0, 0, 55, 1, 0.5, 0.2, 0.4, 5]
01:15:00:013:0 out_port [4, 0, 0, 0, 0.0183939, 35, 0, 0.2, 0.7, 0.1, 6]
01:15:00:013:0 out_port [4, 0, 0, 0, 0.312118, 18, 0, 0.15, 0.2, 0.3, 7]
01:15:00:013:0 out_port [4, 0, 0, 0, 0.51866, 40, 1, 0.3, 0.7, 0.2, 8]
01:15:00:013:0 out_port [4, 0, 0, 0, 0.0438741, 70, 0, 0.3, 0.7, 0.8, 9]
01:15:00:013:0 out_port [4, 0, 0, 0, 0.171944, 50, 1, 0.4, 0.5, 0.4, 10]
01:15:00:013:0 out_port [4, 0, 0, 0, 0.421741, 36, 0, 0.1, 0.2, 0.3, 11]
01:15:00:013:0 out_port [4, 0, 0, 0, 0.855432, 21, 0, 0.6, 0.4, 0.5, 12]
01:15:00:013:0 out_port [4, 0, 0, 0, 0.244728, 28, 0, 0.35, 0.6, 0.7, 13]
01:15:00:013:0 out_port [4, 0, 0, 0, 0.206815, 43, 0, 0.2, 0.4, 0.2, 14]
01:15:00:013:0 out_port [4, 0, 0, 0, 0.0364763, 75, 0, 0.2, 0.3, 0.7, 15]
01:15:00:013:0 out_port [4, 0, 0, 0, 0, 0, 0, 0, 0, 0, 0]
01:30:00:001:0 out_port [5, 1, 1, 0.781625, 0, 35, 0, 0.2, 0.7, 0.1, 6]
01:30:00:001:0 out_port [5, 1, 1, 0.798507, 0.232268, 18, 0, 0.15, 0.2, 0.3, 7]
01:30:00:001:0 out_port [5, 1, 1, 0.637559, 0.108188, 50, 1, 0.4, 0.5, 0.4, 10]
01:30:00:001:0 out_port [5, 1, 1, 0.772621, 0.344479, 36, 0, 0.1, 0.2, 0.3, 11]
01:30:00:003:0 out_port [5, 1, 1, 0.106609, 0.0933707, 20, 0, 0.3, 0.15, 0.2, 2]
01:30:00:003:0 out_port [5, 1, 1, 0.233684, 0.280568, 30, 1, 0.4, 0.4, 0.3, 3]
01:30:00:003:0 out_port [5, 1, 1, 0.133675, 0, 55, 1, 0.5, 0.2, 0.4, 5]
01:30:00:003:0 out_port [5, 1, 1, 0.394634, 0.449599, 40, 1, 0.3, 0.7, 0.2, 8]
01:30:00:003:0 out_port [5, 1, 1, 0.176077, 0.0130607, 70, 0, 0.3, 0.7, 0.8, 9]
01:30:00:003:0 out_port [5, 1, 1, 0.137048, 0.831448, 21, 0, 0.6, 0.4, 0.5, 12]
01:30:00:003:0 out_port [5, 1, 1, 0.453336, 0.127481, 43, 0, 0.2, 0.4, 0.2, 14]
01:30:00:003:0 out_port [5, 1, 1, 1.19028, 0, 75, 0, 0.2, 0.3, 0.7, 15]
01:30:00:005:0 out_port [5, 1, 1, 0.497201, 0, 45, 0, 0.1, 0.1, 0.4, 1]
01:30:00:005:0 out_port [5, 1, 1, 1.1366, 0, 65, 0, 0.2, 0.3, 0.3, 4]
01:30:00:005:0 out_port [5, 1, 1, 0.0528192, 0.235484, 28, 0, 0.35, 0.6, 0.7, 13]
01:30:00:005:0 out_port [5, 1, 1, 2.73694, 0, 0, 0, 0, 0, 0, 0]
01:30:00:013:0 out_port [5, 0, 0, 0, 0, 45, 0, 0.1, 0.1, 0.4, 1]
01:30:00:013:0 out_port [5, 0, 0, 0, 0.0933707, 20, 0, 0.3, 0.15, 0.2, 2]
01:30:00:013:0 out_port [5, 0, 0, 0, 0.280568, 30, 1, 0.4, 0.4, 0.3, 3]
01:30:00:013:0 out_port [5, 0, 0, 0, 0, 65, 0, 0.2, 0.3, 0.3, 4]
01:30:00:013:0 out_port [5, 0, 0, 0, 0, 55, 1, 0.5, 0.2, 0.4, 5]
01:30:00:013:0 out_port [5, 0, 0, 0, 0, 35, 0, 0.2, 0.7, 0.1, 6]
01:30:00:013:0 out_port [5, 0, 0, 0, 0.232268, 18, 0, 0.15, 0.2, 0.3, 7]
01:30:00:013:0 out_port [5, 0, 0, 0, 0.449599, 40, 1, 0.3, 0.7, 0.2, 8]
01:30:00:013:0 out_port [5, 0, 0, 0, 0.0130607, 70, 0, 0.3, 0.7, 0.8, 9]
01:30:00:013:0 out_port [5, 0, 0, 0, 0.108188, 50, 1, 0.4, 0.5, 0.4, 10]
01:30:00:013:0 out_port [5, 0, 0, 0, 0.344479, 36, 0, 0.1, 0.2, 0.3, 11]
01:30:00:013:0 out_port [5, 0, 0, 0, 0.831448, 21, 0, 0.6, 0.4, 0.5, 12]
01:30:00:013:0 out_port [5, 0, 0, 0, 0.235484, 28, 0, 0.35, 0.6, 0.7, 13]
01:30:00:013:0 out_port [5, 0, 0, 0, 0.127481, 43, 0, 0.2, 0.4, 0.2, 14]
01:30:00:013:0 out_port [5, 0, 0, 0, 0, 75, 0, 0.2, 0.3, 0.7, 15]
01:30:00:013:0 out_port [5, 0, 0, 0, 0, 0, 0, 0, 0, 0, 0]
01:45:00:001:0 out_port [6, 1, 1, 0.726715, 0, 35, 0, 0.2, 0.7, 0.1, 6]
01:45:00:001:0 out_port [6, 1, 1, 0.762035, 0.156064, 18, 0, 0.15, 0.2, 0.3, 7]
01:45:00:001:0 out_port [6, 1, 1, 0.596259, 0.0485625, 50, 1, 0.4, 0.5, 0.4, 10]
01:45:00:001:0 out_port [6, 1, 1, 0.735372, 0.270942, 36, 0, 0.1, 0.2, 0.3, 11]
01:45:00:003:0 out_port [6, 1, 1, 0.106821, 0.0746771, 20, 0, 0.3, 0.15, 0.2, 2]
01:45:00:003:0 out_port [6, 1, 1, 0.205205, 0.244657, 30, 1, 0.4, 0.4, 0.3, 3]
01:45:00:003:0 out_port [6, 1, 1, 0.144657, 0, 55, 1, 0.5, 0.2, 0.4, 5]
01:45:00:003:0 out_port [6, 1, 1, 0.406214, 0.378512, 40, 1, 0.3, 0.7, 0.2, 8]
01:45:00:003:0 out_port [6, 1, 1, 0.167049, 0, 70, 0, 0.3, 0.7, 0.8, 9]
01:45:00:003:0 out_port [6, 1, 1, 0.17423, 0.800958, 21, 0, 0.6, 0.4, 0.5, 12]
01:45:00:003:0 out_port [6, 1, 1, 0.456901, 0.0475232, 43, 0, 0.2, 0.4, 0.2, 14]
01:45:00:003:0 out_port [6, 1, 1, 1.17549, 0, 75, 0, 0.2, 0.3, 0.7, 15]
01:45:00:005:0 out_port [6, 1, 1, 0.485942, 0, 45, 0, 0.1, 0.1, 0.4, 1]
01:45:00:005:0 out_port [6, 1, 1, 1.12075, 0, 65, 0, 0.2, 0.3, 0.3, 4]
01:45:00:005:0 out_port [6, 1, 1, 0.0111036, 0.233541, 28, 0, 0.35, 0.6, 0.7, 13]
01:45:00:005:0 out_port [6, 1, 1, 2.7399, 0, 0, 0, 0, 0, 0, 0]
01:45:00:013:0 out_port [6, 0, 0, 0, 0, 45, 0, 0.1, 0.1, 0.4, 1]
01:45:00:013:0 out_port [6, 0, 0, 0, 0.0746771, 20, 0, 0.3, 0.15, 0.2, 2]
01:45:00:013:0 out_port [6, 0, 0, 0, 0.244657, 30, 1, 0.4, 0.4, 0.3, 3]
01:45:00:013:0 out_port [6, 0, 0, 0, 0, 65, 0, 0.2, 0.3, 0.3, 4]
01:45:00:013:0 out_port [6, 0, 0, 0, 0, 55, 1, 0.5, 0.2, 0.4, 5]
01:45:00:013:0 out_port [6, 0, 0, 0, 0, 35, 0, 0.2, 0.7, 0.1, 6]
01:45:00:013:0 out_port [6, 0, 0, 0, 0.156064, 18, 0, 0.15, 0.2, 0.3, 7]
01:45:00:013:0 out_port [6, 0, 0, 0, 0.378512, 40, 1, 0.3, 0.7, 0.2, 8]
01:45:00:013:0 out_port [6, 0, 0, 0, 0, 70, 0, 0.3, 0.7, 0.8, 9]
01:45:00:013:0 out_port [6, 0, 0, 0, 0.0485625, 50, 1, 0.4, 0.5, 0.4, 10]
01:45:00:013:0 out_port [6, 0, 0, 0, 0.270942, 36, 0, 0.1, 0.2, 0.3, 11]
01:45:00:013:0 out_port [6, 0, 0, 0, 0.800958, 21, 0, 0.6, 0.4, 0.5, 12]
01:45:00:013:0 out_port [6, 0, 0, 0, 0.233541, 28, 0, 0.35, 0.6, 0.7, 13]
01:45:00:013:0 out_port [6, 0, 0, 0, 0.0475232, 43, 0, 0.2, 0.4, 0.2, 14]
01:45:00:013:0 out_port [6, 0, 0, 0, 0, 75, 0, 0.2, 0.3, 0.7, 15]
01:45:00:013:0 out_port [6, 0, 0, 0, 0, 0, 0, 0, 0, 0, 0]
02:00:00:001:0 out_port [7, 1, 1, 0.746419, 0, 35, 0, 0.2, 0.7, 0.1, 6]
02:00:00:001:0 out_port [7, 1, 1, 0.8046, 0.0756043, 18, 0, 0.15, 0.2, 0.3, 7]
02:00:00:001:0 out_port [7, 1, 1, 0.63385, 0, 50, 1, 0.4, 0.5, 0.4, 10]
02:00:00:001:0 out_port [7, 1, 1, 0.777136, 0.193228, 36, 0, 0.1, 0.2, 0.3, 11]
02:00:00:003:0 out_port [7, 1, 1, 0.121978, 0.0533311, 20, 0, 0.3, 0.15, 0.2, 2]
02:00:00:003:0 out_port [7, 1, 1, 0.186988, 0.211934, 30, 1, 0.4, 0.4, 0.3, 3]
02:00:00:003:0 out_port [7, 1, 1, 0.140716, 0, 55, 1, 0.5, 0.2, 0.4, 5]
02:00:00:003:0 out_port [7, 1, 1, 0.403325, 0.30793, 40, 1, 0.3, 0.7, 0.2, 8]
02:00:00:003:0 out_port [7, 1, 1, 0.13823, 0, 70, 0, 0.3, 0.7, 0.8, 9]
02:00:00:003:0 out_port [7, 1, 1, 0.194211, 0.766971, 21, 0, 0.6, 0.4, 0.5, 12]
02:00:00:003:0 out_port [7, 1, 1, 0.483256, 0, 43, 0, 0.2, 0.4, 0.2, 14]
02:00:00:003:0 out_port [7, 1, 1, 1.12051, 0, 75, 0, 0.2, 0.3, 0.7, 15]
02:00:00:005:0 out_port [7, 1, 1, 0.470103, 0, 45, 0, 0.1, 0.1, 0.4, 1]
02:00:00:005:0 out_port [7, 1, 1, 1.10476, 0, 65, 0, 0.2, 0.3, 0.3, 4]
02:00:00:005:0 out_port [7, 1, 1, 0.0109734, 0.231621, 28, 0, 0.35, 0.6, 0.7, 13]
02:00:00:005:0 out_port [7, 1, 1, 2.7509, 0, 0, 0, 0, 0, 0, 0]
02:00:00:013:0 out_port [7, 0, 0, 0, 0, 45, 0, 0.1, 0.1, 0.4, 1]
02:00:00:013:0 out_port [7, 0, 0, 0, 0.0533311, 20, 0, 0.3, 0.15, 0.2, 2]
02:00:00:013:0 out_port [7, 0, 0, 0, 0.211934, 30, 1, 0.4, 0.4, 0.3, 3]
02:00:00:013:0 out_port [7, 0, 0, 0, 0, 65, 0, 0.2, 0.3, 0.3, 4]
02:00:00:013:0 out_port [7, 0, 0, 0, 0, 55, 1, 0.5, 0.2, 0.4, 5]
02:00:00:013:0 out_port [7, 0, 0, 0, 0, 35, 0, 0.2, 0.7, 0.1, 6]
02:00:00:013:0 out_port [7, 0, 0, 0, 0.0756043, 18, 0, 0.15, 0.2, 0.3, 7]
02:00:00:013:0 out_port [7, 0, 0, 0, 0.30793, 40, 1, 0.3, 0.7, 0.2, 8]
02:00:00:013:0 out_port [7, 0, 0, 0, 0, 70, 0, 0.3, 0.7, 0.8, 9]
02:00:00:013:0 out_port [7, 0, 0, 0, 0, 50, 1, 0.4, 0.5, 0.4, 10]
02:00:00:013:0 out_port [7, 0, 0, 0, 0.193228, 36, 0, 0.1, 0.2, 0.3, 11]
02:00:00:013:0 out_port [7, 0, 0, 0, 0.766971, 21, 0, 0.6, 0.4, 0.5, 12]
02:00:00:013:0 out_port [7, 0, 0, 0, 0.231621, 28, 0, 0.35, 0.6, 0.7, 13]
02:00:00:013:0 out_port [7, 0, 0, 0, 0, 43, 0, 0.2, 0.4, 0.2, 14]
02:00:00:013:0 out_port [7, 0, 0, 0, 0, 75, 0, 0.2, 0.3, 0.7, 15]
02:00:00:013:0 out_port [7, 0, 0, 0, 0, 0, 0, 0, 0, 0, 0]
02:15:00:001:0 out_port [8, 0, 1, 0.443749, 0.0443749, 35, 0, 0.2, 0.7, 0.1, 6]
02:15:00:001:0 out_port [8, 0, 1, 0.571431, 0.132747, 18, 0, 0.15, 0.2, 0.3, 7]
02:15:00:001:0 out_port [8, 0, 1, 0.345749, 0.0345749, 50, 1, 0.4, 0.5, 0.4, 10]
02:15:00:001:0 out_port [8, 0, 1, 0.613718, 0.2546, 36, 0, 0.1, 0.2, 0.3, 11]
02:15:00:003:0 out_port [8, 0, 1, 0.100876, 0.0709844, 20, 0, 0.3, 0.15, 0.2, 2]
02:15:00:003:0 out_port [8, 0, 1, 0.194274, 0.245932, 30, 1, 0.4, 0.4, 0.3, 3]
02:15:00:003:0 out_port [8, 0, 1, 0.227875, 0.0398781, 55, 1, 0.5, 0.2, 0.4, 5]
02:15:00:003:0 out_port [8, 0, 1, 0.373323, 0.373261, 40, 1, 0.3, 0.7, 0.2, 8]
02:15:00:003:0 out_port [8, 0, 1, 0.216595, 0.0379041, 70, 0, 0.3, 0.7, 0.8, 9]
02:15:00:003:0 out_port [8, 0, 1, 0.169679, 0.796665, 21, 0, 0.6, 0.4, 0.5, 12]
02:15:00:003:0 out_port [8, 0, 1, 0.433405, 0.0758459, 43, 0, 0.2, 0.4, 0.2, 14]
02:15:00:003:0 out_port [8, 0, 1, 1.19002, 0.208253, 75, 0, 0.2, 0.3, 0.7, 15]
02:15:00:005:0 out_port [8, 0, 1, 0.484915, 0.0848602, 45, 0, 0.1, 0.1, 0.4, 1]
02:15:00:005:0 out_port [8, 0, 1, 1.1237, 0.196648, 65, 0, 0.2, 0.3, 0.3, 4]
02:15:00:005:0 out_port [8, 0, 1, 0.0257161, 0.236121, 28, 0, 0.35, 0.6, 0.7, 13]
02:15:00:005:0 out_port [8, 0, 1, 2.86195, 0.500841, 0, 0, 0, 0, 0, 0]
02:15:00:013:0 out_port [8, 0, 0, 0, 0.0848602, 45, 0, 0.1, 0.1, 0.4, 1]
02:15:00:013:0 out_port [8, 0, 0, 0, 0.0709844, 20, 0, 0.3, 0.15, 0.2, 2]
02:15:00:013:0 out_port [8, 0, 0, 0, 0.245932, 30, 1, 0.4, 0.4, 0.3, 3]
02:15:00:013:0 out_port [8, 0, 0, 0, 0.196648, 65, 0, 0.2, 0.3, 0.3, 4]
02:15:00:013:0 out_port [8, 0, 0, 0, 0.0398781, 55, 1, 0.5, 0.2, 0.4, 5]
02:15:00:013:0 out_port [8, 0, 0, 0, 0.0443749, 35, 0, 0.2, 0.7, 0.1, 6]
02:15:00:013:0 out_port [8, 0, 0, 0, 0.132747, 18, 0, 0.15, 0.2, 0.3, 7]
02:15:00:013:0 out_port [8, 0, 0, 0, 0.373261, 40, 1, 0.3, 0.7, 0.2, 8]
02:15:00:013:0 out_port [8, 0, 0, 0, 0.0379041, 70, 0, 0.3, 0.7, 0.8, 9]
02:15:00:013:0 out_port [8, 0, 0, 0, 0.0345749, 50, 1, 0.4, 0.5, 0.4, 10]
02:15:00:013:0 out_port [8, 0, 0, 0, 0.2546, 36, 0, 0.1, 0.2, 0.3, 11]
02:15:00:013:0 out_port [8, 0, 0, 0, 0.796665, 21, 0, 0.6, 0.4, 0.5, 12]
02:15:00:013:0 out_port [8, 0, 0, 0, 0.236121, 28, 0, 0.35, 0.6, 0.7, 13]
02:15:00:013:0 out_port [8, 0, 0, 0, 0.0758459, 43, 0, 0.2, 0.4, 0.2, 14]
02:15:00:013:0 out_port [8, 0, 0, 0, 0.208253, 75, 0, 0.2, 0.3, 0.7, 15]
02:15:00:013:0 out_port [8, 0, 0, 0, 0.500841, 0, 0, 0, 0, 0, 0]
02:30:00:001:0 out_port [9, 1, 1, 0.709453, 0, 35, 0, 0.2, 0.7, 0.1, 6]
02:30:00:001:0 out_port [9, 1, 1, 0.787941, 0.0539532, 18, 0, 0.15, 0.2, 0.3, 7]
02:30:00:001:0 out_port [9, 1, 1, 0.614393, 0, 50, 1, 0.4, 0.5, 0.4, 10]
02:30:00:001:0 out_port [9, 1, 1, 0.758386, 0.178761, 36, 0, 0.1, 0.2, 0.3, 11]
02:30:00:003:0 out_port [9, 1, 1, 0.1168, 0.0505444, 20, 0, 0.3, 0.15, 0.2, 2]
02:30:00:003:0 out_port [9, 1, 1, 0.169901, 0.2162, 30, 1, 0.4, 0.4, 0.3, 3]
02:30:00:003:0 out_port [9, 1, 1, 0.172036, 0.00977179, 55, 1, 0.5, 0.2, 0.4, 5]
02:30:00:003:0 out_port [9, 1, 1, 0.416497, 0.300375, 40, 1, 0.3, 0.7, 0.2, 8]
02:30:00:003:0 out_port [9, 1, 1, 0.164864, 0.00905296, 70, 0, 0.3, 0.7, 0.8, 9]
02:30:00:003:0 out_port [9, 1, 1, 0.204065, 0.760954, 21, 0, 0.6, 0.4, 0.5, 12]
02:30:00:003:0 out_port [9, 1, 1, 0.462371, 0, 43, 0, 0.2, 0.4, 0.2, 14]
02:30:00:003:0 out_port [9, 1, 1, 1.02602, 0.0286997, 75, 0, 0.2, 0.3, 0.7, 15]
02:30:00:005:0 out_port [9, 1, 1, 0.459729, 0.00440753, 45, 0, 0.1, 0.1, 0.4, 1]
02:30:00:005:0 out_port [9, 1, 1, 0.992751, 0.0229169, 65, 0, 0.2, 0.3, 0.3, 4]
02:30:00:005:0 out_port [9, 1, 1, 0.0166984, 0.233199, 28, 0, 0.35, 0.6, 0.7, 13]
02:30:00:005:0 out_port [9, 1, 1, 3.05308, 0, 0, 0, 0, 0, 0, 0]
02:30:00:013:0 out_port [9, 0, 0, 0, 0.00440753, 45, 0, 0.1, 0.1, 0.4, 1]
02:30:00:013:0 out_port [9, 0, 0, 0, 0.0505444, 20, 0, 0.3, 0.15, 0.2, 2]
02:30:00:013:0 out_port [9, 0, 0, 0, 0.2162, 30, 1, 0.4, 0.4, 0.3, 3]
02:30:00:013:0 out_port [9, 0, 0, 0, 0.0229169, 65, 0, 0.2, 0.3, 0.3, 4]
02:30:00:013:0 out_port [9, 0, 0, 0, 0.00977179, 55, 1, 0.5, 0.2, 0.4, 5]
02:30:00:013:0 out_port [9, 0, 0, 0, 0, 35, 0, 0.2, 0.7, 0.1, 6]
02:30:00:013:0 out_port [9, 0, 0, 0, 0.0539532, 18, 0, 0.15, 0.2, 0.3, 7]
02:30:00:013:0 out_port [9, 0, 0, 0, 0.300375, 40, 1, 0.3, 0.7, 0.2, 8]
02:30:00:013:0 out_port [9, 0, 0, 0, 0.00905296, 70, 0, 0.3, 0.7, 0.8, 9]
02:30:00:013:0 out_port [9, 0, 0, 0, 0, 50, 1, 0.4, 0.5, 0.4, 10]
02:30:00:013:0 out_port [9, 0, 0, 0, 0.178761, 36, 0, 0.1, 0.2, 0.3, 11]
02:30:00:013:0 out_port [9, 0, 0, 0, 0.760954, 21, 0, 0.6, 0.4, 0.5, 12]
02:30:00:013:0 out_port [9, 0, 0, 0, 0.233199, 28, 0, 0.35, 0.6, 0.7, 13]
02:30:00:013:0 out_port [9, 0, 0, 0, 0, 43, 0, 0.2, 0.4, 0.2, 14]
02:30:00:013:0 out_port [9, 0, 0, 0, 0.0286997, 75, 0, 0.2, 0.3, 0.7, 15]
02:30:00:013:0 out_port [9, 0, 0, 0, 0, 0, 0, 0, 0, 0, 0]
02:45:00:001:0 out_port [10, 0, 1, 0.46264, 0.046264, 35, 0, 0.2, 0.7, 0.1, 6]
02:45:00:001:0 out_port [10, 0, 1, 0.583826, 0.112336, 18, 0, 0.15, 0.2, 0.3, 7]
02:45:00:001:0 out_port [10, 0, 1, 0.36464, 0.036464, 50, 1, 0.4, 0.5, 0.4, 10]
02:45:00:001:0 out_port [10, 0, 1, 0.628268, 0.241588, 36, 0, 0.1, 0.2, 0.3, 11]
02:45:00:003:0 out_port [10, 0, 1, 0.10746, 0.0693498, 20, 0, 0.3, 0.15, 0.2, 2]
02:45:00:003:0 out_port [10, 0, 1, 0.181947, 0.24804, 30, 1, 0.4, 0.4, 0.3, 3]
02:45:00:003:0 out_port [10, 0, 1, 0.219367, 0.0481611, 55, 1, 0.5, 0.2, 0.4, 5]
02:45:00:003:0 out_port [10, 0, 1, 0.378558, 0.366622, 40, 1, 0.3, 0.7, 0.2, 8]
02:45:00:003:0 out_port [10, 0, 1, 0.208519, 0.0455437, 70, 0, 0.3, 0.7, 0.8, 9]
02:45:00:003:0 out_port [10, 0, 1, 0.170966, 0.790873, 21, 0, 0.6, 0.4, 0.5, 12]
02:45:00:003:0 out_port [10, 0, 1, 0.43605, 0.0763087, 43, 0, 0.2, 0.4, 0.2, 14]
02:45:00:003:0 out_port [10, 0, 1, 1.16208, 0.232064, 75, 0, 0.2, 0.3, 0.7, 15]
02:45:00:005:0 out_port [10, 0, 1, 0.479973, 0.0884029, 45, 0, 0.1, 0.1, 0.4, 1]
02:45:00:005:0 out_port [10, 0, 1, 1.11368, 0.217812, 65, 0, 0.2, 0.3, 0.3, 4]
02:45:00:005:0 out_port [10, 0, 1, 0.0255758, 0.237675, 28, 0, 0.35, 0.6, 0.7, 13]
02:45:00:005:0 out_port [10, 0, 1, 2.88182, 0.504319, 0, 0, 0, 0, 0, 0]
02:45:00:013:0 out_port [10, 0, 0, 0, 0.0884029, 45, 0, 0.1, 0.1, 0.4, 1]
02:45:00:013:0 out_port [10, 0, 0, 0, 0.0693498, 20, 0, 0.3, 0.15, 0.2, 2]
02:45:00:013:0 out_port [10, 0, 0, 0, 0.24804, 30, 1, 0.4, 0.4, 0.3, 3]
02:45:00:013:0 out_port [10, 0, 0, 0, 0.217812, 65, 0, 0.2, 0.3, 0.3, 4]
02:45:00:013:0 out_port [10, 0, 0, 0, 0.0481611, 55, 1, 0.5, 0.2, 0.4, 5]
02:45:00:013:0 out_port [10, 0, 0, 0, 0.046264, 35, 0, 0.2, 0.7, 0.1, 6]
02:45:00:013:0 out_port [10, 0, 0, 0, 0.112336, 18, 0, 0.15, 0.2, 0.3, 7]
02:45:00:013:0 out_port [10, 0, 0, 0, 0.366622, 40, 1, 0.3, 0.7, 0.2, 8]
02:45:00:013:0 out_port [10, 0, 0, 0, 0.0455437, 70, 0, 0.3, 0.7, 0.8, 9]
02:45:00:013:0 out_port [10, 0, 0, 0, 0.036464, 50, 1, 0.4, 0.5, 0.4, 10]
02:45:00:013:0 out_port [10, 0, 0, 0, 0.241588, 36, 0, 0.1, 0.2, 0.3, 11]
02:45:00:013:0 out_port [10, 0, 0, 0, 0.790873, 21, 0, 0.6, 0.4, 0.5, 12]
02:45:00:013:0 out_port [10, 0, 0, 0, 0.237675, 28, 0, 0.35, 0.6, 0.7, 13]
02:45:00:013:0 out_port [10, 0, 0, 0, 0.0763087, 43, 0, 0.2, 0.4, 0.2, 14]
02:45:00:013:0 out_port [10, 0, 0, 0, 0.232064, 75, 0, 0.2, 0.3, 0.7, 15]
02:45:00:013:0 out_port [10, 0, 0, 0, 0.504319, 0, 0, 0, 0, 0, 0]
03:00:00:001:0 out_port [11, 1, 1, 0.766125, 0, 35, 0, 0.2, 0.7, 0.1, 6]
03:00:00:001:0 out_port [11, 1, 1, 0.851303, 0.0272055, 18, 0, 0.15, 0.2, 0.3, 7]
03:00:00:001:0 out_port [11, 1, 1, 0.671065, 0, 50, 1, 0.4, 0.5, 0.4, 10]
03:00:00:001:0 out_port [11, 1, 1, 0.819527, 0.159635, 36, 0, 0.1, 0.2, 0.3, 11]
03:00:00:003:0 out_port [11, 1, 1, 0.129115, 0.0467547, 20, 0, 0.3, 0.15, 0.2, 2]
03:00:00:003:0 out_port [11, 1, 1, 0.16526, 0.21912, 30, 1, 0.4, 0.4, 0.3, 3]
03:00:00:003:0 out_port [11, 1, 1, 0.165672, 0.0191685, 55, 1, 0.5, 0.2, 0.4, 5]
03:00:00:003:0 out_port [11, 1, 1, 0.415889, 0.293842, 40, 1, 0.3, 0.7, 0.2, 8]
03:00:00:003:0 out_port [11, 1, 1, 0.158113, 0.0178739, 70, 0, 0.3, 0.7, 0.8, 9]
03:00:00:003:0 out_port [11, 1, 1, 0.199837, 0.755901, 21, 0, 0.6, 0.4, 0.5, 12]
03:00:00:003:0 out_port [11, 1, 1, 0.473428, 0, 43, 0, 0.2, 0.4, 0.2, 14]
03:00:00:003:0 out_port [11, 1, 1, 1.03955, 0.0501421, 75, 0, 0.2, 0.3, 0.7, 15]
03:00:00:005:0 out_port [11, 1, 1, 0.461666, 0.00761135, 45, 0, 0.1, 0.1, 0.4, 1]
03:00:00:005:0 out_port [11, 1, 1, 0.982733, 0.0458335, 65, 0, 0.2, 0.3, 0.3, 4]
03:00:00:005:0 out_port [11, 1, 1, 0.0154192, 0.234976, 28, 0, 0.35, 0.6, 0.7, 13]
03:00:00:005:0 out_port [11, 1, 1, 3.0396, 0, 0, 0, 0, 0, 0, 0]
03:00:00:013:0 out_port [11, 0, 0, 0, 0.00761135, 45, 0, 0.1, 0.1, 0.4, 1]
03:00:00:013:0 out_port [11, 0, 0, 0, 0.0467547, 20, 0, 0.3, 0.15, 0.2, 2]
03:00:00:013:0 out_port [11, 0, 0, 0, 0.21912, 30, 1, 0.4, 0.4, 0.3, 3]
03:00:00:013:0 out_port [11, 0, 0, 0, 0.0458335, 65, 0, 0.2, 0.3, 0.3, 4]
03:00:00:013:0 out_port [11, 0, 0, 0, 0.0191685, 55, 1, 0.5, 0.2, 0.4, 5]
03:00:00:013:0 out_port [11, 0, 0, 0, 0, 35, 0, 0.2, 0.7, 0.1, 6]
03:00:00:013:0 out_port [11, 0, 0, 0, 0.0272055, 18, 0, 0.15, 0.2, 0.3, 7]
03:00:00:013:0 out_port [11, 0, 0, 0, 0.293842, 40, 1, 0.3, 0.7, 0.2, 8]
03:00:00:013:0 out_port [11, 0, 0, 0, 0.0178739, 70, 0, 0.3, 0.7, 0.8, 9]
03:00:00:013:0 out_port [11, 0, 0, 0, 0, 50, 1, 0.4, 0.5, 0.4, 10]
03:00:00:013:0 out_port [11, 0, 0, 0, 0.159635, 36, 0, 0.1, 0.2, 0.3, 11]
03:00:00:013:0 out_port [11, 0, 0, 0, 0.755901, 21, 0, 0.6, 0.4, 0.5, 12]
03:00:00:013:0 out_port [11, 0, 0, 0, 0.234976, 28, 0, 0.35, 0.6, 0.7, 13]
03:00:00:013:0 out_port [11, 0, 0, 0, 0, 43, 0, 0.2, 0.4, 0.2, 14]
03:00:00:013:0 out_port [11, 0, 0, 0, 0.0501421, 75, 0, 0.2, 0.3, 0.7, 15]
03:00:00:013:0 out_port [11, 0, 0, 0, 0, 0, 0, 0, 0, 0, 0]
03:15:00:001:0 out_port [12, 0, 1, 0.436376, 0.0436376, 35, 0, 0.2, 0.7, 0.1, 6]
03:15:00:001:0 out_port [12, 0, 1, 0.549537, 0.0821592, 18, 0, 0.15, 0.2, 0.3, 7]
03:15:00:001:0 out_port [12, 0, 1, 0.338376, 0.0338376, 50, 1, 0.4, 0.5, 0.4, 10]
03:15:00:001:0 out_port [12, 0, 1, 0.596266, 0.219262, 36, 0, 0.1, 0.2, 0.3, 11]
03:15:00:003:0 out_port [12, 0, 1, 0.102905, 0.0647631, 20, 0, 0.3, 0.15, 0.2, 2]
03:15:00:003:0 out_port [12, 0, 1, 0.155231, 0.246285, 30, 1, 0.4, 0.4, 0.3, 3]
03:15:00:003:0 out_port [12, 0, 1, 0.217406, 0.0572146, 55, 1, 0.5, 0.2, 0.4, 5]
03:15:00:003:0 out_port [12, 0, 1, 0.399602, 0.363772, 40, 1, 0.3, 0.7, 0.2, 8]
03:15:00:003:0 out_port [12, 0, 1, 0.206903, 0.0540819, 70, 0, 0.3, 0.7, 0.8, 9]
03:15:00:003:0 out_port [12, 0, 1, 0.18773, 0.788754, 21, 0, 0.6, 0.4, 0.5, 12]
03:15:00:003:0 out_port [12, 0, 1, 0.432373, 0.0756652, 43, 0, 0.2, 0.4, 0.2, 14]
03:15:00:003:0 out_port [12, 0, 1, 1.14222, 0.25003, 75, 0, 0.2, 0.3, 0.7, 15]
03:15:00:005:0 out_port [12, 0, 1, 0.47621, 0.0909481, 45, 0, 0.1, 0.1, 0.4, 1]
03:15:00:005:0 out_port [12, 0, 1, 1.10422, 0.239073, 65, 0, 0.2, 0.3, 0.3, 4]
03:15:00:005:0 out_port [12, 0, 1, 0.0233879, 0.239069, 28, 0, 0.35, 0.6, 0.7, 13]
03:15:00:005:0 out_port [12, 0, 1, 2.89657, 0.506901, 0, 0, 0, 0, 0, 0]
03:15:00:013:0 out_port [12, 0, 0, 0, 0.0909481, 45, 0, 0.1, 0.1, 0.4, 1]
03:15:00:013:0 out_port [12, 0, 0, 0, 0.0647631, 20, 0, 0.3, 0.15, 0.2, 2]
03:15:00:013:0 out_port [12, 0, 0, 0, 0.246285, 30, 1, 0.4, 0.4, 0.3, 3]
03:15:00:013:0 out_port [12, 0, 0, 0, 0.239073, 65, 0, 0.2, 0.3, 0.3, 4]
03:15:00:013:0 out_port [12, 0, 0, 0, 0.0572146, 55, 1, 0.5, 0.2, 0.4, 5]
03:15:00:013:0 out_port [12, 0, 0, 0, 0.0436376, 35, 0, 0.2, 0.7, 0.1, 6]
03:15:00:013:0 out_port [12, 0, 0, 0, 0.0821592, 18, 0, 0.15, 0.2, 0.3, 7]
03:15:00:013:0 out_port [12, 0, 0, 0, 0.363772, 40, 1, 0.3, 0.7, 0.2, 8]
03:15:00:013:0 out_port [12, 0, 0, 0, 0.0540819, 70, 0, 0.3, 0.7, 0.8, 9]
03:15:00:013:0 out_port [12, 0, 0, 0, 0.0338376, 50, 1, 0.4, 0.5, 0.4, 10]
03:15:00:013:0 out_port [12, 0, 0, 0, 0.219262, 36, 0, 0.1, 0.2, 0.3, 11]
03:15:00:013:0 out_port [12, 0, 0, 0, 0.788754, 21, 0, 0.6, 0.4, 0.5, 12]
03:15:00:013:0 out_port [12, 0, 0, 0, 0.239069, 28, 0, 0.35, 0.6, 0.7, 13]
03:15:00:013:0 out_port [12, 0, 0, 0, 0.0756652, 43, 0, 0.2, 0.4, 0.2, 14]
03:15:00:013:0 out_port [12, 0, 0, 0, 0.25003, 75, 0, 0.2, 0.3, 0.7, 15]
03:15:00:013:0 out_port [12, 0, 0, 0, 0.506901, 0, 0, 0, 0, 0, 0]
03:30:00:001:0 out_port [13, 0, 1, 0.462654, 0.089903, 35, 0, 0.2, 0.7, 0.1, 6]
03:30:00:001:0 out_port [13, 0, 1, 0.579211, 0.14008, 18, 0, 0.15, 0.2, 0.3, 7]
03:30:00:001:0 out_port [13, 0, 1, 0.361714, 0.070009, 50, 1, 0.4, 0.5, 0.4, 10]
03:30:00:001:0 out_port [13, 0, 1, 0.627342, 0.281996, 36, 0, 0.1, 0.2, 0.3, 11]
03:30:00:003:0 out_port [13, 0, 1, 0.0949469, 0.0813788, 20, 0, 0.3, 0.15, 0.2, 2]
03:30:00:003:0 out_port [13, 0, 1, 0.179619, 0.277719, 30, 1, 0.4, 0.4, 0.3, 3]
03:30:00:003:0 out_port [13, 0, 1, 0.217082, 0.095204, 55, 1, 0.5, 0.2, 0.4, 5]
03:30:00:003:0 out_port [13, 0, 1, 0.400873, 0.433925, 40, 1, 0.3, 0.7, 0.2, 8]
03:30:00:003:0 out_port [13, 0, 1, 0.202213, 0.0894693, 70, 0, 0.3, 0.7, 0.8, 9]
03:30:00:003:0 out_port [13, 0, 1, 0.163587, 0.817382, 21, 0, 0.6, 0.4, 0.5, 12]
03:30:00:003:0 out_port [13, 0, 1, 0.453949, 0.155106, 43, 0, 0.2, 0.4, 0.2, 14]
03:30:00:003:0 out_port [13, 0, 1, 1.05371, 0.43443, 75, 0, 0.2, 0.3, 0.7, 15]
03:30:00:005:0 out_port [13, 0, 1, 0.449252, 0.169567, 45, 0, 0.1, 0.1, 0.4, 1]
03:30:00:005:0 out_port [13, 0, 1, 1.00226, 0.414469, 65, 0, 0.2, 0.3, 0.3, 4]
03:30:00:005:0 out_port [13, 0, 1, 0.0729122, 0.251829, 28, 0, 0.35, 0.6, 0.7, 13]
03:30:00:005:0 out_port [13, 0, 1, 2.80774, 0.998255, 0, 0, 0, 0, 0, 0]
03:30:00:013:0 out_port [13, 0, 0, 0, 0.169567, 45, 0, 0.1, 0.1, 0.4, 1]
03:30:00:013:0 out_port [13, 0, 0, 0, 0.0813788, 20, 0, 0.3, 0.15, 0.2, 2]
03:30:00:013:0 out_port [13, 0, 0, 0, 0.277719, 30, 1, 0.4, 0.4, 0.3, 3]
03:30:00:013:0 out_port [13, 0, 0, 0, 0.414469, 65, 0, 0.2, 0.3, 0.3, 4]
03:30:00:013:0 out_port [13, 0, 0, 0, 0.095204, 55, 1, 0.5, 0.2, 0.4, 5]
03:30:00:013:0 out_port [13, 0, 0, 0, 0.089903, 35, 0, 0.2, 0.7, 0.1, 6]
03:30:00:013:0 out_port [13, 0, 0, 0, 0.14008, 18, 0, 0.15, 0.2, 0.3, 7]
03:30:00:013:0 out_port [13, 0, 0, 0, 0.433925, 40, 1, 0.3, 0.7, 0.2, 8]
03:30:00:013:0 out_port [13, 0, 0, 0, 0.0894693, 70, 0, 0.3, 0.7, 0.8, 9]
03:30:00:013:0 out_port [13, 0, 0, 0, 0.070009, 50, 1, 0.4, 0.5, 0.4, 10]
03:30:00:013:0 out_port [13, 0, 0, 0, 0.281996, 36, 0, 0.1, 0.2, 0.3, 11]
03:30:00:013:0 out_port [13, 0, 0, 0, 0.817382, 21, 0, 0.6, 0.4, 0.5, 12]
03:30:00:013:0 out_port [13, 0, 0, 0, 0.251829, 28, 0, 0.35, 0.6, 0.7, 13]
03:30:00:013:0 out_port [13, 0, 0, 0, 0.155106, 43, 0, 0.2, 0.4, 0.2, 14]
03:30:00:013:0 out_port [13, 0, 0, 0, 0.43443, 75, 0, 0.2, 0.3, 0.7, 15]
03:30:00:013:0 out_port [13, 0, 0, 0, 0.998255, 0, 0, 0, 0, 0, 0]
03:45:00:001:0 out_port [14, 1, 1, 0.674948, 0.0224082, 35, 0, 0.2, 0.7, 0.1, 6]
03:45:00:001:0 out_port [14, 1, 1, 0.764895, 0.0635908, 18, 0, 0.15, 0.2, 0.3, 7]
03:45:00:001:0 out_port [14, 1, 1, 0.582917, 0.0117173, 50, 1, 0.4, 0.5, 0.4, 10]
03:45:00:001:0 out_port [14, 1, 1, 0.72932, 0.209064, 36, 0, 0.1, 0.2, 0.3, 11]
03:45:00:003:0 out_port [14, 1, 1, 0.117107, 0.060885, 20, 0, 0.3, 0.15, 0.2, 2]
03:45:00:003:0 out_port [14, 1, 1, 0.152002, 0.251118, 30, 1, 0.4, 0.4, 0.3, 3]
03:45:00:003:0 out_port [14, 1, 1, 0.198688, 0.0604336, 55, 1, 0.5, 0.2, 0.4, 5]
03:45:00:003:0 out_port [14, 1, 1, 0.451721, 0.354873, 40, 1, 0.3, 0.7, 0.2, 8]
03:45:00:003:0 out_port [14, 1, 1, 0.195068, 0.0553324, 70, 0, 0.3, 0.7, 0.8, 9]
03:45:00:003:0 out_port [14, 1, 1, 0.204127, 0.78166, 21, 0, 0.6, 0.4, 0.5, 12]
03:45:00:003:0 out_port [14, 1, 1, 0.41555, 0.0823851, 43, 0, 0.2, 0.4, 0.2, 14]
03:45:00:003:0 out_port [14, 1, 1, 1.14936, 0.233293, 75, 0, 0.2, 0.3, 0.7, 15]
03:45:00:005:0 out_port [14, 1, 1, 0.504288, 0.0813169, 45, 0, 0.1, 0.1, 0.4, 1]
03:45:00:005:0 out_port [14, 1, 1, 1.08261, 0.225012, 65, 0, 0.2, 0.3, 0.3, 4]
03:45:00:005:0 out_port [14, 1, 1, 0.0139438, 0.249389, 28, 0, 0.35, 0.6, 0.7, 13]
03:45:00:005:0 out_port [14, 1, 1, 3.20411, 0.437536, 0, 0, 0, 0, 0, 0]
03:45:00:013:0 out_port [14, 0, 0, 0, 0.0813169, 45, 0, 0.1, 0.1, 0.4, 1]
03:45:00:013:0 out_port [14, 0, 0, 0, 0.060885, 20, 0, 0.3, 0.15, 0.2, 2]
03:45:00:013:0 out_port [14, 0, 0, 0, 0.251118, 30, 1, 0.4, 0.4, 0.3, 3]
03:45:00:013:0 out_port [14, 0, 0, 0, 0.225012, 65, 0, 0.2, 0.3, 0.3, 4]
03:45:00:013:0 out_port [14, 0, 0, 0, 0.0604336, 55, 1, 0.5, 0.2, 0.4, 5]
03:45:00:013:0 out_port [14, 0, 0, 0, 0.0224082, 35, 0, 0.2, 0.7, 0.1, 6]
03:45:00:013:0 out_port [14, 0, 0, 0, 0.0635908, 18, 0, 0.15, 0.2, 0.3, 7]
03:45:00:013:0 out_port [14, 0, 0, 0, 0.354873, 40, 1, 0.3, 0.7, 0.2, 8]
03:45:00:013:0 out_port [14, 0, 0, 0, 0.0553324, 70, 0, 0.3, 0.7, 0.8, 9]
03:45:00:013:0 out_port [14, 0, 0, 0, 0.0117173, 50, 1, 0.4, 0.5, 0.4, 10]
03:45:00:013:0 out_port [14, 0, 0, 0, 0.209064, 36, 0, 0.1, 0.2, 0.3, 11]
03:45:00:013:0 out_port [14, 0, 0, 0, 0.78166, 21, 0, 0.6, 0.4, 0.5, 12]
03:45:00:013:0 out_port [14, 0, 0, 0, 0.249389, 28, 0, 0.35, 0.6, 0.7, 13]
03:45:00:013:0 out_port [14, 0, 0, 0, 0.0823851, 43, 0, 0.2, 0.4, 0.2, 14]
03:45:00:013:0 out_port [14, 0, 0, 0, 0.233293, 75, 0, 0.2, 0.3, 0.7, 15]
03:45:00:013:0 out_port [14, 0, 0, 0, 0.437536, 0, 0, 0, 0, 0, 0]
04:00:00:001:0 out_port [15, 1, 1, 0.727563, 0, 35, 0, 0.2, 0.7, 0.1, 6]
04:00:00:001:0 out_port [15, 1, 1, 0.820209, 0, 18, 0, 0.15, 0.2, 0.3, 7]
04:00:00:001:0 out_port [15, 1, 1, 0.632771, 0, 50, 1, 0.4, 0.5, 0.4, 10]
04:00:00:001:0 out_port [15, 1, 1, 0.783567, 0.130707, 36, 0, 0.1, 0.2, 0.3, 11]
04:00:00:003:0 out_port [15, 1, 1, 0.126482, 0.0387507, 20, 0, 0.3, 0.15, 0.2, 2]
04:00:00:003:0 out_port [15, 1, 1, 0.140871, 0.226466, 30, 1, 0.4, 0.4, 0.3, 3]
04:00:00:003:0 out_port [15, 1, 1, 0.180747, 0.0288028, 55, 1, 0.5, 0.2, 0.4, 5]
04:00:00:003:0 out_port [15, 1, 1, 0.431382, 0.279382, 40, 1, 0.3, 0.7, 0.2, 8]
04:00:00:003:0 out_port [15, 1, 1, 0.171645, 0.0252945, 70, 0, 0.3, 0.7, 0.8, 9]
04:00:00:003:0 out_port [15, 1, 1, 0.218858, 0.74336, 21, 0, 0.6, 0.4, 0.5, 12]
04:00:00:003:0 out_port [15, 1, 1, 0.462123, 0.00151353, 43, 0, 0.2, 0.4, 0.2, 14]
04:00:00:003:0 out_port [15, 1, 1, 1.06484, 0.046946, 75, 0, 0.2, 0.3, 0.7, 15]
04:00:00:005:0 out_port [15, 1, 1, 0.462743, 0.000336779, 45, 0, 0.1, 0.1, 0.4, 1]
04:00:00:005:0 out_port [15, 1, 1, 0.987698, 0.0521651, 65, 0, 0.2, 0.3, 0.3, 4]
04:00:00:005:0 out_port [15, 1, 1, 0.0238004, 0.245224, 28, 0, 0.35, 0.6, 0.7, 13]
04:00:00:005:0 out_port [15, 1, 1, 2.99639, 0, 0, 0, 0, 0, 0, 0]
04:00:00:013:0 out_port [15, 0, 0, 0, 0.000336779, 45, 0, 0.1, 0.1, 0.4, 1]
04:00:00:013:0 out_port [15, 0, 0, 0, 0.0387507, 20, 0, 0.3, 0.15, 0.2, 2]
04:00:00:013:0 out_port [15, 0, 0, 0, 0.226466, 30, 1, 0.4, 0.4, 0.3, 3]
04:00:00:013:0 out_port [15, 0, 0, 0, 0.0521651, 65, 0, 0.2, 0.3, 0.3, 4]
04:00:00:013:0 out_port [15, 0, 0, 0, 0.0288028, 55, 1, 0.5, 0.2, 0.4, 5]
04:00:00:013:0 out_port [15, 0, 0, 0, 0, 35, 0, 0.2, 0.7, 0.1, 6]
04:00:00:013:0 out_port [15, 0, 0, 0, 0, 18, 0, 0.15, 0.2, 0.3, 7]
04:00:00:013:0 out_port [15, 0, 0, 0, 0.279382, 40, 1, 0.3, 0.7, 0.2, 8]
04:00:00:013:0 out_port [15, 0, 0, 0, 0.0252945, 70, 0, 0.3, 0.7, 0.8, 9]
04:00:00:013:0 out_port [15, 0, 0, 0, 0, 50, 1, 0.4, 0.5, 0.4, 10]
04:00:00:013:0 out_port [15, 0, 0, 0, 0.130707, 36, 0, 0.1, 0.2, 0.3, 11]
04:00:00:013:0 out_port [15, 0, 0, 0, 0.74336, 21, 0, 0.6, 0.4, 0.5, 12]
04:00:00:013:0 out_port [15, 0, 0, 0, 0.245224, 28, 0, 0.35, 0.6, 0.7, 13]
04:00:00:013:0 out_port [15, 0, 0, 0, 0.00151353, 43, 0, 0.2, 0.4, 0.2, 14]
04:00:00:013:0 out_port [15, 0, 0, 0, 0.046946, 75, 0, 0.2, 0.3, 0.7, 15]
04:00:00:013:0 out_port [15, 0, 0, 0, 0, 0, 0, 0, 0, 0, 0]
04:15:00:001:0 out_port [16, 1, 1, 0.76864, 0, 35, 0, 0.2, 0.7, 0.1, 6]
04:15:00:001:0 out_port [16, 1, 1, 0.87364, 0, 18, 0, 0.15, 0.2, 0.3, 7]
04:15:00:001:0 out_port [16, 1, 1, 0.67064, 0, 50, 1, 0.4, 0.5, 0.4, 10]
04:15:00:001:0 out_port [16, 1, 1, 0.841428, 0.0465645, 36, 0, 0.1, 0.2, 0.3, 11]
04:15:00:003:0 out_port [16, 1, 1, 0.147978, 0.0128546, 20, 0, 0.3, 0.15, 0.2, 2]
04:15:00:003:0 out_port [16, 1, 1, 0.166349, 0.197355, 30, 1, 0.4, 0.4, 0.3, 3]
04:15:00:003:0 out_port [16, 1, 1, 0.153554, 0.00193093, 55, 1, 0.5, 0.2, 0.4, 5]
04:15:00:003:0 out_port [16, 1, 1, 0.375401, 0.213686, 40, 1, 0.3, 0.7, 0.2, 8]
04:15:00:003:0 out_port [16, 1, 1, 0.146049, 0, 70, 0, 0.3, 0.7, 0.8, 9]
04:15:00:003:0 out_port [16, 1, 1, 0.234791, 0.702271, 21, 0, 0.6, 0.4, 0.5, 12]
04:15:00:003:0 out_port [16, 1, 1, 0.51822, 0, 43, 0, 0.2, 0.4, 0.2, 14]
04:15:00:003:0 out_port [16, 1, 1, 0.991943, 0, 75, 0, 0.2, 0.3, 0.7, 15]
04:15:00:005:0 out_port [16, 1, 1, 0.440415, 0, 45, 0, 0.1, 0.1, 0.4, 1]
04:15:00:005:0 out_port [16, 1, 1, 1.06884, 0, 65, 0, 0.2, 0.3, 0.3, 4]
04:15:00:005:0 out_port [16, 1, 1, 0.0109901, 0.2433, 28, 0, 0.35, 0.6, 0.7, 13]
04:15:00:005:0 out_port [16, 1, 1, 2.77661, 0, 0, 0, 0, 0, 0, 0]
04:15:00:013:0 out_port [16, 0, 0, 0, 0, 45, 0, 0.1, 0.1, 0.4, 1]
04:15:00:013:0 out_port [16, 0, 0, 0, 0.0128546, 20, 0, 0.3, 0.15, 0.2, 2]
04:15:00:013:0 out_port [16, 0, 0, 0, 0.197355, 30, 1, 0.4, 0.4, 0.3, 3]
04:15:00:013:0 out_port [16, 0, 0, 0, 0, 65, 0, 0.2, 0.3, 0.3, 4]
04:15:00:013:0 out_port [16, 0, 0, 0, 0.00193093, 55, 1, 0.5, 0.2, 0.4, 5]
04:15:00:013:0 out_port [16, 0, 0, 0, 0, 35, 0, 0.2, 0.7, 0.1, 6]
04:15:00:013:0 out_port [16, 0, 0, 0, 0, 18, 0, 0.15, 0.2, 0.3, 7]
04:15:00:013:0 out_port [16, 0, 0, 0, 0.213686, 40, 1, 0.3, 0.7, 0.2, 8]
04:15:00:013:0 out_port [16, 0, 0, 0, 0, 70, 0, 0.3, 0.7, 0.8, 9]
04:15:00:013:0 out_port [16, 0, 0, 0, 0, 50, 1, 0.4, 0.5, 0.4, 10]
04:15:00:013:0 out_port [16, 0, 0, 0, 0.0465645, 36, 0, 0.1, 0.2, 0.3, 11]
04:15:00:013:0 out_port [16, 0, 0, 0, 0.702271, 21, 0, 0.6, 0.4, 0.5, 12]
04:15:00:013:0 out_port [16, 0, 0, 0, 0.2433, 28, 0, 0.35, 0.6, 0.7, 13]
04:15:00:013:0 out_port [16, 0, 0, 0, 0, 43, 0, 0.2, 0.4, 0.2, 14]
04:15:00:013:0 out_port [16, 0, 0, 0, 0, 75, 0, 0.2, 0.3, 0.7, 15]
04:15:00:013:0 out_port [16, 0, 0, 0, 0, 0, 0, 0, 0, 0, 0]
04:30:00:001:0 out_port [17, 1, 1, 0.767477, 0, 35, 0, 0.2, 0.7, 0.1, 6]
04:30:00:001:0 out_port [17, 1, 1, 0.872477, 0, 18, 0, 0.15, 0.2, 0.3, 7]
04:30:00:001:0 out_port [17, 1, 1, 0.669477, 0, 50, 1, 0.4, 0.5, 0.4, 10]
04:30:00:001:0 out_port [17, 1, 1, 0.865508, 0, 36, 0, 0.1, 0.2, 0.3, 11]
04:30:00:003:0 out_port [17, 1, 1, 0.163283, 0, 20, 0, 0.3, 0.15, 0.2, 2]
04:30:00:003:0 out_port [17, 1, 1, 0.183583, 0.165228, 30, 1, 0.4, 0.4, 0.3, 3]
04:30:00:003:0 out_port [17, 1, 1, 0.137663, 0, 55, 1, 0.5, 0.2, 0.4, 5]
04:30:00:003:0 out_port [17, 1, 1, 0.336216, 0.154849, 40, 1, 0.3, 0.7, 0.2, 8]
04:30:00:003:0 out_port [17, 1, 1, 0.131105, 0, 70, 0, 0.3, 0.7, 0.8, 9]
04:30:00:003:0 out_port [17, 1, 1, 0.233261, 0.66145, 21, 0, 0.6, 0.4, 0.5, 12]
04:30:00:003:0 out_port [17, 1, 1, 0.518895, 0, 43, 0, 0.2, 0.4, 0.2, 14]
04:30:00:003:0 out_port [17, 1, 1, 0.986898, 0, 75, 0, 0.2, 0.3, 0.7, 15]
04:30:00:005:0 out_port [17, 1, 1, 0.429843, 0, 45, 0, 0.1, 0.1, 0.4, 1]
04:30:00:005:0 out_port [17, 1, 1, 1.07742, 0, 65, 0, 0.2, 0.3, 0.3, 4]
04:30:00:005:0 out_port [17, 1, 1, 0.00970104, 0.241603, 28, 0, 0.35, 0.6, 0.7, 13]
04:30:00:005:0 out_port [17, 1, 1, 2.77762, 0, 0, 0, 0, 0, 0, 0]
04:30:00:013:0 out_port [17, 0, 0, 0, 0, 45, 0, 0.1, 0.1, 0.4, 1]
04:30:00:013:0 out_port [17, 0, 0, 0, 0, 20, 0, 0.3, 0.15, 0.2, 2]
04:30:00:013:0 out_port [17, 0, 0, 0, 0.165228, 30, 1, 0.4, 0.4, 0.3, 3]
04:30:00:013:0 out_port [17, 0, 0, 0, 0, 65, 0, 0.2, 0.3, 0.3, 4]
04:30:00:013:0 out_port [17, 0, 0, 0, 0, 55, 1, 0.5, 0.2, 0.4, 5]
04:30:00:013:0 out_port [17, 0, 0, 0, 0, 35, 0, 0.2, 0.7, 0.1, 6]
04:30:00:013:0 out_port [17, 0, 0, 0, 0, 18, 0, 0.15, 0.2, 0.3, 7]
04:30:00:013:0 out_port [17, 0, 0, 0, 0.154849, 40, 1, 0.3, 0.7, 0.2, 8]
04:30:00:013:0 out_port [17, 0, 0, 0, 0, 70, 0, 0.3, 0.7, 0.8, 9]
04:30:00:013:0 out_port [17, 0, 0, 0, 0, 50, 1, 0.4, 0.5, 0.4, 10]
04:30:00:013:0 out_port [17, 0, 0, 0, 0, 36, 0, 0.1, 0.2, 0.3, 11]
04:30:00:013:0 out_port [17, 0, 0, 0, 0.66145, 21, 0, 0.6, 0.4, 0.5, 12]
04:30:00:013:0 out_port [17, 0, 0, 0, 0.241603, 28, 0, 0.35, 0.6, 0.7, 13]
04:30:00:013:0 out_port [17, 0, 0, 0, 0, 43, 0, 0.2, 0.4, 0.2, 14]
04:30:00:013:0 out_port [17, 0, 0, 0, 0, 75, 0, 0.2, 0.3, 0.7, 15]
04:30:00:013:0 out_port [17, 0, 0, 0, 0, 0, 0, 0, 0, 0, 0]
04:45:00:001:0 out_port [18, 0, 1, 0.459378, 0.0459378, 35, 0, 0.2, 0.7, 0.1, 6]
04:45:00:001:0 out_port [18, 0, 1, 0.564378, 0.0564378, 18, 0, 0.15, 0.2, 0.3, 7]
04:45:00:001:0 out_port [18, 0, 1, 0.361378, 0.0361378, 50, 1, 0.4, 0.5, 0.4, 10]
04:45:00:001:0 out_port [18, 0, 1, 0.571378, 0.0571378, 36, 0, 0.1, 0.2, 0.3, 11]
04:45:00:003:0 out_port [18, 0, 1, 0.081813, 0.0143173, 20, 0, 0.3, 0.15, 0.2, 2]
04:45:00:003:0 out_port [18, 0, 1, 0.175102, 0.195871, 30, 1, 0.4, 0.4, 0.3, 3]
04:45:00:003:0 out_port [18, 0, 1, 0.225687, 0.0394952, 55, 1, 0.5, 0.2, 0.4, 5]
04:45:00:003:0 out_port [18, 0, 1, 0.328671, 0.212366, 40, 1, 0.3, 0.7, 0.2, 8]
04:45:00:003:0 out_port [18, 0, 1, 0.214407, 0.0375212, 70, 0, 0.3, 0.7, 0.8, 9]
04:45:00:003:0 out_port [18, 0, 1, 0.233312, 0.70228, 21, 0, 0.6, 0.4, 0.5, 12]
04:45:00:003:0 out_port [18, 0, 1, 0.435593, 0.0762288, 43, 0, 0.2, 0.4, 0.2, 14]
04:45:00:003:0 out_port [18, 0, 1, 1.08001, 0.189001, 75, 0, 0.2, 0.3, 0.7, 15]
04:45:00:005:0 out_port [18, 0, 1, 0.454728, 0.0795774, 45, 0, 0.1, 0.1, 0.4, 1]
04:45:00:005:0 out_port [18, 0, 1, 1.0975, 0.192063, 65, 0, 0.2, 0.3, 0.3, 4]
04:45:00:005:0 out_port [18, 0, 1, 0.0203943, 0.245172, 28, 0, 0.35, 0.6, 0.7, 13]
04:45:00:005:0 out_port [18, 0, 1, 2.8724, 0.50267, 0, 0, 0, 0, 0, 0]
04:45:00:013:0 out_port [18, 0, 0, 0, 0.0795774, 45, 0, 0.1, 0.1, 0.4, 1]
04:45:00:013:0 out_port [18, 0, 0, 0, 0.0143173, 20, 0, 0.3, 0.15, 0.2, 2]
04:45:00:013:0 out_port [18, 0, 0, 0, 0.195871, 30, 1, 0.4, 0.4, 0.3, 3]
04:45:00:013:0 out_port [18, 0, 0, 0, 0.192063, 65, 0, 0.2, 0.3, 0.3, 4]
04:45:00:013:0 out_port [18, 0, 0, 0, 0.0394952, 55, 1, 0.5, 0.2, 0.4, 5]
04:45:00:013:0 out_port [18, 0, 0, 0, 0.0459378, 35, 0, 0.2, 0.7, 0.1, 6]
04:45:00:013:0 out_port [18, 0, 0, 0, 0.0564378, 18, 0, 0.15, 0.2, 0.3, 7]
04:45:00:013:0 out_port [18, 0, 0, 0, 0.212366, 40, 1, 0.3, 0.7, 0.2, 8]
04:45:00:013:0 out_port [18, 0, 0, 0, 0.0375212, 70, 0, 0.3, 0.7, 0.8, 9]
04:45:00:013:0 out_port [18, 0, 0, 0, 0.0361378, 50, 1, 0.4, 0.5, 0.4, 10]
04:45:00:013:0 out_port [18, 0, 0, 0, 0.0571378, 36, 0, 0.1, 0.2, 0.3, 11]
04:45:00:013:0 out_port [18, 0, 0, 0, 0.70228, 21, 0, 0.6, 0.4, 0.5, 12]
04:45:00:013:0 out_port [18, 0, 0, 0, 0.245172, 28, 0, 0.35, 0.6, 0.7, 13]
04:45:00:013:0 out_port [18, 0, 0, 0, 0.0762288, 43, 0, 0.2, 0.4, 0.2, 14]
04:45:00:013:0 out_port [18, 0, 0, 0, 0.189001, 75, 0, 0.2, 0.3, 0.7, 15]
04:45:00:013:0 out_port [18, 0, 0, 0, 0.50267, 0, 0, 0, 0, 0, 0]
05:00:00:001:0 out_port [19, 1, 1, 0.671598, 0, 35, 0, 0.2, 0.7, 0.1, 6]
05:00:00:001:0 out_port [19, 1, 1, 0.773448, 0, 18, 0, 0.15, 0.2, 0.3, 7]
05:00:00:001:0 out_port [19, 1, 1, 0.576538, 0, 50, 1, 0.4, 0.5, 0.4, 10]
05:00:00:001:0 out_port [19, 1, 1, 0.780238, 0, 36, 0, 0.1, 0.2, 0.3, 11]
05:00:00:003:0 out_port [19, 1, 1, 0.143229, 0, 20, 0, 0.3, 0.15, 0.2, 2]
05:00:00:003:0 out_port [19, 1, 1, 0.164667, 0.167054, 30, 1, 0.4, 0.4, 0.3, 3]
05:00:00:003:0 out_port [19, 1, 1, 0.179378, 0.00810415, 55, 1, 0.5, 0.2, 0.4, 5]
05:00:00:003:0 out_port [19, 1, 1, 0.35523, 0.150201, 40, 1, 0.3, 0.7, 0.2, 8]
05:00:00:003:0 out_port [19, 1, 1, 0.172205, 0.00738532, 70, 0, 0.3, 0.7, 0.8, 9]
05:00:00:003:0 out_port [19, 1, 1, 0.25032, 0.658474, 21, 0, 0.6, 0.4, 0.5, 12]
05:00:00:003:0 out_port [19, 1, 1, 0.45457, 0, 43, 0, 0.2, 0.4, 0.2, 14]
05:00:00:003:0 out_port [19, 1, 1, 1.11735, 0, 75, 0, 0.2, 0.3, 0.7, 15]
05:00:00:005:0 out_port [19, 1, 1, 0.481601, 0, 45, 0, 0.1, 0.1, 0.4, 1]
05:00:00:005:0 out_port [19, 1, 1, 0.997072, 0.0175753, 65, 0, 0.2, 0.3, 0.3, 4]
05:00:00:005:0 out_port [19, 1, 1, 0.0236889, 0.241026, 28, 0, 0.35, 0.6, 0.7, 13]
05:00:00:005:0 out_port [19, 1, 1, 3.05313, 0, 0, 0, 0, 0, 0, 0]
05:00:00:013:0 out_port [19, 0, 0, 0, 0, 45, 0, 0.1, 0.1, 0.4, 1]
05:00:00:013:0 out_port [19, 0, 0, 0, 0, 20, 0, 0.3, 0.15, 0.2, 2]
05:00:00:013:0 out_port [19, 0, 0, 0, 0.167054, 30, 1, 0.4, 0.4, 0.3, 3]
05:00:00:013:0 out_port [19, 0, 0, 0, 0.0175753, 65, 0, 0.2, 0.3, 0.3, 4]
05:00:00:013:0 out_port [19, 0, 0, 0, 0.00810415, 55, 1, 0.5, 0.2, 0.4, 5]
05:00:00:013:0 out_port [19, 0, 0, 0, 0, 35, 0, 0.2, 0.7, 0.1, 6]
05:00:00:013:0 out_port [19, 0, 0, 0, 0, 18, 0, 0.15, 0.2, 0.3, 7]
05:00:00:013:0 out_port [19, 0, 0, 0, 0.150201, 40, 1, 0.3, 0.7, 0.2, 8]
05:00:00:013:0 out_port [19, 0, 0, 0, 0.00738532, 70, 0, 0.3, 0.7, 0.8, 9]
05:00:00:013:0 out_port [19, 0, 0, 0, 0, 50, 1, 0.4, 0.5, 0.4, 10]
05:00:00:013:0 out_port [19, 0, 0, 0, 0, 36, 0, 0.1, 0.2, 0.3, 11]
05:00:00:013:0 out_port [19, 0, 0, 0, 0.658474, 21, 0, 0.6, 0.4, 0.5, 12]
05:00:00:013:0 out_port [19, 0, 0, 0, 0.241026, 28, 0, 0.35, 0.6, 0.7, 13]
05:00:00:013:0 out_port [19, 0, 0, 0, 0, 43, 0, 0.2, 0.4, 0.2, 14]
05:00:00:013:0 out_port [19, 0, 0, 0, 0, 75, 0, 0.2, 0.3, 0.7, 15]
05:00:00:013:0 out_port [19, 0, 0, 0, 0, 0, 0, 0, 0, 0, 0]
