[logfiles]
ParallelRoot : fakeNewsPropagation-3.log00 
top : fakeNewsPropagation-3.log19 
fakenewsgenerator : fakeNewsPropagation-3.log01 
population : fakeNewsPropagation-3.log02 
population(0,0) : fakeNewsPropagation-3.log03 
population(0,1) : fakeNewsPropagation-3.log04 
population(0,2) : fakeNewsPropagation-3.log05 
population(0,3) : fakeNewsPropagation-3.log06 
population(1,0) : fakeNewsPropagation-3.log07 
population(1,1) : fakeNewsPropagation-3.log08 
population(1,2) : fakeNewsPropagation-3.log09 
population(1,3) : fakeNewsPropagation-3.log10 
population(2,0) : fakeNewsPropagation-3.log11 
population(2,1) : fakeNewsPropagation-3.log12 
population(2,2) : fakeNewsPropagation-3.log13 
population(2,3) : fakeNewsPropagation-3.log14 
population(3,0) : fakeNewsPropagation-3.log15 
population(3,1) : fakeNewsPropagation-3.log16 
population(3,2) : fakeNewsPropagation-3.log17 
population(3,3) : fakeNewsPropagation-3.log18 
