00:00:00:000:0 out_port [0, 0, 0, 0, 0, 45, 0, 0.1, 0.1, 0.4, 1]
00:00:00:000:0 out_port [0, 0, 0, 0, 0.2, 20, 0, 0.3, 0.15, 0.2, 2]
00:00:00:000:0 out_port [0, 0, 0, 0, 0.5, 30, 1, 0.4, 0.4, 0.3, 3]
00:00:00:000:0 out_port [0, 0, 0, 0, 0.7, 65, 0, 0.2, 0.3, 0.3, 4]
00:00:00:000:0 out_port [0, 0, 0, 0, 0.1, 55, 1, 0.5, 0.2, 0.4, 5]
00:00:00:000:0 out_port [0, 0, 0, 0, 0.3, 35, 0, 0.2, 0.7, 0.1, 6]
00:00:00:000:0 out_port [0, 0, 0, 0, 0.6, 18, 0, 0.15, 0.2, 0.3, 7]
00:00:00:000:0 out_port [0, 0, 0, 0, 0.8, 40, 1, 0.3, 0.7, 0.2, 8]
00:00:00:000:0 out_port [0, 0, 0, 0, 0.2, 70, 0, 0.3, 0.7, 0.8, 9]
00:00:00:000:0 out_port [0, 0, 0, 0, 0.4, 50, 1, 0.4, 0.5, 0.4, 10]
00:00:00:000:0 out_port [0, 0, 0, 0, 0.7, 36, 0, 0.1, 0.2, 0.3, 11]
00:00:00:000:0 out_port [0, 0, 0, 0, 0.9, 21, 0, 0.6, 0.4, 0.5, 12]
00:00:00:000:0 out_port [0, 0, 0, 0, 0.3, 28, 0, 0.35, 0.6, 0.7, 13]
00:00:00:000:0 out_port [0, 0, 0, 0, 0.5, 43, 0, 0.2, 0.4, 0.2, 14]
00:00:00:000:0 out_port [0, 0, 0, 0, 0.8, 75, 0, 0.2, 0.3, 0.7, 15]
00:00:00:000:0 out_port [0, 0, 0, 0, 0, 0, 0, 0, 0, 0, 0]
00:30:00:001:0 out_port [1, 1, 1, 0.884645, 0, 45, 0, 0.1, 0.1, 0.4, 1]
00:30:00:001:0 out_port [1, 1, 1, 0.761645, 0.123836, 20, 0, 0.3, 0.15, 0.2, 2]
00:30:00:001:0 out_port [1, 1, 1, 0.496645, 0.450336, 30, 1, 0.4, 0.4, 0.3, 3]
00:30:00:001:0 out_port [1, 1, 1, 0.618645, 0.638136, 65, 0, 0.2, 0.3, 0.3, 4]
00:30:00:001:0 out_port [1, 1, 1, 0.644645, 0.0355355, 55, 1, 0.5, 0.2, 0.4, 5]
00:30:00:001:0 out_port [1, 1, 1, 0.654645, 0.234536, 35, 0, 0.2, 0.7, 0.1, 6]
00:30:00:001:0 out_port [1, 1, 1, 0.669645, 0.533036, 18, 0, 0.15, 0.2, 0.3, 7]
00:30:00:001:0 out_port [1, 1, 1, 0.364645, 0.763536, 40, 1, 0.3, 0.7, 0.2, 8]
00:30:00:001:0 out_port [1, 1, 1, 0.684645, 0.131536, 70, 0, 0.3, 0.7, 0.8, 9]
00:30:00:001:0 out_port [1, 1, 1, 0.526645, 0.347336, 50, 1, 0.4, 0.5, 0.4, 10]
00:30:00:001:0 out_port [1, 1, 1, 0.646645, 0.635336, 36, 0, 0.1, 0.2, 0.3, 11]
00:30:00:001:0 out_port [1, 1, 1, 0.516645, 0.848336, 21, 0, 0.6, 0.4, 0.5, 12]
00:30:00:001:0 out_port [1, 1, 1, 0.675645, 0.232436, 28, 0, 0.35, 0.6, 0.7, 13]
00:30:00:001:0 out_port [1, 1, 1, 0.650645, 0.434936, 43, 0, 0.2, 0.4, 0.2, 14]
00:30:00:001:0 out_port [1, 1, 1, 0.588645, 0.741136, 75, 0, 0.2, 0.3, 0.7, 15]
00:30:00:001:0 out_port [1, 1, 1, 0.856645, 0, 0, 0, 0, 0, 0, 0]
00:30:00:009:0 out_port [1, 0, 0, 0, 0, 45, 0, 0.1, 0.1, 0.4, 1]
00:30:00:009:0 out_port [1, 0, 0, 0, 0.123836, 20, 0, 0.3, 0.15, 0.2, 2]
00:30:00:009:0 out_port [1, 0, 0, 0, 0.450336, 30, 1, 0.4, 0.4, 0.3, 3]
00:30:00:009:0 out_port [1, 0, 0, 0, 0.638136, 65, 0, 0.2, 0.3, 0.3, 4]
00:30:00:009:0 out_port [1, 0, 0, 0, 0.0355355, 55, 1, 0.5, 0.2, 0.4, 5]
00:30:00:009:0 out_port [1, 0, 0, 0, 0.763536, 40, 1, 0.3, 0.7, 0.2, 8]
00:30:00:009:0 out_port [1, 0, 0, 0, 0.131536, 70, 0, 0.3, 0.7, 0.8, 9]
00:30:00:009:0 out_port [1, 0, 0, 0, 0.848336, 21, 0, 0.6, 0.4, 0.5, 12]
00:30:00:009:0 out_port [1, 0, 0, 0, 0.232436, 28, 0, 0.35, 0.6, 0.7, 13]
00:30:00:009:0 out_port [1, 0, 0, 0, 0.434936, 43, 0, 0.2, 0.4, 0.2, 14]
00:30:00:009:0 out_port [1, 0, 0, 0, 0.741136, 75, 0, 0.2, 0.3, 0.7, 15]
00:30:00:009:0 out_port [1, 0, 0, 0, 0, 0, 0, 0, 0, 0, 0]
00:30:00:011:0 out_port [1, 0, 0, 0, 0.234536, 35, 0, 0.2, 0.7, 0.1, 6]
00:30:00:011:0 out_port [1, 0, 0, 0, 0.533036, 18, 0, 0.15, 0.2, 0.3, 7]
00:30:00:011:0 out_port [1, 0, 0, 0, 0.347336, 50, 1, 0.4, 0.5, 0.4, 10]
00:30:00:011:0 out_port [1, 0, 0, 0, 0.635336, 36, 0, 0.1, 0.2, 0.3, 11]
00:30:00:019:0 out_port [1, 0, 0, 0, 0.234536, 35, 0, 0.2, 0.7, 0.1, 6]
00:30:00:019:0 out_port [1, 0, 0, 0, 0.533036, 18, 0, 0.15, 0.2, 0.3, 7]
00:30:00:019:0 out_port [1, 0, 0, 0, 0.347336, 50, 1, 0.4, 0.5, 0.4, 10]
00:30:00:019:0 out_port [1, 0, 0, 0, 0.635336, 36, 0, 0.1, 0.2, 0.3, 11]
00:45:00:001:0 out_port [2, 1, 1, 0.888252, 0, 45, 0, 0.1, 0.1, 0.4, 1]
00:45:00:001:0 out_port [2, 1, 1, 0.788101, 0.0450254, 20, 0, 0.3, 0.15, 0.2, 2]
00:45:00:001:0 out_port [2, 1, 1, 0.515151, 0.39882, 30, 1, 0.4, 0.4, 0.3, 3]
00:45:00:001:0 out_port [2, 1, 1, 0.640811, 0.574054, 65, 0, 0.2, 0.3, 0.3, 4]
00:45:00:001:0 out_port [2, 1, 1, 0.667591, 0, 55, 1, 0.5, 0.2, 0.4, 5]
00:45:00:001:0 out_port [2, 1, 1, 0.677891, 0.166746, 35, 0, 0.2, 0.7, 0.1, 6]
00:45:00:001:0 out_port [2, 1, 1, 0.693341, 0.463701, 18, 0, 0.15, 0.2, 0.3, 7]
00:45:00:001:0 out_port [2, 1, 1, 0.379191, 0.725616, 40, 1, 0.3, 0.7, 0.2, 8]
00:45:00:001:0 out_port [2, 1, 1, 0.708791, 0.0606564, 70, 0, 0.3, 0.7, 0.8, 9]
00:45:00:001:0 out_port [2, 1, 1, 0.546051, 0.29273, 50, 1, 0.4, 0.5, 0.4, 10]
00:45:00:001:0 out_port [2, 1, 1, 0.669651, 0.56837, 36, 0, 0.1, 0.2, 0.3, 11]
00:45:00:001:0 out_port [2, 1, 1, 0.535751, 0.79476, 21, 0, 0.6, 0.4, 0.5, 12]
00:45:00:001:0 out_port [2, 1, 1, 0.699521, 0.162483, 28, 0, 0.35, 0.6, 0.7, 13]
00:45:00:001:0 out_port [2, 1, 1, 0.673771, 0.367558, 43, 0, 0.2, 0.4, 0.2, 14]
00:45:00:001:0 out_port [2, 1, 1, 0.609911, 0.680144, 75, 0, 0.2, 0.3, 0.7, 15]
00:45:00:001:0 out_port [2, 1, 1, 0.860252, 0, 0, 0, 0, 0, 0, 0]
00:45:00:009:0 out_port [2, 0, 0, 0, 0, 45, 0, 0.1, 0.1, 0.4, 1]
00:45:00:009:0 out_port [2, 0, 0, 0, 0.0450254, 20, 0, 0.3, 0.15, 0.2, 2]
00:45:00:009:0 out_port [2, 0, 0, 0, 0.39882, 30, 1, 0.4, 0.4, 0.3, 3]
00:45:00:009:0 out_port [2, 0, 0, 0, 0.574054, 65, 0, 0.2, 0.3, 0.3, 4]
00:45:00:009:0 out_port [2, 0, 0, 0, 0, 55, 1, 0.5, 0.2, 0.4, 5]
00:45:00:009:0 out_port [2, 0, 0, 0, 0.725616, 40, 1, 0.3, 0.7, 0.2, 8]
00:45:00:009:0 out_port [2, 0, 0, 0, 0.0606564, 70, 0, 0.3, 0.7, 0.8, 9]
00:45:00:009:0 out_port [2, 0, 0, 0, 0.79476, 21, 0, 0.6, 0.4, 0.5, 12]
00:45:00:009:0 out_port [2, 0, 0, 0, 0.162483, 28, 0, 0.35, 0.6, 0.7, 13]
00:45:00:009:0 out_port [2, 0, 0, 0, 0.367558, 43, 0, 0.2, 0.4, 0.2, 14]
00:45:00:009:0 out_port [2, 0, 0, 0, 0.680144, 75, 0, 0.2, 0.3, 0.7, 15]
00:45:00:009:0 out_port [2, 0, 0, 0, 0, 0, 0, 0, 0, 0, 0]
00:45:00:011:0 out_port [2, 0, 0, 0, 0.166746, 35, 0, 0.2, 0.7, 0.1, 6]
00:45:00:011:0 out_port [2, 0, 0, 0, 0.463701, 18, 0, 0.15, 0.2, 0.3, 7]
00:45:00:011:0 out_port [2, 0, 0, 0, 0.29273, 50, 1, 0.4, 0.5, 0.4, 10]
00:45:00:011:0 out_port [2, 0, 0, 0, 0.56837, 36, 0, 0.1, 0.2, 0.3, 11]
00:45:00:019:0 out_port [2, 0, 0, 0, 0.166746, 35, 0, 0.2, 0.7, 0.1, 6]
00:45:00:019:0 out_port [2, 0, 0, 0, 0.463701, 18, 0, 0.15, 0.2, 0.3, 7]
00:45:00:019:0 out_port [2, 0, 0, 0, 0.29273, 50, 1, 0.4, 0.5, 0.4, 10]
00:45:00:019:0 out_port [2, 0, 0, 0, 0.56837, 36, 0, 0.1, 0.2, 0.3, 11]
01:00:00:001:0 out_port [3, 0, 1, 0.602679, 0.0602679, 45, 0, 0.1, 0.1, 0.4, 1]
01:00:00:001:0 out_port [3, 0, 1, 0.553187, 0.100344, 20, 0, 0.3, 0.15, 0.2, 2]
01:00:00:001:0 out_port [3, 0, 1, 0.484325, 0.447253, 30, 1, 0.4, 0.4, 0.3, 3]
01:00:00:001:0 out_port [3, 0, 1, 0.718896, 0.645944, 65, 0, 0.2, 0.3, 0.3, 4]
01:00:00:001:0 out_port [3, 0, 1, 0.392679, 0.0392679, 55, 1, 0.5, 0.2, 0.4, 5]
01:00:00:001:0 out_port [3, 0, 1, 0.512703, 0.218017, 35, 0, 0.2, 0.7, 0.1, 6]
01:00:00:001:0 out_port [3, 0, 1, 0.70679, 0.53438, 18, 0, 0.15, 0.2, 0.3, 7]
01:00:00:001:0 out_port [3, 0, 1, 0.540364, 0.779653, 40, 1, 0.3, 0.7, 0.2, 8]
01:00:00:001:0 out_port [3, 0, 1, 0.480876, 0.108744, 70, 0, 0.3, 0.7, 0.8, 9]
01:00:00:001:0 out_port [3, 0, 1, 0.452498, 0.33798, 50, 1, 0.4, 0.5, 0.4, 10]
01:00:00:001:0 out_port [3, 0, 1, 0.74519, 0.642889, 36, 0, 0.1, 0.2, 0.3, 11]
01:00:00:001:0 out_port [3, 0, 1, 0.743107, 0.869071, 21, 0, 0.6, 0.4, 0.5, 12]
01:00:00:001:0 out_port [3, 0, 1, 0.532424, 0.215726, 28, 0, 0.35, 0.6, 0.7, 13]
01:00:00:001:0 out_port [3, 0, 1, 0.628947, 0.430453, 43, 0, 0.2, 0.4, 0.2, 14]
01:00:00:001:0 out_port [3, 0, 1, 0.750723, 0.755217, 75, 0, 0.2, 0.3, 0.7, 15]
01:00:00:001:0 out_port [3, 0, 1, 0.574679, 0.0574679, 0, 0, 0, 0, 0, 0]
01:00:00:009:0 out_port [3, 0, 0, 0, 0.0602679, 45, 0, 0.1, 0.1, 0.4, 1]
01:00:00:009:0 out_port [3, 0, 0, 0, 0.100344, 20, 0, 0.3, 0.15, 0.2, 2]
01:00:00:009:0 out_port [3, 0, 0, 0, 0.447253, 30, 1, 0.4, 0.4, 0.3, 3]
01:00:00:009:0 out_port [3, 0, 0, 0, 0.645944, 65, 0, 0.2, 0.3, 0.3, 4]
01:00:00:009:0 out_port [3, 0, 0, 0, 0.0392679, 55, 1, 0.5, 0.2, 0.4, 5]
01:00:00:009:0 out_port [3, 0, 0, 0, 0.779653, 40, 1, 0.3, 0.7, 0.2, 8]
01:00:00:009:0 out_port [3, 0, 0, 0, 0.108744, 70, 0, 0.3, 0.7, 0.8, 9]
01:00:00:009:0 out_port [3, 0, 0, 0, 0.869071, 21, 0, 0.6, 0.4, 0.5, 12]
01:00:00:009:0 out_port [3, 0, 0, 0, 0.215726, 28, 0, 0.35, 0.6, 0.7, 13]
01:00:00:009:0 out_port [3, 0, 0, 0, 0.430453, 43, 0, 0.2, 0.4, 0.2, 14]
01:00:00:009:0 out_port [3, 0, 0, 0, 0.755217, 75, 0, 0.2, 0.3, 0.7, 15]
01:00:00:009:0 out_port [3, 0, 0, 0, 0.0574679, 0, 0, 0, 0, 0, 0]
01:00:00:011:0 out_port [3, 0, 0, 0, 0.218017, 35, 0, 0.2, 0.7, 0.1, 6]
01:00:00:011:0 out_port [3, 0, 0, 0, 0.53438, 18, 0, 0.15, 0.2, 0.3, 7]
01:00:00:011:0 out_port [3, 0, 0, 0, 0.33798, 50, 1, 0.4, 0.5, 0.4, 10]
01:00:00:011:0 out_port [3, 0, 0, 0, 0.642889, 36, 0, 0.1, 0.2, 0.3, 11]
01:00:00:019:0 out_port [3, 0, 0, 0, 0.218017, 35, 0, 0.2, 0.7, 0.1, 6]
01:00:00:019:0 out_port [3, 0, 0, 0, 0.53438, 18, 0, 0.15, 0.2, 0.3, 7]
01:00:00:019:0 out_port [3, 0, 0, 0, 0.33798, 50, 1, 0.4, 0.5, 0.4, 10]
01:00:00:019:0 out_port [3, 0, 0, 0, 0.642889, 36, 0, 0.1, 0.2, 0.3, 11]
01:15:00:001:0 out_port [4, 1, 1, 0.901848, 0, 45, 0, 0.1, 0.1, 0.4, 1]
01:15:00:001:0 out_port [4, 1, 1, 0.826825, 0.0176616, 20, 0, 0.3, 0.15, 0.2, 2]
01:15:00:001:0 out_port [4, 1, 1, 0.547752, 0.392478, 30, 1, 0.4, 0.4, 0.3, 3]
01:15:00:001:0 out_port [4, 1, 1, 0.670145, 0.578929, 65, 0, 0.2, 0.3, 0.3, 4]
01:15:00:001:0 out_port [4, 1, 1, 0.698148, 0, 55, 1, 0.5, 0.2, 0.4, 5]
01:15:00:001:0 out_port [4, 1, 1, 0.714523, 0.146564, 35, 0, 0.2, 0.7, 0.1, 6]
01:15:00:001:0 out_port [4, 1, 1, 0.724614, 0.461919, 18, 0, 0.15, 0.2, 0.3, 7]
01:15:00:001:0 out_port [4, 1, 1, 0.406032, 0.73905, 40, 1, 0.3, 0.7, 0.2, 8]
01:15:00:001:0 out_port [4, 1, 1, 0.747305, 0.0340136, 70, 0, 0.3, 0.7, 0.8, 9]
01:15:00:001:0 out_port [4, 1, 1, 0.580534, 0.279927, 50, 1, 0.4, 0.5, 0.4, 10]
01:15:00:001:0 out_port [4, 1, 1, 0.699061, 0.572983, 36, 0, 0.1, 0.2, 0.3, 11]
01:15:00:001:0 out_port [4, 1, 1, 0.561207, 0.81295, 21, 0, 0.6, 0.4, 0.5, 12]
01:15:00:001:0 out_port [4, 1, 1, 0.73621, 0.142105, 28, 0, 0.35, 0.6, 0.7, 13]
01:15:00:001:0 out_port [4, 1, 1, 0.706792, 0.359774, 43, 0, 0.2, 0.4, 0.2, 14]
01:15:00:001:0 out_port [4, 1, 1, 0.637363, 0.69148, 75, 0, 0.2, 0.3, 0.7, 15]
01:15:00:001:0 out_port [4, 1, 1, 0.874688, 0, 0, 0, 0, 0, 0, 0]
01:15:00:009:0 out_port [4, 0, 0, 0, 0, 45, 0, 0.1, 0.1, 0.4, 1]
01:15:00:009:0 out_port [4, 0, 0, 0, 0.0176616, 20, 0, 0.3, 0.15, 0.2, 2]
01:15:00:009:0 out_port [4, 0, 0, 0, 0.392478, 30, 1, 0.4, 0.4, 0.3, 3]
01:15:00:009:0 out_port [4, 0, 0, 0, 0.578929, 65, 0, 0.2, 0.3, 0.3, 4]
01:15:00:009:0 out_port [4, 0, 0, 0, 0, 55, 1, 0.5, 0.2, 0.4, 5]
01:15:00:009:0 out_port [4, 0, 0, 0, 0.73905, 40, 1, 0.3, 0.7, 0.2, 8]
01:15:00:009:0 out_port [4, 0, 0, 0, 0.0340136, 70, 0, 0.3, 0.7, 0.8, 9]
01:15:00:009:0 out_port [4, 0, 0, 0, 0.81295, 21, 0, 0.6, 0.4, 0.5, 12]
01:15:00:009:0 out_port [4, 0, 0, 0, 0.142105, 28, 0, 0.35, 0.6, 0.7, 13]
01:15:00:009:0 out_port [4, 0, 0, 0, 0.359774, 43, 0, 0.2, 0.4, 0.2, 14]
01:15:00:009:0 out_port [4, 0, 0, 0, 0.69148, 75, 0, 0.2, 0.3, 0.7, 15]
01:15:00:009:0 out_port [4, 0, 0, 0, 0, 0, 0, 0, 0, 0, 0]
01:15:00:011:0 out_port [4, 0, 0, 0, 0.146564, 35, 0, 0.2, 0.7, 0.1, 6]
01:15:00:011:0 out_port [4, 0, 0, 0, 0.461919, 18, 0, 0.15, 0.2, 0.3, 7]
01:15:00:011:0 out_port [4, 0, 0, 0, 0.279927, 50, 1, 0.4, 0.5, 0.4, 10]
01:15:00:011:0 out_port [4, 0, 0, 0, 0.572983, 36, 0, 0.1, 0.2, 0.3, 11]
01:15:00:019:0 out_port [4, 0, 0, 0, 0.146564, 35, 0, 0.2, 0.7, 0.1, 6]
01:15:00:019:0 out_port [4, 0, 0, 0, 0.461919, 18, 0, 0.15, 0.2, 0.3, 7]
01:15:00:019:0 out_port [4, 0, 0, 0, 0.279927, 50, 1, 0.4, 0.5, 0.4, 10]
01:15:00:019:0 out_port [4, 0, 0, 0, 0.572983, 36, 0, 0.1, 0.2, 0.3, 11]
01:30:00:001:0 out_port [5, 1, 1, 0.879645, 0, 45, 0, 0.1, 0.1, 0.4, 1]
01:30:00:001:0 out_port [5, 1, 1, 0.811347, 0, 20, 0, 0.3, 0.15, 0.2, 2]
01:30:00:001:0 out_port [5, 1, 1, 0.523902, 0.340088, 30, 1, 0.4, 0.4, 0.3, 3]
01:30:00:001:0 out_port [5, 1, 1, 0.649966, 0.513933, 65, 0, 0.2, 0.3, 0.3, 4]
01:30:00:001:0 out_port [5, 1, 1, 0.669645, 0, 55, 1, 0.5, 0.2, 0.4, 5]
01:30:00:001:0 out_port [5, 1, 1, 0.695676, 0.0769969, 35, 0, 0.2, 0.7, 0.1, 6]
01:30:00:001:0 out_port [5, 1, 1, 0.706069, 0.391312, 18, 0, 0.15, 0.2, 0.3, 7]
01:30:00:001:0 out_port [5, 1, 1, 0.37793, 0.701257, 40, 1, 0.3, 0.7, 0.2, 8]
01:30:00:001:0 out_port [5, 1, 1, 0.729441, 0, 70, 0, 0.3, 0.7, 0.8, 9]
01:30:00:001:0 out_port [5, 1, 1, 0.557667, 0.22416, 50, 1, 0.4, 0.5, 0.4, 10]
01:30:00:001:0 out_port [5, 1, 1, 0.67975, 0.505008, 36, 0, 0.1, 0.2, 0.3, 11]
01:30:00:001:0 out_port [5, 1, 1, 0.53776, 0.759175, 21, 0, 0.6, 0.4, 0.5, 12]
01:30:00:001:0 out_port [5, 1, 1, 0.718014, 0.0703035, 28, 0, 0.35, 0.6, 0.7, 13]
01:30:00:001:0 out_port [5, 1, 1, 0.687713, 0.291003, 43, 0, 0.2, 0.4, 0.2, 14]
01:30:00:001:0 out_port [5, 1, 1, 0.616201, 0.62986, 75, 0, 0.2, 0.3, 0.7, 15]
01:30:00:001:0 out_port [5, 1, 1, 0.851645, 0, 0, 0, 0, 0, 0, 0]
01:30:00:009:0 out_port [5, 0, 0, 0, 0, 45, 0, 0.1, 0.1, 0.4, 1]
01:30:00:009:0 out_port [5, 0, 0, 0, 0, 20, 0, 0.3, 0.15, 0.2, 2]
01:30:00:009:0 out_port [5, 0, 0, 0, 0.340088, 30, 1, 0.4, 0.4, 0.3, 3]
01:30:00:009:0 out_port [5, 0, 0, 0, 0.513933, 65, 0, 0.2, 0.3, 0.3, 4]
01:30:00:009:0 out_port [5, 0, 0, 0, 0, 55, 1, 0.5, 0.2, 0.4, 5]
01:30:00:009:0 out_port [5, 0, 0, 0, 0.701257, 40, 1, 0.3, 0.7, 0.2, 8]
01:30:00:009:0 out_port [5, 0, 0, 0, 0, 70, 0, 0.3, 0.7, 0.8, 9]
01:30:00:009:0 out_port [5, 0, 0, 0, 0.759175, 21, 0, 0.6, 0.4, 0.5, 12]
01:30:00:009:0 out_port [5, 0, 0, 0, 0.0703035, 28, 0, 0.35, 0.6, 0.7, 13]
01:30:00:009:0 out_port [5, 0, 0, 0, 0.291003, 43, 0, 0.2, 0.4, 0.2, 14]
01:30:00:009:0 out_port [5, 0, 0, 0, 0.62986, 75, 0, 0.2, 0.3, 0.7, 15]
01:30:00:009:0 out_port [5, 0, 0, 0, 0, 0, 0, 0, 0, 0, 0]
01:30:00:011:0 out_port [5, 0, 0, 0, 0.0769969, 35, 0, 0.2, 0.7, 0.1, 6]
01:30:00:011:0 out_port [5, 0, 0, 0, 0.391312, 18, 0, 0.15, 0.2, 0.3, 7]
01:30:00:011:0 out_port [5, 0, 0, 0, 0.22416, 50, 1, 0.4, 0.5, 0.4, 10]
01:30:00:011:0 out_port [5, 0, 0, 0, 0.505008, 36, 0, 0.1, 0.2, 0.3, 11]
01:30:00:019:0 out_port [5, 0, 0, 0, 0.0769969, 35, 0, 0.2, 0.7, 0.1, 6]
01:30:00:019:0 out_port [5, 0, 0, 0, 0.391312, 18, 0, 0.15, 0.2, 0.3, 7]
01:30:00:019:0 out_port [5, 0, 0, 0, 0.22416, 50, 1, 0.4, 0.5, 0.4, 10]
01:30:00:019:0 out_port [5, 0, 0, 0, 0.505008, 36, 0, 0.1, 0.2, 0.3, 11]
01:45:00:001:0 out_port [6, 0, 1, 0.589172, 0.0589172, 45, 0, 0.1, 0.1, 0.4, 1]
01:45:00:001:0 out_port [6, 0, 1, 0.526172, 0.0526172, 20, 0, 0.3, 0.15, 0.2, 2]
01:45:00:001:0 out_port [6, 0, 1, 0.453198, 0.385407, 30, 1, 0.4, 0.4, 0.3, 3]
01:45:00:001:0 out_port [6, 0, 1, 0.687352, 0.582668, 65, 0, 0.2, 0.3, 0.3, 4]
01:45:00:001:0 out_port [6, 0, 1, 0.379172, 0.0379172, 55, 1, 0.5, 0.2, 0.4, 5]
01:45:00:001:0 out_port [6, 0, 1, 0.472271, 0.124224, 35, 0, 0.2, 0.7, 0.1, 6]
01:45:00:001:0 out_port [6, 0, 1, 0.671566, 0.458469, 18, 0, 0.15, 0.2, 0.3, 7]
01:45:00:001:0 out_port [6, 0, 1, 0.519549, 0.753212, 40, 1, 0.3, 0.7, 0.2, 8]
01:45:00:001:0 out_port [6, 0, 1, 0.449172, 0.0449172, 70, 0, 0.3, 0.7, 0.8, 9]
01:45:00:001:0 out_port [6, 0, 1, 0.41842, 0.266002, 50, 1, 0.4, 0.5, 0.4, 10]
01:45:00:001:0 out_port [6, 0, 1, 0.712675, 0.576276, 36, 0, 0.1, 0.2, 0.3, 11]
01:45:00:001:0 out_port [6, 0, 1, 0.718924, 0.831067, 21, 0, 0.6, 0.4, 0.5, 12]
01:45:00:001:0 out_port [6, 0, 1, 0.491263, 0.11943, 28, 0, 0.35, 0.6, 0.7, 13]
01:45:00:001:0 out_port [6, 0, 1, 0.592473, 0.35025, 43, 0, 0.2, 0.4, 0.2, 14]
01:45:00:001:0 out_port [6, 0, 1, 0.72213, 0.702073, 75, 0, 0.2, 0.3, 0.7, 15]
01:45:00:001:0 out_port [6, 0, 1, 0.561172, 0.0561172, 0, 0, 0, 0, 0, 0]
01:45:00:009:0 out_port [6, 0, 0, 0, 0.0589172, 45, 0, 0.1, 0.1, 0.4, 1]
01:45:00:009:0 out_port [6, 0, 0, 0, 0.0526172, 20, 0, 0.3, 0.15, 0.2, 2]
01:45:00:009:0 out_port [6, 0, 0, 0, 0.385407, 30, 1, 0.4, 0.4, 0.3, 3]
01:45:00:009:0 out_port [6, 0, 0, 0, 0.582668, 65, 0, 0.2, 0.3, 0.3, 4]
01:45:00:009:0 out_port [6, 0, 0, 0, 0.0379172, 55, 1, 0.5, 0.2, 0.4, 5]
01:45:00:009:0 out_port [6, 0, 0, 0, 0.753212, 40, 1, 0.3, 0.7, 0.2, 8]
01:45:00:009:0 out_port [6, 0, 0, 0, 0.0449172, 70, 0, 0.3, 0.7, 0.8, 9]
01:45:00:009:0 out_port [6, 0, 0, 0, 0.831067, 21, 0, 0.6, 0.4, 0.5, 12]
01:45:00:009:0 out_port [6, 0, 0, 0, 0.11943, 28, 0, 0.35, 0.6, 0.7, 13]
01:45:00:009:0 out_port [6, 0, 0, 0, 0.35025, 43, 0, 0.2, 0.4, 0.2, 14]
01:45:00:009:0 out_port [6, 0, 0, 0, 0.702073, 75, 0, 0.2, 0.3, 0.7, 15]
01:45:00:009:0 out_port [6, 0, 0, 0, 0.0561172, 0, 0, 0, 0, 0, 0]
01:45:00:011:0 out_port [6, 0, 0, 0, 0.124224, 35, 0, 0.2, 0.7, 0.1, 6]
01:45:00:011:0 out_port [6, 0, 0, 0, 0.458469, 18, 0, 0.15, 0.2, 0.3, 7]
01:45:00:011:0 out_port [6, 0, 0, 0, 0.266002, 50, 1, 0.4, 0.5, 0.4, 10]
01:45:00:011:0 out_port [6, 0, 0, 0, 0.576276, 36, 0, 0.1, 0.2, 0.3, 11]
01:45:00:019:0 out_port [6, 0, 0, 0, 0.124224, 35, 0, 0.2, 0.7, 0.1, 6]
01:45:00:019:0 out_port [6, 0, 0, 0, 0.458469, 18, 0, 0.15, 0.2, 0.3, 7]
01:45:00:019:0 out_port [6, 0, 0, 0, 0.266002, 50, 1, 0.4, 0.5, 0.4, 10]
01:45:00:019:0 out_port [6, 0, 0, 0, 0.576276, 36, 0, 0.1, 0.2, 0.3, 11]
02:00:00:001:0 out_port [7, 1, 1, 0.853262, 0, 45, 0, 0.1, 0.1, 0.4, 1]
02:00:00:001:0 out_port [7, 1, 1, 0.792152, 0, 20, 0, 0.3, 0.15, 0.2, 2]
02:00:00:001:0 out_port [7, 1, 1, 0.517315, 0.333676, 30, 1, 0.4, 0.4, 0.3, 3]
02:00:00:001:0 out_port [7, 1, 1, 0.640137, 0.518654, 65, 0, 0.2, 0.3, 0.3, 4]
02:00:00:001:0 out_port [7, 1, 1, 0.649562, 0, 55, 1, 0.5, 0.2, 0.4, 5]
02:00:00:001:0 out_port [7, 1, 1, 0.69367, 0.054857, 35, 0, 0.2, 0.7, 0.1, 6]
02:00:00:001:0 out_port [7, 1, 1, 0.698397, 0.388629, 18, 0, 0.15, 0.2, 0.3, 7]
02:00:00:001:0 out_port [7, 1, 1, 0.364974, 0.716714, 40, 1, 0.3, 0.7, 0.2, 8]
02:00:00:001:0 out_port [7, 1, 1, 0.717462, 0, 70, 0, 0.3, 0.7, 0.8, 9]
02:00:00:001:0 out_port [7, 1, 1, 0.553137, 0.210689, 50, 1, 0.4, 0.5, 0.4, 10]
02:00:00:001:0 out_port [7, 1, 1, 0.670054, 0.50927, 36, 0, 0.1, 0.2, 0.3, 11]
02:00:00:001:0 out_port [7, 1, 1, 0.523617, 0.778705, 21, 0, 0.6, 0.4, 0.5, 12]
02:00:00:001:0 out_port [7, 1, 1, 0.716108, 0.0478189, 28, 0, 0.35, 0.6, 0.7, 13]
02:00:00:001:0 out_port [7, 1, 1, 0.681862, 0.282064, 43, 0, 0.2, 0.4, 0.2, 14]
02:00:00:001:0 out_port [7, 1, 1, 0.604315, 0.641642, 75, 0, 0.2, 0.3, 0.7, 15]
02:00:00:001:0 out_port [7, 1, 1, 0.826102, 0, 0, 0, 0, 0, 0, 0]
02:00:00:009:0 out_port [7, 0, 0, 0, 0, 45, 0, 0.1, 0.1, 0.4, 1]
02:00:00:009:0 out_port [7, 0, 0, 0, 0, 20, 0, 0.3, 0.15, 0.2, 2]
02:00:00:009:0 out_port [7, 0, 0, 0, 0.333676, 30, 1, 0.4, 0.4, 0.3, 3]
02:00:00:009:0 out_port [7, 0, 0, 0, 0.518654, 65, 0, 0.2, 0.3, 0.3, 4]
02:00:00:009:0 out_port [7, 0, 0, 0, 0, 55, 1, 0.5, 0.2, 0.4, 5]
02:00:00:009:0 out_port [7, 0, 0, 0, 0.716714, 40, 1, 0.3, 0.7, 0.2, 8]
02:00:00:009:0 out_port [7, 0, 0, 0, 0, 70, 0, 0.3, 0.7, 0.8, 9]
02:00:00:009:0 out_port [7, 0, 0, 0, 0.778705, 21, 0, 0.6, 0.4, 0.5, 12]
02:00:00:009:0 out_port [7, 0, 0, 0, 0.0478189, 28, 0, 0.35, 0.6, 0.7, 13]
02:00:00:009:0 out_port [7, 0, 0, 0, 0.282064, 43, 0, 0.2, 0.4, 0.2, 14]
02:00:00:009:0 out_port [7, 0, 0, 0, 0.641642, 75, 0, 0.2, 0.3, 0.7, 15]
02:00:00:009:0 out_port [7, 0, 0, 0, 0, 0, 0, 0, 0, 0, 0]
02:00:00:011:0 out_port [7, 0, 0, 0, 0.054857, 35, 0, 0.2, 0.7, 0.1, 6]
02:00:00:011:0 out_port [7, 0, 0, 0, 0.388629, 18, 0, 0.15, 0.2, 0.3, 7]
02:00:00:011:0 out_port [7, 0, 0, 0, 0.210689, 50, 1, 0.4, 0.5, 0.4, 10]
02:00:00:011:0 out_port [7, 0, 0, 0, 0.50927, 36, 0, 0.1, 0.2, 0.3, 11]
02:00:00:019:0 out_port [7, 0, 0, 0, 0.054857, 35, 0, 0.2, 0.7, 0.1, 6]
02:00:00:019:0 out_port [7, 0, 0, 0, 0.388629, 18, 0, 0.15, 0.2, 0.3, 7]
02:00:00:019:0 out_port [7, 0, 0, 0, 0.210689, 50, 1, 0.4, 0.5, 0.4, 10]
02:00:00:019:0 out_port [7, 0, 0, 0, 0.50927, 36, 0, 0.1, 0.2, 0.3, 11]
02:15:00:001:0 out_port [8, 0, 1, 0.54686, 0.054686, 45, 0, 0.1, 0.1, 0.4, 1]
02:15:00:001:0 out_port [8, 0, 1, 0.48386, 0.048386, 20, 0, 0.3, 0.15, 0.2, 2]
02:15:00:001:0 out_port [8, 0, 1, 0.408963, 0.374572, 30, 1, 0.4, 0.4, 0.3, 3]
02:15:00:001:0 out_port [8, 0, 1, 0.646457, 0.5833, 65, 0, 0.2, 0.3, 0.3, 4]
02:15:00:001:0 out_port [8, 0, 1, 0.33686, 0.033686, 55, 1, 0.5, 0.2, 0.4, 5]
02:15:00:001:0 out_port [8, 0, 1, 0.423317, 0.0971887, 35, 0, 0.2, 0.7, 0.1, 6]
02:15:00:001:0 out_port [8, 0, 1, 0.628449, 0.451474, 18, 0, 0.15, 0.2, 0.3, 7]
02:15:00:001:0 out_port [8, 0, 1, 0.481874, 0.764902, 40, 1, 0.3, 0.7, 0.2, 8]
02:15:00:001:0 out_port [8, 0, 1, 0.40686, 0.040686, 70, 0, 0.3, 0.7, 0.8, 9]
02:15:00:001:0 out_port [8, 0, 1, 0.372067, 0.247895, 50, 1, 0.4, 0.5, 0.4, 10]
02:15:00:001:0 out_port [8, 0, 1, 0.671641, 0.576434, 36, 0, 0.1, 0.2, 0.3, 11]
02:15:00:001:0 out_port [8, 0, 1, 0.682472, 0.846952, 21, 0, 0.6, 0.4, 0.5, 12]
02:15:00:001:0 out_port [8, 0, 1, 0.442206, 0.0920395, 28, 0, 0.35, 0.6, 0.7, 13]
02:15:00:001:0 out_port [8, 0, 1, 0.547479, 0.336812, 43, 0, 0.2, 0.4, 0.2, 14]
02:15:00:001:0 out_port [8, 0, 1, 0.683353, 0.709977, 75, 0, 0.2, 0.3, 0.7, 15]
02:15:00:001:0 out_port [8, 0, 1, 0.51886, 0.051886, 0, 0, 0, 0, 0, 0]
02:15:00:009:0 out_port [8, 0, 0, 0, 0.054686, 45, 0, 0.1, 0.1, 0.4, 1]
02:15:00:009:0 out_port [8, 0, 0, 0, 0.048386, 20, 0, 0.3, 0.15, 0.2, 2]
02:15:00:009:0 out_port [8, 0, 0, 0, 0.374572, 30, 1, 0.4, 0.4, 0.3, 3]
02:15:00:009:0 out_port [8, 0, 0, 0, 0.5833, 65, 0, 0.2, 0.3, 0.3, 4]
02:15:00:009:0 out_port [8, 0, 0, 0, 0.033686, 55, 1, 0.5, 0.2, 0.4, 5]
02:15:00:009:0 out_port [8, 0, 0, 0, 0.764902, 40, 1, 0.3, 0.7, 0.2, 8]
02:15:00:009:0 out_port [8, 0, 0, 0, 0.040686, 70, 0, 0.3, 0.7, 0.8, 9]
02:15:00:009:0 out_port [8, 0, 0, 0, 0.846952, 21, 0, 0.6, 0.4, 0.5, 12]
02:15:00:009:0 out_port [8, 0, 0, 0, 0.0920395, 28, 0, 0.35, 0.6, 0.7, 13]
02:15:00:009:0 out_port [8, 0, 0, 0, 0.336812, 43, 0, 0.2, 0.4, 0.2, 14]
02:15:00:009:0 out_port [8, 0, 0, 0, 0.709977, 75, 0, 0.2, 0.3, 0.7, 15]
02:15:00:009:0 out_port [8, 0, 0, 0, 0.051886, 0, 0, 0, 0, 0, 0]
02:15:00:011:0 out_port [8, 0, 0, 0, 0.0971887, 35, 0, 0.2, 0.7, 0.1, 6]
02:15:00:011:0 out_port [8, 0, 0, 0, 0.451474, 18, 0, 0.15, 0.2, 0.3, 7]
02:15:00:011:0 out_port [8, 0, 0, 0, 0.247895, 50, 1, 0.4, 0.5, 0.4, 10]
02:15:00:011:0 out_port [8, 0, 0, 0, 0.576434, 36, 0, 0.1, 0.2, 0.3, 11]
02:15:00:019:0 out_port [8, 0, 0, 0, 0.0971887, 35, 0, 0.2, 0.7, 0.1, 6]
02:15:00:019:0 out_port [8, 0, 0, 0, 0.451474, 18, 0, 0.15, 0.2, 0.3, 7]
02:15:00:019:0 out_port [8, 0, 0, 0, 0.247895, 50, 1, 0.4, 0.5, 0.4, 10]
02:15:00:019:0 out_port [8, 0, 0, 0, 0.576434, 36, 0, 0.1, 0.2, 0.3, 11]
02:30:00:001:0 out_port [9, 1, 1, 0.87575, 0, 45, 0, 0.1, 0.1, 0.4, 1]
02:30:00:001:0 out_port [9, 1, 1, 0.81464, 0, 20, 0, 0.3, 0.15, 0.2, 2]
02:30:00:001:0 out_port [9, 1, 1, 0.541784, 0.320394, 30, 1, 0.4, 0.4, 0.3, 3]
02:30:00:001:0 out_port [9, 1, 1, 0.661166, 0.517183, 65, 0, 0.2, 0.3, 0.3, 4]
02:30:00:001:0 out_port [9, 1, 1, 0.67205, 0, 55, 1, 0.5, 0.2, 0.4, 5]
02:30:00:001:0 out_port [9, 1, 1, 0.722999, 0.0248888, 35, 0, 0.2, 0.7, 0.1, 6]
02:30:00:001:0 out_port [9, 1, 1, 0.721714, 0.379302, 18, 0, 0.15, 0.2, 0.3, 7]
02:30:00:001:0 out_port [9, 1, 1, 0.382685, 0.726633, 40, 1, 0.3, 0.7, 0.2, 8]
02:30:00:001:0 out_port [9, 1, 1, 0.73995, 0, 70, 0, 0.3, 0.7, 0.8, 9]
02:30:00:001:0 out_port [9, 1, 1, 0.579787, 0.189916, 50, 1, 0.4, 0.5, 0.4, 10]
02:30:00:001:0 out_port [9, 1, 1, 0.691226, 0.507312, 36, 0, 0.1, 0.2, 0.3, 11]
02:30:00:001:0 out_port [9, 1, 1, 0.54007, 0.792945, 21, 0, 0.6, 0.4, 0.5, 12]
02:30:00:001:0 out_port [9, 1, 1, 0.745544, 0.0174851, 28, 0, 0.35, 0.6, 0.7, 13]
02:30:00:001:0 out_port [9, 1, 1, 0.707112, 0.2661, 43, 0, 0.2, 0.4, 0.2, 14]
02:30:00:001:0 out_port [9, 1, 1, 0.623163, 0.647661, 75, 0, 0.2, 0.3, 0.7, 15]
02:30:00:001:0 out_port [9, 1, 1, 0.84859, 0, 0, 0, 0, 0, 0, 0]
02:30:00:009:0 out_port [9, 0, 0, 0, 0, 45, 0, 0.1, 0.1, 0.4, 1]
02:30:00:009:0 out_port [9, 0, 0, 0, 0, 20, 0, 0.3, 0.15, 0.2, 2]
02:30:00:009:0 out_port [9, 0, 0, 0, 0.320394, 30, 1, 0.4, 0.4, 0.3, 3]
02:30:00:009:0 out_port [9, 0, 0, 0, 0.517183, 65, 0, 0.2, 0.3, 0.3, 4]
02:30:00:009:0 out_port [9, 0, 0, 0, 0, 55, 1, 0.5, 0.2, 0.4, 5]
02:30:00:009:0 out_port [9, 0, 0, 0, 0.726633, 40, 1, 0.3, 0.7, 0.2, 8]
02:30:00:009:0 out_port [9, 0, 0, 0, 0, 70, 0, 0.3, 0.7, 0.8, 9]
02:30:00:009:0 out_port [9, 0, 0, 0, 0.792945, 21, 0, 0.6, 0.4, 0.5, 12]
02:30:00:009:0 out_port [9, 0, 0, 0, 0.0174851, 28, 0, 0.35, 0.6, 0.7, 13]
02:30:00:009:0 out_port [9, 0, 0, 0, 0.2661, 43, 0, 0.2, 0.4, 0.2, 14]
02:30:00:009:0 out_port [9, 0, 0, 0, 0.647661, 75, 0, 0.2, 0.3, 0.7, 15]
02:30:00:009:0 out_port [9, 0, 0, 0, 0, 0, 0, 0, 0, 0, 0]
02:30:00:011:0 out_port [9, 0, 0, 0, 0.0248888, 35, 0, 0.2, 0.7, 0.1, 6]
02:30:00:011:0 out_port [9, 0, 0, 0, 0.379302, 18, 0, 0.15, 0.2, 0.3, 7]
02:30:00:011:0 out_port [9, 0, 0, 0, 0.189916, 50, 1, 0.4, 0.5, 0.4, 10]
02:30:00:011:0 out_port [9, 0, 0, 0, 0.507312, 36, 0, 0.1, 0.2, 0.3, 11]
02:30:00:019:0 out_port [9, 0, 0, 0, 0.0248888, 35, 0, 0.2, 0.7, 0.1, 6]
02:30:00:019:0 out_port [9, 0, 0, 0, 0.379302, 18, 0, 0.15, 0.2, 0.3, 7]
02:30:00:019:0 out_port [9, 0, 0, 0, 0.189916, 50, 1, 0.4, 0.5, 0.4, 10]
02:30:00:019:0 out_port [9, 0, 0, 0, 0.507312, 36, 0, 0.1, 0.2, 0.3, 11]
02:45:00:001:0 out_port [10, 0, 1, 0.64817, 0.064817, 45, 0, 0.1, 0.1, 0.4, 1]
02:45:00:001:0 out_port [10, 0, 1, 0.58517, 0.058517, 20, 0, 0.3, 0.15, 0.2, 2]
02:45:00:001:0 out_port [10, 0, 1, 0.506288, 0.371023, 30, 1, 0.4, 0.4, 0.3, 3]
02:45:00:001:0 out_port [10, 0, 1, 0.747325, 0.591916, 65, 0, 0.2, 0.3, 0.3, 4]
02:45:00:001:0 out_port [10, 0, 1, 0.43817, 0.043817, 55, 1, 0.5, 0.2, 0.4, 5]
02:45:00:001:0 out_port [10, 0, 1, 0.515637, 0.0764524, 35, 0, 0.2, 0.7, 0.1, 6]
02:45:00:001:0 out_port [10, 0, 1, 0.726961, 0.451999, 18, 0, 0.15, 0.2, 0.3, 7]
02:45:00:001:0 out_port [10, 0, 1, 0.58616, 0.785249, 40, 1, 0.3, 0.7, 0.2, 8]
02:45:00:001:0 out_port [10, 0, 1, 0.50817, 0.050817, 70, 0, 0.3, 0.7, 0.8, 9]
02:45:00:001:0 out_port [10, 0, 1, 0.467145, 0.236631, 50, 1, 0.4, 0.5, 0.4, 10]
02:45:00:001:0 out_port [10, 0, 1, 0.772364, 0.584548, 36, 0, 0.1, 0.2, 0.3, 11]
02:45:00:001:0 out_port [10, 0, 1, 0.788054, 0.871751, 21, 0, 0.6, 0.4, 0.5, 12]
02:45:00:001:0 out_port [10, 0, 1, 0.534416, 0.0709267, 28, 0, 0.35, 0.6, 0.7, 13]
02:45:00:001:0 out_port [10, 0, 1, 0.644, 0.3305, 43, 0, 0.2, 0.4, 0.2, 14]
02:45:00:001:0 out_port [10, 0, 1, 0.786468, 0.726308, 75, 0, 0.2, 0.3, 0.7, 15]
02:45:00:001:0 out_port [10, 0, 1, 0.62017, 0.062017, 0, 0, 0, 0, 0, 0]
02:45:00:009:0 out_port [10, 0, 0, 0, 0.064817, 45, 0, 0.1, 0.1, 0.4, 1]
02:45:00:009:0 out_port [10, 0, 0, 0, 0.058517, 20, 0, 0.3, 0.15, 0.2, 2]
02:45:00:009:0 out_port [10, 0, 0, 0, 0.371023, 30, 1, 0.4, 0.4, 0.3, 3]
02:45:00:009:0 out_port [10, 0, 0, 0, 0.591916, 65, 0, 0.2, 0.3, 0.3, 4]
02:45:00:009:0 out_port [10, 0, 0, 0, 0.043817, 55, 1, 0.5, 0.2, 0.4, 5]
02:45:00:009:0 out_port [10, 0, 0, 0, 0.785249, 40, 1, 0.3, 0.7, 0.2, 8]
02:45:00:009:0 out_port [10, 0, 0, 0, 0.050817, 70, 0, 0.3, 0.7, 0.8, 9]
02:45:00:009:0 out_port [10, 0, 0, 0, 0.871751, 21, 0, 0.6, 0.4, 0.5, 12]
02:45:00:009:0 out_port [10, 0, 0, 0, 0.0709267, 28, 0, 0.35, 0.6, 0.7, 13]
02:45:00:009:0 out_port [10, 0, 0, 0, 0.3305, 43, 0, 0.2, 0.4, 0.2, 14]
02:45:00:009:0 out_port [10, 0, 0, 0, 0.726308, 75, 0, 0.2, 0.3, 0.7, 15]
02:45:00:009:0 out_port [10, 0, 0, 0, 0.062017, 0, 0, 0, 0, 0, 0]
02:45:00:011:0 out_port [10, 0, 0, 0, 0.0764524, 35, 0, 0.2, 0.7, 0.1, 6]
02:45:00:011:0 out_port [10, 0, 0, 0, 0.451999, 18, 0, 0.15, 0.2, 0.3, 7]
02:45:00:011:0 out_port [10, 0, 0, 0, 0.236631, 50, 1, 0.4, 0.5, 0.4, 10]
02:45:00:011:0 out_port [10, 0, 0, 0, 0.584548, 36, 0, 0.1, 0.2, 0.3, 11]
02:45:00:019:0 out_port [10, 0, 0, 0, 0.0764524, 35, 0, 0.2, 0.7, 0.1, 6]
02:45:00:019:0 out_port [10, 0, 0, 0, 0.451999, 18, 0, 0.15, 0.2, 0.3, 7]
02:45:00:019:0 out_port [10, 0, 0, 0, 0.236631, 50, 1, 0.4, 0.5, 0.4, 10]
02:45:00:019:0 out_port [10, 0, 0, 0, 0.584548, 36, 0, 0.1, 0.2, 0.3, 11]
03:00:00:001:0 out_port [11, 1, 1, 0.851522, 0, 45, 0, 0.1, 0.1, 0.4, 1]
03:00:00:001:0 out_port [11, 1, 1, 0.790412, 0, 20, 0, 0.3, 0.15, 0.2, 2]
03:00:00:001:0 out_port [11, 1, 1, 0.52166, 0.318857, 30, 1, 0.4, 0.4, 0.3, 3]
03:00:00:001:0 out_port [11, 1, 1, 0.637392, 0.528177, 65, 0, 0.2, 0.3, 0.3, 4]
03:00:00:001:0 out_port [11, 1, 1, 0.647822, 0, 55, 1, 0.5, 0.2, 0.4, 5]
03:00:00:001:0 out_port [11, 1, 1, 0.708031, 0.00564935, 35, 0, 0.2, 0.7, 0.1, 6]
03:00:00:001:0 out_port [11, 1, 1, 0.700367, 0.381962, 18, 0, 0.15, 0.2, 0.3, 7]
03:00:00:001:0 out_port [11, 1, 1, 0.355392, 0.74971, 40, 1, 0.3, 0.7, 0.2, 8]
03:00:00:001:0 out_port [11, 1, 1, 0.715722, 0, 70, 0, 0.3, 0.7, 0.8, 9]
03:00:00:001:0 out_port [11, 1, 1, 0.561977, 0.180433, 50, 1, 0.4, 0.5, 0.4, 10]
03:00:00:001:0 out_port [11, 1, 1, 0.667602, 0.517788, 36, 0, 0.1, 0.2, 0.3, 11]
03:00:00:001:0 out_port [11, 1, 1, 0.511442, 0.820607, 21, 0, 0.6, 0.4, 0.5, 12]
03:00:00:001:0 out_port [11, 1, 1, 0.730689, 0, 28, 0, 0.35, 0.6, 0.7, 13]
03:00:00:001:0 out_port [11, 1, 1, 0.687817, 0.261719, 43, 0, 0.2, 0.4, 0.2, 14]
03:00:00:001:0 out_port [11, 1, 1, 0.597074, 0.6666, 75, 0, 0.2, 0.3, 0.7, 15]
03:00:00:001:0 out_port [11, 1, 1, 0.824362, 0, 0, 0, 0, 0, 0, 0]
03:00:00:009:0 out_port [11, 0, 0, 0, 0, 45, 0, 0.1, 0.1, 0.4, 1]
03:00:00:009:0 out_port [11, 0, 0, 0, 0, 20, 0, 0.3, 0.15, 0.2, 2]
03:00:00:009:0 out_port [11, 0, 0, 0, 0.318857, 30, 1, 0.4, 0.4, 0.3, 3]
03:00:00:009:0 out_port [11, 0, 0, 0, 0.528177, 65, 0, 0.2, 0.3, 0.3, 4]
03:00:00:009:0 out_port [11, 0, 0, 0, 0, 55, 1, 0.5, 0.2, 0.4, 5]
03:00:00:009:0 out_port [11, 0, 0, 0, 0.74971, 40, 1, 0.3, 0.7, 0.2, 8]
03:00:00:009:0 out_port [11, 0, 0, 0, 0, 70, 0, 0.3, 0.7, 0.8, 9]
03:00:00:009:0 out_port [11, 0, 0, 0, 0.820607, 21, 0, 0.6, 0.4, 0.5, 12]
03:00:00:009:0 out_port [11, 0, 0, 0, 0, 28, 0, 0.35, 0.6, 0.7, 13]
03:00:00:009:0 out_port [11, 0, 0, 0, 0.261719, 43, 0, 0.2, 0.4, 0.2, 14]
03:00:00:009:0 out_port [11, 0, 0, 0, 0.6666, 75, 0, 0.2, 0.3, 0.7, 15]
03:00:00:009:0 out_port [11, 0, 0, 0, 0, 0, 0, 0, 0, 0, 0]
03:00:00:011:0 out_port [11, 0, 0, 0, 0.00564935, 35, 0, 0.2, 0.7, 0.1, 6]
03:00:00:011:0 out_port [11, 0, 0, 0, 0.381962, 18, 0, 0.15, 0.2, 0.3, 7]
03:00:00:011:0 out_port [11, 0, 0, 0, 0.180433, 50, 1, 0.4, 0.5, 0.4, 10]
03:00:00:011:0 out_port [11, 0, 0, 0, 0.517788, 36, 0, 0.1, 0.2, 0.3, 11]
03:00:00:019:0 out_port [11, 0, 0, 0, 0.00564935, 35, 0, 0.2, 0.7, 0.1, 6]
03:00:00:019:0 out_port [11, 0, 0, 0, 0.381962, 18, 0, 0.15, 0.2, 0.3, 7]
03:00:00:019:0 out_port [11, 0, 0, 0, 0.180433, 50, 1, 0.4, 0.5, 0.4, 10]
03:00:00:019:0 out_port [11, 0, 0, 0, 0.517788, 36, 0, 0.1, 0.2, 0.3, 11]
03:15:00:001:0 out_port [12, 1, 1, 0.885967, 0, 45, 0, 0.1, 0.1, 0.4, 1]
03:15:00:001:0 out_port [12, 1, 1, 0.822967, 0, 20, 0, 0.3, 0.15, 0.2, 2]
03:15:00:001:0 out_port [12, 1, 1, 0.55231, 0.263626, 30, 1, 0.4, 0.4, 0.3, 3]
03:15:00:001:0 out_port [12, 1, 1, 0.671514, 0.461025, 65, 0, 0.2, 0.3, 0.3, 4]
03:15:00:001:0 out_port [12, 1, 1, 0.675967, 0, 55, 1, 0.5, 0.2, 0.4, 5]
03:15:00:001:0 out_port [12, 1, 1, 0.744273, 0, 35, 0, 0.2, 0.7, 0.1, 6]
03:15:00:001:0 out_port [12, 1, 1, 0.736379, 0.308324, 18, 0, 0.15, 0.2, 0.3, 7]
03:15:00:001:0 out_port [12, 1, 1, 0.381054, 0.711604, 40, 1, 0.3, 0.7, 0.2, 8]
03:15:00:001:0 out_port [12, 1, 1, 0.745967, 0, 70, 0, 0.3, 0.7, 0.8, 9]
03:15:00:001:0 out_port [12, 1, 1, 0.593837, 0.121049, 50, 1, 0.4, 0.5, 0.4, 10]
03:15:00:001:0 out_port [12, 1, 1, 0.702631, 0.447525, 36, 0, 0.1, 0.2, 0.3, 11]
03:15:00:001:0 out_port [12, 1, 1, 0.541785, 0.766428, 21, 0, 0.6, 0.4, 0.5, 12]
03:15:00:001:0 out_port [12, 1, 1, 0.766967, 0, 28, 0, 0.35, 0.6, 0.7, 13]
03:15:00:001:0 out_port [12, 1, 1, 0.723452, 0.189374, 43, 0, 0.2, 0.4, 0.2, 14]
03:15:00:001:0 out_port [12, 1, 1, 0.629987, 0.603601, 75, 0, 0.2, 0.3, 0.7, 15]
03:15:00:001:0 out_port [12, 1, 1, 0.857967, 0, 0, 0, 0, 0, 0, 0]
03:15:00:009:0 out_port [12, 0, 0, 0, 0, 45, 0, 0.1, 0.1, 0.4, 1]
03:15:00:009:0 out_port [12, 0, 0, 0, 0, 20, 0, 0.3, 0.15, 0.2, 2]
03:15:00:009:0 out_port [12, 0, 0, 0, 0.263626, 30, 1, 0.4, 0.4, 0.3, 3]
03:15:00:009:0 out_port [12, 0, 0, 0, 0.461025, 65, 0, 0.2, 0.3, 0.3, 4]
03:15:00:009:0 out_port [12, 0, 0, 0, 0, 55, 1, 0.5, 0.2, 0.4, 5]
03:15:00:009:0 out_port [12, 0, 0, 0, 0.711604, 40, 1, 0.3, 0.7, 0.2, 8]
03:15:00:009:0 out_port [12, 0, 0, 0, 0, 70, 0, 0.3, 0.7, 0.8, 9]
03:15:00:009:0 out_port [12, 0, 0, 0, 0.766428, 21, 0, 0.6, 0.4, 0.5, 12]
03:15:00:009:0 out_port [12, 0, 0, 0, 0, 28, 0, 0.35, 0.6, 0.7, 13]
03:15:00:009:0 out_port [12, 0, 0, 0, 0.189374, 43, 0, 0.2, 0.4, 0.2, 14]
03:15:00:009:0 out_port [12, 0, 0, 0, 0.603601, 75, 0, 0.2, 0.3, 0.7, 15]
03:15:00:009:0 out_port [12, 0, 0, 0, 0, 0, 0, 0, 0, 0, 0]
03:15:00:011:0 out_port [12, 0, 0, 0, 0, 35, 0, 0.2, 0.7, 0.1, 6]
03:15:00:011:0 out_port [12, 0, 0, 0, 0.308324, 18, 0, 0.15, 0.2, 0.3, 7]
03:15:00:011:0 out_port [12, 0, 0, 0, 0.121049, 50, 1, 0.4, 0.5, 0.4, 10]
03:15:00:011:0 out_port [12, 0, 0, 0, 0.447525, 36, 0, 0.1, 0.2, 0.3, 11]
03:15:00:019:0 out_port [12, 0, 0, 0, 0, 35, 0, 0.2, 0.7, 0.1, 6]
03:15:00:019:0 out_port [12, 0, 0, 0, 0.308324, 18, 0, 0.15, 0.2, 0.3, 7]
03:15:00:019:0 out_port [12, 0, 0, 0, 0.121049, 50, 1, 0.4, 0.5, 0.4, 10]
03:15:00:019:0 out_port [12, 0, 0, 0, 0.447525, 36, 0, 0.1, 0.2, 0.3, 11]
03:30:00:001:0 out_port [13, 0, 1, 0.602045, 0.0602045, 45, 0, 0.1, 0.1, 0.4, 1]
03:30:00:001:0 out_port [13, 0, 1, 0.539045, 0.0539045, 20, 0, 0.3, 0.15, 0.2, 2]
03:30:00:001:0 out_port [13, 0, 1, 0.443133, 0.307939, 30, 1, 0.4, 0.4, 0.3, 3]
03:30:00:001:0 out_port [13, 0, 1, 0.684353, 0.529461, 65, 0, 0.2, 0.3, 0.3, 4]
03:30:00:001:0 out_port [13, 0, 1, 0.392045, 0.0392045, 55, 1, 0.5, 0.2, 0.4, 5]
03:30:00:001:0 out_port [13, 0, 1, 0.462045, 0.0462045, 35, 0, 0.2, 0.7, 0.1, 6]
03:30:00:001:0 out_port [13, 0, 1, 0.659542, 0.374278, 18, 0, 0.15, 0.2, 0.3, 7]
03:30:00:001:0 out_port [13, 0, 1, 0.535526, 0.765157, 40, 1, 0.3, 0.7, 0.2, 8]
03:30:00:001:0 out_port [13, 0, 1, 0.462045, 0.0462045, 70, 0, 0.3, 0.7, 0.8, 9]
03:30:00:001:0 out_port [13, 0, 1, 0.40036, 0.161085, 50, 1, 0.4, 0.5, 0.4, 10]
03:30:00:001:0 out_port [13, 0, 1, 0.708303, 0.518355, 36, 0, 0.1, 0.2, 0.3, 11]
03:30:00:001:0 out_port [13, 0, 1, 0.733974, 0.839825, 21, 0, 0.6, 0.4, 0.5, 12]
03:30:00:001:0 out_port [13, 0, 1, 0.483045, 0.0483045, 28, 0, 0.35, 0.6, 0.7, 13]
03:30:00:001:0 out_port [13, 0, 1, 0.574857, 0.246859, 43, 0, 0.2, 0.4, 0.2, 14]
03:30:00:001:0 out_port [13, 0, 1, 0.727126, 0.676314, 75, 0, 0.2, 0.3, 0.7, 15]
03:30:00:001:0 out_port [13, 0, 1, 0.574045, 0.0574045, 0, 0, 0, 0, 0, 0]
03:30:00:009:0 out_port [13, 0, 0, 0, 0.0602045, 45, 0, 0.1, 0.1, 0.4, 1]
03:30:00:009:0 out_port [13, 0, 0, 0, 0.0539045, 20, 0, 0.3, 0.15, 0.2, 2]
03:30:00:009:0 out_port [13, 0, 0, 0, 0.307939, 30, 1, 0.4, 0.4, 0.3, 3]
03:30:00:009:0 out_port [13, 0, 0, 0, 0.529461, 65, 0, 0.2, 0.3, 0.3, 4]
03:30:00:009:0 out_port [13, 0, 0, 0, 0.0392045, 55, 1, 0.5, 0.2, 0.4, 5]
03:30:00:009:0 out_port [13, 0, 0, 0, 0.765157, 40, 1, 0.3, 0.7, 0.2, 8]
03:30:00:009:0 out_port [13, 0, 0, 0, 0.0462045, 70, 0, 0.3, 0.7, 0.8, 9]
03:30:00:009:0 out_port [13, 0, 0, 0, 0.839825, 21, 0, 0.6, 0.4, 0.5, 12]
03:30:00:009:0 out_port [13, 0, 0, 0, 0.0483045, 28, 0, 0.35, 0.6, 0.7, 13]
03:30:00:009:0 out_port [13, 0, 0, 0, 0.246859, 43, 0, 0.2, 0.4, 0.2, 14]
03:30:00:009:0 out_port [13, 0, 0, 0, 0.676314, 75, 0, 0.2, 0.3, 0.7, 15]
03:30:00:009:0 out_port [13, 0, 0, 0, 0.0574045, 0, 0, 0, 0, 0, 0]
03:30:00:011:0 out_port [13, 0, 0, 0, 0.0462045, 35, 0, 0.2, 0.7, 0.1, 6]
03:30:00:011:0 out_port [13, 0, 0, 0, 0.374278, 18, 0, 0.15, 0.2, 0.3, 7]
03:30:00:011:0 out_port [13, 0, 0, 0, 0.161085, 50, 1, 0.4, 0.5, 0.4, 10]
03:30:00:011:0 out_port [13, 0, 0, 0, 0.518355, 36, 0, 0.1, 0.2, 0.3, 11]
03:30:00:019:0 out_port [13, 0, 0, 0, 0.0462045, 35, 0, 0.2, 0.7, 0.1, 6]
03:30:00:019:0 out_port [13, 0, 0, 0, 0.374278, 18, 0, 0.15, 0.2, 0.3, 7]
03:30:00:019:0 out_port [13, 0, 0, 0, 0.161085, 50, 1, 0.4, 0.5, 0.4, 10]
03:30:00:019:0 out_port [13, 0, 0, 0, 0.518355, 36, 0, 0.1, 0.2, 0.3, 11]
03:45:00:001:0 out_port [14, 0, 1, 0.568016, 0.117006, 45, 0, 0.1, 0.1, 0.4, 1]
03:45:00:001:0 out_port [14, 0, 1, 0.503126, 0.104217, 20, 0, 0.3, 0.15, 0.2, 2]
03:45:00:001:0 out_port [14, 0, 1, 0.404337, 0.348373, 30, 1, 0.4, 0.4, 0.3, 3]
03:45:00:001:0 out_port [14, 0, 1, 0.652793, 0.59474, 65, 0, 0.2, 0.3, 0.3, 4]
03:45:00:001:0 out_port [14, 0, 1, 0.351716, 0.0743762, 55, 1, 0.5, 0.2, 0.4, 5]
03:45:00:001:0 out_port [14, 0, 1, 0.423816, 0.0885862, 35, 0, 0.2, 0.7, 0.1, 6]
03:45:00:001:0 out_port [14, 0, 1, 0.627239, 0.437002, 18, 0, 0.15, 0.2, 0.3, 7]
03:45:00:001:0 out_port [14, 0, 1, 0.499502, 0.815107, 40, 1, 0.3, 0.7, 0.2, 8]
03:45:00:001:0 out_port [14, 0, 1, 0.423816, 0.0885862, 70, 0, 0.3, 0.7, 0.8, 9]
03:45:00:001:0 out_port [14, 0, 1, 0.360281, 0.197114, 50, 1, 0.4, 0.5, 0.4, 10]
03:45:00:001:0 out_port [14, 0, 1, 0.677462, 0.586101, 36, 0, 0.1, 0.2, 0.3, 11]
03:45:00:001:0 out_port [14, 0, 1, 0.703903, 0.910216, 21, 0, 0.6, 0.4, 0.5, 12]
03:45:00:001:0 out_port [14, 0, 1, 0.445446, 0.0928492, 28, 0, 0.35, 0.6, 0.7, 13]
03:45:00:001:0 out_port [14, 0, 1, 0.540013, 0.300861, 43, 0, 0.2, 0.4, 0.2, 14]
03:45:00:001:0 out_port [14, 0, 1, 0.696849, 0.745999, 75, 0, 0.2, 0.3, 0.7, 15]
03:45:00:001:0 out_port [14, 0, 1, 0.539176, 0.111322, 0, 0, 0, 0, 0, 0]
03:45:00:009:0 out_port [14, 0, 0, 0, 0.117006, 45, 0, 0.1, 0.1, 0.4, 1]
03:45:00:009:0 out_port [14, 0, 0, 0, 0.104217, 20, 0, 0.3, 0.15, 0.2, 2]
03:45:00:009:0 out_port [14, 0, 0, 0, 0.348373, 30, 1, 0.4, 0.4, 0.3, 3]
03:45:00:009:0 out_port [14, 0, 0, 0, 0.59474, 65, 0, 0.2, 0.3, 0.3, 4]
03:45:00:009:0 out_port [14, 0, 0, 0, 0.0743762, 55, 1, 0.5, 0.2, 0.4, 5]
03:45:00:009:0 out_port [14, 0, 0, 0, 0.815107, 40, 1, 0.3, 0.7, 0.2, 8]
03:45:00:009:0 out_port [14, 0, 0, 0, 0.0885862, 70, 0, 0.3, 0.7, 0.8, 9]
03:45:00:009:0 out_port [14, 0, 0, 0, 0.910216, 21, 0, 0.6, 0.4, 0.5, 12]
03:45:00:009:0 out_port [14, 0, 0, 0, 0.0928492, 28, 0, 0.35, 0.6, 0.7, 13]
03:45:00:009:0 out_port [14, 0, 0, 0, 0.300861, 43, 0, 0.2, 0.4, 0.2, 14]
03:45:00:009:0 out_port [14, 0, 0, 0, 0.745999, 75, 0, 0.2, 0.3, 0.7, 15]
03:45:00:009:0 out_port [14, 0, 0, 0, 0.111322, 0, 0, 0, 0, 0, 0]
03:45:00:011:0 out_port [14, 0, 0, 0, 0.0885862, 35, 0, 0.2, 0.7, 0.1, 6]
03:45:00:011:0 out_port [14, 0, 0, 0, 0.437002, 18, 0, 0.15, 0.2, 0.3, 7]
03:45:00:011:0 out_port [14, 0, 0, 0, 0.197114, 50, 1, 0.4, 0.5, 0.4, 10]
03:45:00:011:0 out_port [14, 0, 0, 0, 0.586101, 36, 0, 0.1, 0.2, 0.3, 11]
03:45:00:019:0 out_port [14, 0, 0, 0, 0.0885862, 35, 0, 0.2, 0.7, 0.1, 6]
03:45:00:019:0 out_port [14, 0, 0, 0, 0.437002, 18, 0, 0.15, 0.2, 0.3, 7]
03:45:00:019:0 out_port [14, 0, 0, 0, 0.197114, 50, 1, 0.4, 0.5, 0.4, 10]
03:45:00:019:0 out_port [14, 0, 0, 0, 0.586101, 36, 0, 0.1, 0.2, 0.3, 11]
04:00:00:001:0 out_port [15, 1, 1, 0.852386, 0.0317676, 45, 0, 0.1, 0.1, 0.4, 1]
04:00:00:001:0 out_port [15, 1, 1, 0.793223, 0.0248949, 20, 0, 0.3, 0.15, 0.2, 2]
04:00:00:001:0 out_port [15, 1, 1, 0.544976, 0.293875, 30, 1, 0.4, 0.4, 0.3, 3]
04:00:00:001:0 out_port [15, 1, 1, 0.653066, 0.529433, 65, 0, 0.2, 0.3, 0.3, 4]
04:00:00:001:0 out_port [15, 1, 1, 0.655175, 0.00885866, 55, 1, 0.5, 0.2, 0.4, 5]
04:00:00:001:0 out_port [15, 1, 1, 0.720912, 0.016495, 35, 0, 0.2, 0.7, 0.1, 6]
04:00:00:001:0 out_port [15, 1, 1, 0.721387, 0.364863, 18, 0, 0.15, 0.2, 0.3, 7]
04:00:00:001:0 out_port [15, 1, 1, 0.362956, 0.778812, 40, 1, 0.3, 0.7, 0.2, 8]
04:00:00:001:0 out_port [15, 1, 1, 0.720912, 0.016495, 70, 0, 0.3, 0.7, 0.8, 9]
04:00:00:001:0 out_port [15, 1, 1, 0.590354, 0.138078, 50, 1, 0.4, 0.5, 0.4, 10]
04:00:00:001:0 out_port [15, 1, 1, 0.683657, 0.517736, 36, 0, 0.1, 0.2, 0.3, 11]
04:00:00:001:0 out_port [15, 1, 1, 0.516423, 0.858573, 21, 0, 0.6, 0.4, 0.5, 12]
04:00:00:001:0 out_port [15, 1, 1, 0.740633, 0.0187859, 28, 0, 0.35, 0.6, 0.7, 13]
04:00:00:001:0 out_port [15, 1, 1, 0.71323, 0.229538, 43, 0, 0.2, 0.4, 0.2, 14]
04:00:00:001:0 out_port [15, 1, 1, 0.607688, 0.68523, 75, 0, 0.2, 0.3, 0.7, 15]
04:00:00:001:0 out_port [15, 1, 1, 0.826091, 0.028713, 0, 0, 0, 0, 0, 0]
04:00:00:009:0 out_port [15, 0, 0, 0, 0.0317676, 45, 0, 0.1, 0.1, 0.4, 1]
04:00:00:009:0 out_port [15, 0, 0, 0, 0.0248949, 20, 0, 0.3, 0.15, 0.2, 2]
04:00:00:009:0 out_port [15, 0, 0, 0, 0.293875, 30, 1, 0.4, 0.4, 0.3, 3]
04:00:00:009:0 out_port [15, 0, 0, 0, 0.529433, 65, 0, 0.2, 0.3, 0.3, 4]
04:00:00:009:0 out_port [15, 0, 0, 0, 0.00885866, 55, 1, 0.5, 0.2, 0.4, 5]
04:00:00:009:0 out_port [15, 0, 0, 0, 0.778812, 40, 1, 0.3, 0.7, 0.2, 8]
04:00:00:009:0 out_port [15, 0, 0, 0, 0.016495, 70, 0, 0.3, 0.7, 0.8, 9]
04:00:00:009:0 out_port [15, 0, 0, 0, 0.858573, 21, 0, 0.6, 0.4, 0.5, 12]
04:00:00:009:0 out_port [15, 0, 0, 0, 0.0187859, 28, 0, 0.35, 0.6, 0.7, 13]
04:00:00:009:0 out_port [15, 0, 0, 0, 0.229538, 43, 0, 0.2, 0.4, 0.2, 14]
04:00:00:009:0 out_port [15, 0, 0, 0, 0.68523, 75, 0, 0.2, 0.3, 0.7, 15]
04:00:00:009:0 out_port [15, 0, 0, 0, 0.028713, 0, 0, 0, 0, 0, 0]
04:00:00:011:0 out_port [15, 0, 0, 0, 0.016495, 35, 0, 0.2, 0.7, 0.1, 6]
04:00:00:011:0 out_port [15, 0, 0, 0, 0.364863, 18, 0, 0.15, 0.2, 0.3, 7]
04:00:00:011:0 out_port [15, 0, 0, 0, 0.138078, 50, 1, 0.4, 0.5, 0.4, 10]
04:00:00:011:0 out_port [15, 0, 0, 0, 0.517736, 36, 0, 0.1, 0.2, 0.3, 11]
04:00:00:019:0 out_port [15, 0, 0, 0, 0.016495, 35, 0, 0.2, 0.7, 0.1, 6]
04:00:00:019:0 out_port [15, 0, 0, 0, 0.364863, 18, 0, 0.15, 0.2, 0.3, 7]
04:00:00:019:0 out_port [15, 0, 0, 0, 0.138078, 50, 1, 0.4, 0.5, 0.4, 10]
04:00:00:019:0 out_port [15, 0, 0, 0, 0.517736, 36, 0, 0.1, 0.2, 0.3, 11]
04:15:00:001:0 out_port [16, 1, 1, 0.85067, 0, 45, 0, 0.1, 0.1, 0.4, 1]
04:15:00:001:0 out_port [16, 1, 1, 0.789732, 0, 20, 0, 0.3, 0.15, 0.2, 2]
04:15:00:001:0 out_port [16, 1, 1, 0.534038, 0.240471, 30, 1, 0.4, 0.4, 0.3, 3]
04:15:00:001:0 out_port [16, 1, 1, 0.64537, 0.464896, 65, 0, 0.2, 0.3, 0.3, 4]
04:15:00:001:0 out_port [16, 1, 1, 0.647543, 0, 55, 1, 0.5, 0.2, 0.4, 5]
04:15:00:001:0 out_port [16, 1, 1, 0.715252, 0, 35, 0, 0.2, 0.7, 0.1, 6]
04:15:00:001:0 out_port [16, 1, 1, 0.715741, 0.293289, 18, 0, 0.15, 0.2, 0.3, 7]
04:15:00:001:0 out_port [16, 1, 1, 0.346557, 0.744156, 40, 1, 0.3, 0.7, 0.2, 8]
04:15:00:001:0 out_port [16, 1, 1, 0.715252, 0, 70, 0, 0.3, 0.7, 0.8, 9]
04:15:00:001:0 out_port [16, 1, 1, 0.580777, 0.0800005, 50, 1, 0.4, 0.5, 0.4, 10]
04:15:00:001:0 out_port [16, 1, 1, 0.676879, 0.450048, 36, 0, 0.1, 0.2, 0.3, 11]
04:15:00:001:0 out_port [16, 1, 1, 0.504628, 0.808111, 21, 0, 0.6, 0.4, 0.5, 12]
04:15:00:001:0 out_port [16, 1, 1, 0.735564, 0, 28, 0, 0.35, 0.6, 0.7, 13]
04:15:00:001:0 out_port [16, 1, 1, 0.707339, 0.158804, 43, 0, 0.2, 0.4, 0.2, 14]
04:15:00:001:0 out_port [16, 1, 1, 0.598631, 0.625367, 75, 0, 0.2, 0.3, 0.7, 15]
04:15:00:001:0 out_port [16, 1, 1, 0.823586, 0, 0, 0, 0, 0, 0, 0]
04:15:00:009:0 out_port [16, 0, 0, 0, 0, 45, 0, 0.1, 0.1, 0.4, 1]
04:15:00:009:0 out_port [16, 0, 0, 0, 0, 20, 0, 0.3, 0.15, 0.2, 2]
04:15:00:009:0 out_port [16, 0, 0, 0, 0.240471, 30, 1, 0.4, 0.4, 0.3, 3]
04:15:00:009:0 out_port [16, 0, 0, 0, 0.464896, 65, 0, 0.2, 0.3, 0.3, 4]
04:15:00:009:0 out_port [16, 0, 0, 0, 0, 55, 1, 0.5, 0.2, 0.4, 5]
04:15:00:009:0 out_port [16, 0, 0, 0, 0.744156, 40, 1, 0.3, 0.7, 0.2, 8]
04:15:00:009:0 out_port [16, 0, 0, 0, 0, 70, 0, 0.3, 0.7, 0.8, 9]
04:15:00:009:0 out_port [16, 0, 0, 0, 0.808111, 21, 0, 0.6, 0.4, 0.5, 12]
04:15:00:009:0 out_port [16, 0, 0, 0, 0, 28, 0, 0.35, 0.6, 0.7, 13]
04:15:00:009:0 out_port [16, 0, 0, 0, 0.158804, 43, 0, 0.2, 0.4, 0.2, 14]
04:15:00:009:0 out_port [16, 0, 0, 0, 0.625367, 75, 0, 0.2, 0.3, 0.7, 15]
04:15:00:009:0 out_port [16, 0, 0, 0, 0, 0, 0, 0, 0, 0, 0]
04:15:00:011:0 out_port [16, 0, 0, 0, 0, 35, 0, 0.2, 0.7, 0.1, 6]
04:15:00:011:0 out_port [16, 0, 0, 0, 0.293289, 18, 0, 0.15, 0.2, 0.3, 7]
04:15:00:011:0 out_port [16, 0, 0, 0, 0.0800005, 50, 1, 0.4, 0.5, 0.4, 10]
04:15:00:011:0 out_port [16, 0, 0, 0, 0.450048, 36, 0, 0.1, 0.2, 0.3, 11]
04:15:00:019:0 out_port [16, 0, 0, 0, 0, 35, 0, 0.2, 0.7, 0.1, 6]
04:15:00:019:0 out_port [16, 0, 0, 0, 0.293289, 18, 0, 0.15, 0.2, 0.3, 7]
04:15:00:019:0 out_port [16, 0, 0, 0, 0.0800005, 50, 1, 0.4, 0.5, 0.4, 10]
04:15:00:019:0 out_port [16, 0, 0, 0, 0.450048, 36, 0, 0.1, 0.2, 0.3, 11]
04:30:00:001:0 out_port [17, 1, 1, 0.866503, 0, 45, 0, 0.1, 0.1, 0.4, 1]
04:30:00:001:0 out_port [17, 1, 1, 0.803503, 0, 20, 0, 0.3, 0.15, 0.2, 2]
04:30:00:001:0 out_port [17, 1, 1, 0.556361, 0.184835, 30, 1, 0.4, 0.4, 0.3, 3]
04:30:00:001:0 out_port [17, 1, 1, 0.671034, 0.397793, 65, 0, 0.2, 0.3, 0.3, 4]
04:30:00:001:0 out_port [17, 1, 1, 0.656503, 0, 55, 1, 0.5, 0.2, 0.4, 5]
04:30:00:001:0 out_port [17, 1, 1, 0.726503, 0, 35, 0, 0.2, 0.7, 0.1, 6]
04:30:00:001:0 out_port [17, 1, 1, 0.743516, 0.218938, 18, 0, 0.15, 0.2, 0.3, 7]
04:30:00:001:0 out_port [17, 1, 1, 0.363256, 0.70783, 40, 1, 0.3, 0.7, 0.2, 8]
04:30:00:001:0 out_port [17, 1, 1, 0.726503, 0, 70, 0, 0.3, 0.7, 0.8, 9]
04:30:00:001:0 out_port [17, 1, 1, 0.604503, 0.0195502, 50, 1, 0.4, 0.5, 0.4, 10]
04:30:00:001:0 out_port [17, 1, 1, 0.703489, 0.379699, 36, 0, 0.1, 0.2, 0.3, 11]
04:30:00:001:0 out_port [17, 1, 1, 0.52607, 0.755504, 21, 0, 0.6, 0.4, 0.5, 12]
04:30:00:001:0 out_port [17, 1, 1, 0.747503, 0, 28, 0, 0.35, 0.6, 0.7, 13]
04:30:00:001:0 out_port [17, 1, 1, 0.734862, 0.0853175, 43, 0, 0.2, 0.4, 0.2, 14]
04:30:00:001:0 out_port [17, 1, 1, 0.622893, 0.563078, 75, 0, 0.2, 0.3, 0.7, 15]
04:30:00:001:0 out_port [17, 1, 1, 0.838503, 0, 0, 0, 0, 0, 0, 0]
04:30:00:009:0 out_port [17, 0, 0, 0, 0, 45, 0, 0.1, 0.1, 0.4, 1]
04:30:00:009:0 out_port [17, 0, 0, 0, 0, 20, 0, 0.3, 0.15, 0.2, 2]
04:30:00:009:0 out_port [17, 0, 0, 0, 0.184835, 30, 1, 0.4, 0.4, 0.3, 3]
04:30:00:009:0 out_port [17, 0, 0, 0, 0.397793, 65, 0, 0.2, 0.3, 0.3, 4]
04:30:00:009:0 out_port [17, 0, 0, 0, 0, 55, 1, 0.5, 0.2, 0.4, 5]
04:30:00:009:0 out_port [17, 0, 0, 0, 0.70783, 40, 1, 0.3, 0.7, 0.2, 8]
04:30:00:009:0 out_port [17, 0, 0, 0, 0, 70, 0, 0.3, 0.7, 0.8, 9]
04:30:00:009:0 out_port [17, 0, 0, 0, 0.755504, 21, 0, 0.6, 0.4, 0.5, 12]
04:30:00:009:0 out_port [17, 0, 0, 0, 0, 28, 0, 0.35, 0.6, 0.7, 13]
04:30:00:009:0 out_port [17, 0, 0, 0, 0.0853175, 43, 0, 0.2, 0.4, 0.2, 14]
04:30:00:009:0 out_port [17, 0, 0, 0, 0.563078, 75, 0, 0.2, 0.3, 0.7, 15]
04:30:00:009:0 out_port [17, 0, 0, 0, 0, 0, 0, 0, 0, 0, 0]
04:30:00:011:0 out_port [17, 0, 0, 0, 0, 35, 0, 0.2, 0.7, 0.1, 6]
04:30:00:011:0 out_port [17, 0, 0, 0, 0.218938, 18, 0, 0.15, 0.2, 0.3, 7]
04:30:00:011:0 out_port [17, 0, 0, 0, 0.0195502, 50, 1, 0.4, 0.5, 0.4, 10]
04:30:00:011:0 out_port [17, 0, 0, 0, 0.379699, 36, 0, 0.1, 0.2, 0.3, 11]
04:30:00:019:0 out_port [17, 0, 0, 0, 0, 35, 0, 0.2, 0.7, 0.1, 6]
04:30:00:019:0 out_port [17, 0, 0, 0, 0.218938, 18, 0, 0.15, 0.2, 0.3, 7]
04:30:00:019:0 out_port [17, 0, 0, 0, 0.0195502, 50, 1, 0.4, 0.5, 0.4, 10]
04:30:00:019:0 out_port [17, 0, 0, 0, 0.379699, 36, 0, 0.1, 0.2, 0.3, 11]
04:45:00:001:0 out_port [18, 1, 1, 0.893068, 0, 45, 0, 0.1, 0.1, 0.4, 1]
04:45:00:001:0 out_port [18, 1, 1, 0.830068, 0, 20, 0, 0.3, 0.15, 0.2, 2]
04:45:00:001:0 out_port [18, 1, 1, 0.599618, 0.124873, 30, 1, 0.4, 0.4, 0.3, 3]
04:45:00:001:0 out_port [18, 1, 1, 0.71773, 0.32602, 65, 0, 0.2, 0.3, 0.3, 4]
04:45:00:001:0 out_port [18, 1, 1, 0.683068, 0, 55, 1, 0.5, 0.2, 0.4, 5]
04:45:00:001:0 out_port [18, 1, 1, 0.753068, 0, 35, 0, 0.2, 0.7, 0.1, 6]
04:45:00:001:0 out_port [18, 1, 1, 0.792387, 0.139699, 18, 0, 0.15, 0.2, 0.3, 7]
04:45:00:001:0 out_port [18, 1, 1, 0.400719, 0.667759, 40, 1, 0.3, 0.7, 0.2, 8]
04:45:00:001:0 out_port [18, 1, 1, 0.753068, 0, 70, 0, 0.3, 0.7, 0.8, 9]
04:45:00:001:0 out_port [18, 1, 1, 0.649203, 0, 50, 1, 0.4, 0.5, 0.4, 10]
04:45:00:001:0 out_port [18, 1, 1, 0.751159, 0.304583, 36, 0, 0.1, 0.2, 0.3, 11]
04:45:00:001:0 out_port [18, 1, 1, 0.568417, 0.698662, 21, 0, 0.6, 0.4, 0.5, 12]
04:45:00:001:0 out_port [18, 1, 1, 0.774068, 0, 28, 0, 0.35, 0.6, 0.7, 13]
04:45:00:001:0 out_port [18, 1, 1, 0.783473, 0.0069702, 43, 0, 0.2, 0.4, 0.2, 14]
04:45:00:001:0 out_port [18, 1, 1, 0.668145, 0.496263, 75, 0, 0.2, 0.3, 0.7, 15]
04:45:00:001:0 out_port [18, 1, 1, 0.865068, 0, 0, 0, 0, 0, 0, 0]
04:45:00:009:0 out_port [18, 0, 0, 0, 0, 45, 0, 0.1, 0.1, 0.4, 1]
04:45:00:009:0 out_port [18, 0, 0, 0, 0, 20, 0, 0.3, 0.15, 0.2, 2]
04:45:00:009:0 out_port [18, 0, 0, 0, 0.124873, 30, 1, 0.4, 0.4, 0.3, 3]
04:45:00:009:0 out_port [18, 0, 0, 0, 0.32602, 65, 0, 0.2, 0.3, 0.3, 4]
04:45:00:009:0 out_port [18, 0, 0, 0, 0, 55, 1, 0.5, 0.2, 0.4, 5]
04:45:00:009:0 out_port [18, 0, 0, 0, 0.667759, 40, 1, 0.3, 0.7, 0.2, 8]
04:45:00:009:0 out_port [18, 0, 0, 0, 0, 70, 0, 0.3, 0.7, 0.8, 9]
04:45:00:009:0 out_port [18, 0, 0, 0, 0.698662, 21, 0, 0.6, 0.4, 0.5, 12]
04:45:00:009:0 out_port [18, 0, 0, 0, 0, 28, 0, 0.35, 0.6, 0.7, 13]
04:45:00:009:0 out_port [18, 0, 0, 0, 0.0069702, 43, 0, 0.2, 0.4, 0.2, 14]
04:45:00:009:0 out_port [18, 0, 0, 0, 0.496263, 75, 0, 0.2, 0.3, 0.7, 15]
04:45:00:009:0 out_port [18, 0, 0, 0, 0, 0, 0, 0, 0, 0, 0]
04:45:00:011:0 out_port [18, 0, 0, 0, 0, 35, 0, 0.2, 0.7, 0.1, 6]
04:45:00:011:0 out_port [18, 0, 0, 0, 0.139699, 18, 0, 0.15, 0.2, 0.3, 7]
04:45:00:011:0 out_port [18, 0, 0, 0, 0, 50, 1, 0.4, 0.5, 0.4, 10]
04:45:00:011:0 out_port [18, 0, 0, 0, 0.304583, 36, 0, 0.1, 0.2, 0.3, 11]
04:45:00:019:0 out_port [18, 0, 0, 0, 0, 35, 0, 0.2, 0.7, 0.1, 6]
04:45:00:019:0 out_port [18, 0, 0, 0, 0.139699, 18, 0, 0.15, 0.2, 0.3, 7]
04:45:00:019:0 out_port [18, 0, 0, 0, 0, 50, 1, 0.4, 0.5, 0.4, 10]
04:45:00:019:0 out_port [18, 0, 0, 0, 0.304583, 36, 0, 0.1, 0.2, 0.3, 11]
05:00:00:001:0 out_port [19, 0, 1, 0.577371, 0.0577371, 45, 0, 0.1, 0.1, 0.4, 1]
05:00:00:001:0 out_port [19, 0, 1, 0.514371, 0.0514371, 20, 0, 0.3, 0.15, 0.2, 2]
05:00:00:001:0 out_port [19, 0, 1, 0.376833, 0.162557, 30, 1, 0.4, 0.4, 0.3, 3]
05:00:00:001:0 out_port [19, 0, 1, 0.619177, 0.387938, 65, 0, 0.2, 0.3, 0.3, 4]
05:00:00:001:0 out_port [19, 0, 1, 0.367371, 0.0367371, 55, 1, 0.5, 0.2, 0.4, 5]
05:00:00:001:0 out_port [19, 0, 1, 0.437371, 0.0437371, 35, 0, 0.2, 0.7, 0.1, 6]
05:00:00:001:0 out_port [19, 0, 1, 0.584281, 0.198127, 18, 0, 0.15, 0.2, 0.3, 7]
05:00:00:001:0 out_port [19, 0, 1, 0.497699, 0.717528, 40, 1, 0.3, 0.7, 0.2, 8]
05:00:00:001:0 out_port [19, 0, 1, 0.437371, 0.0437371, 70, 0, 0.3, 0.7, 0.8, 9]
05:00:00:001:0 out_port [19, 0, 1, 0.339371, 0.0339371, 50, 1, 0.4, 0.5, 0.4, 10]
05:00:00:001:0 out_port [19, 0, 1, 0.640746, 0.368658, 36, 0, 0.1, 0.2, 0.3, 11]
05:00:00:001:0 out_port [19, 0, 1, 0.68897, 0.767559, 21, 0, 0.6, 0.4, 0.5, 12]
05:00:00:001:0 out_port [19, 0, 1, 0.458371, 0.0458371, 28, 0, 0.35, 0.6, 0.7, 13]
05:00:00:001:0 out_port [19, 0, 1, 0.495462, 0.0565164, 43, 0, 0.2, 0.4, 0.2, 14]
05:00:00:001:0 out_port [19, 0, 1, 0.67025, 0.563288, 75, 0, 0.2, 0.3, 0.7, 15]
05:00:00:001:0 out_port [19, 0, 1, 0.549371, 0.0549371, 0, 0, 0, 0, 0, 0]
05:00:00:009:0 out_port [19, 0, 0, 0, 0.0577371, 45, 0, 0.1, 0.1, 0.4, 1]
05:00:00:009:0 out_port [19, 0, 0, 0, 0.0514371, 20, 0, 0.3, 0.15, 0.2, 2]
05:00:00:009:0 out_port [19, 0, 0, 0, 0.162557, 30, 1, 0.4, 0.4, 0.3, 3]
05:00:00:009:0 out_port [19, 0, 0, 0, 0.387938, 65, 0, 0.2, 0.3, 0.3, 4]
05:00:00:009:0 out_port [19, 0, 0, 0, 0.0367371, 55, 1, 0.5, 0.2, 0.4, 5]
05:00:00:009:0 out_port [19, 0, 0, 0, 0.717528, 40, 1, 0.3, 0.7, 0.2, 8]
05:00:00:009:0 out_port [19, 0, 0, 0, 0.0437371, 70, 0, 0.3, 0.7, 0.8, 9]
05:00:00:009:0 out_port [19, 0, 0, 0, 0.767559, 21, 0, 0.6, 0.4, 0.5, 12]
05:00:00:009:0 out_port [19, 0, 0, 0, 0.0458371, 28, 0, 0.35, 0.6, 0.7, 13]
05:00:00:009:0 out_port [19, 0, 0, 0, 0.0565164, 43, 0, 0.2, 0.4, 0.2, 14]
05:00:00:009:0 out_port [19, 0, 0, 0, 0.563288, 75, 0, 0.2, 0.3, 0.7, 15]
05:00:00:009:0 out_port [19, 0, 0, 0, 0.0549371, 0, 0, 0, 0, 0, 0]
05:00:00:011:0 out_port [19, 0, 0, 0, 0.0437371, 35, 0, 0.2, 0.7, 0.1, 6]
05:00:00:011:0 out_port [19, 0, 0, 0, 0.198127, 18, 0, 0.15, 0.2, 0.3, 7]
05:00:00:011:0 out_port [19, 0, 0, 0, 0.0339371, 50, 1, 0.4, 0.5, 0.4, 10]
05:00:00:011:0 out_port [19, 0, 0, 0, 0.368658, 36, 0, 0.1, 0.2, 0.3, 11]
05:00:00:019:0 out_port [19, 0, 0, 0, 0.0437371, 35, 0, 0.2, 0.7, 0.1, 6]
05:00:00:019:0 out_port [19, 0, 0, 0, 0.198127, 18, 0, 0.15, 0.2, 0.3, 7]
05:00:00:019:0 out_port [19, 0, 0, 0, 0.0339371, 50, 1, 0.4, 0.5, 0.4, 10]
05:00:00:019:0 out_port [19, 0, 0, 0, 0.368658, 36, 0, 0.1, 0.2, 0.3, 11]
