00:00:00:000:0 out_port [0, 0, 0, 0, 0, 45, 1, 0.1, 0.6, 0.4, 1]
00:00:00:000:0 out_port [0, 0, 0, 0, 0.2, 20, 0, 0.3, 0.15, 0.2, 2]
00:00:00:000:0 out_port [0, 0, 0, 0, 0.5, 30, 1, 0.4, 0.4, 0.8, 3]
00:00:00:000:0 out_port [0, 0, 0, 0, 0.7, 65, 0, 0.2, 0.3, 0.3, 4]
00:00:00:000:0 out_port [0, 0, 0, 0, 0.1, 55, 1, 0.5, 0.6, 0.7, 5]
00:00:00:000:0 out_port [0, 0, 0, 0, 0.3, 35, 1, 0.6, 0.7, 0.9, 6]
00:00:00:000:0 out_port [0, 0, 0, 0, 0.6, 18, 0, 0.15, 0.2, 0.3, 7]
00:00:00:000:0 out_port [0, 0, 0, 0, 0.8, 40, 1, 0.8, 0.7, 0.6, 8]
00:00:00:000:0 out_port [0, 0, 0, 0, 0.2, 70, 0, 0.3, 0.7, 0.8, 9]
00:00:00:000:0 out_port [0, 0, 0, 0, 0.4, 50, 1, 0.4, 0.5, 0.4, 10]
00:00:00:000:0 out_port [0, 0, 0, 0, 0.7, 36, 0, 0.9, 0.2, 0.3, 11]
00:00:00:000:0 out_port [0, 0, 0, 0, 0.9, 21, 0, 0.6, 0.4, 0.5, 12]
00:00:00:000:0 out_port [0, 0, 0, 0, 0.3, 28, 1, 0.35, 0.6, 0.7, 13]
00:00:00:000:0 out_port [0, 0, 0, 0, 0.5, 43, 0, 0.8, 0.4, 0.2, 14]
00:00:00:000:0 out_port [0, 0, 0, 0, 0.8, 75, 0, 0.2, 0.8, 0.7, 15]
00:00:00:000:0 out_port [0, 0, 0, 0, 1, 37, 1, 0.75, 0.8, 0.6, 16]
00:30:00:000:0 out_port [1, 0, 1, 0.297513, 0.375784, 35, 1, 0.6, 0.7, 0.9, 6]
00:30:00:000:0 out_port [1, 0, 1, 0.671263, 0.839534, 18, 0, 0.15, 0.2, 0.3, 7]
00:30:00:000:0 out_port [1, 0, 1, 0.420013, 0.528284, 50, 1, 0.4, 0.5, 0.4, 10]
00:30:00:000:0 out_port [1, 0, 1, 0.612513, 0.810784, 36, 0, 0.9, 0.2, 0.3, 11]
00:30:00:002:0 out_port [1, 0, 1, 0.0192958, 0.199662, 20, 0, 0.3, 0.15, 0.2, 2]
00:30:00:002:0 out_port [1, 0, 1, -0.00338828, 0.500059, 30, 1, 0.4, 0.4, 0.8, 3]
00:30:00:002:0 out_port [1, 0, 1, -0.0660917, 0.101157, 55, 1, 0.5, 0.6, 0.7, 5]
00:30:00:002:0 out_port [1, 0, 1, -0.260788, 0.804564, 40, 1, 0.8, 0.7, 0.6, 8]
00:30:00:002:0 out_port [1, 0, 1, -0.128304, 0.202245, 70, 0, 0.3, 0.7, 0.8, 9]
00:30:00:002:0 out_port [1, 0, 1, -0.0317742, 0.900556, 21, 0, 0.6, 0.4, 0.5, 12]
00:30:00:002:0 out_port [1, 0, 1, 0.195921, 0.496571, 43, 0, 0.8, 0.4, 0.2, 14]
00:30:00:002:0 out_port [1, 0, 1, -0.643633, 0.811264, 75, 0, 0.2, 0.8, 0.7, 15]
00:30:00:004:0 out_port [1, 0, 1, -0.147335, 0.00257837, 45, 1, 0.1, 0.6, 0.4, 1]
00:30:00:004:0 out_port [1, 0, 1, -0.381805, 0.706682, 65, 0, 0.2, 0.3, 0.3, 4]
00:30:00:004:0 out_port [1, 0, 1, 0.051669, 0.299096, 28, 1, 0.35, 0.6, 0.7, 13]
00:30:00:004:0 out_port [1, 0, 1, -0.638033, 1, 37, 1, 0.75, 0.8, 0.6, 16]
00:30:00:012:0 out_port [1, 0, 0, 0, 0.00257837, 45, 1, 0.1, 0.6, 0.4, 1]
00:30:00:012:0 out_port [1, 0, 0, 0, 0.199662, 20, 0, 0.3, 0.15, 0.2, 2]
00:30:00:012:0 out_port [1, 0, 0, 0, 0.500059, 30, 1, 0.4, 0.4, 0.8, 3]
00:30:00:012:0 out_port [1, 0, 0, 0, 0.706682, 65, 0, 0.2, 0.3, 0.3, 4]
00:30:00:012:0 out_port [1, 0, 0, 0, 0.101157, 55, 1, 0.5, 0.6, 0.7, 5]
00:30:00:012:0 out_port [1, 0, 0, 0, 0.375784, 35, 1, 0.6, 0.7, 0.9, 6]
00:30:00:012:0 out_port [1, 0, 0, 0, 0.839534, 18, 0, 0.15, 0.2, 0.3, 7]
00:30:00:012:0 out_port [1, 0, 0, 0, 0.804564, 40, 1, 0.8, 0.7, 0.6, 8]
00:30:00:012:0 out_port [1, 0, 0, 0, 0.202245, 70, 0, 0.3, 0.7, 0.8, 9]
00:30:00:012:0 out_port [1, 0, 0, 0, 0.528284, 50, 1, 0.4, 0.5, 0.4, 10]
00:30:00:012:0 out_port [1, 0, 0, 0, 0.810784, 36, 0, 0.9, 0.2, 0.3, 11]
00:30:00:012:0 out_port [1, 0, 0, 0, 0.900556, 21, 0, 0.6, 0.4, 0.5, 12]
00:30:00:012:0 out_port [1, 0, 0, 0, 0.299096, 28, 1, 0.35, 0.6, 0.7, 13]
00:30:00:012:0 out_port [1, 0, 0, 0, 0.496571, 43, 0, 0.8, 0.4, 0.2, 14]
00:30:00:012:0 out_port [1, 0, 0, 0, 0.811264, 75, 0, 0.2, 0.8, 0.7, 15]
00:30:00:012:0 out_port [1, 0, 0, 0, 1, 37, 1, 0.75, 0.8, 0.6, 16]
00:45:00:000:0 out_port [2, 1, 1, 0.444486, 0.77597, 35, 1, 0.6, 0.7, 0.9, 6]
00:45:00:000:0 out_port [2, 1, 1, 0.550924, 1, 18, 0, 0.15, 0.2, 0.3, 7]
00:45:00:000:0 out_port [2, 1, 1, 0.478611, 0.962595, 50, 1, 0.4, 0.5, 0.4, 10]
00:45:00:000:0 out_port [2, 1, 1, 0.467236, 1, 36, 0, 0.9, 0.2, 0.3, 11]
00:45:00:002:0 out_port [2, 1, 1, -0.0310348, 0.200205, 20, 0, 0.3, 0.15, 0.2, 2]
00:45:00:002:0 out_port [2, 1, 1, 0.025735, 0.499609, 30, 1, 0.4, 0.4, 0.8, 3]
00:45:00:002:0 out_port [2, 1, 1, -0.116385, 0.103193, 55, 1, 0.5, 0.6, 0.7, 5]
00:45:00:002:0 out_port [2, 1, 1, -0.231554, 0.808616, 40, 1, 0.8, 0.7, 0.6, 8]
00:45:00:002:0 out_port [2, 1, 1, -0.155112, 0.20496, 70, 0, 0.3, 0.7, 0.8, 9]
00:45:00:002:0 out_port [2, 1, 1, 0.00792384, 0.900417, 21, 0, 0.6, 0.4, 0.5, 12]
00:45:00:002:0 out_port [2, 1, 1, 0.168973, 0.493614, 43, 0, 0.8, 0.4, 0.2, 14]
00:45:00:002:0 out_port [2, 1, 1, -0.608086, 0.821905, 75, 0, 0.2, 0.8, 0.7, 15]
00:45:00:004:0 out_port [2, 1, 1, -0.150513, 0.00521235, 45, 1, 0.1, 0.6, 0.4, 1]
00:45:00:004:0 out_port [2, 1, 1, -0.388127, 0.713474, 65, 0, 0.2, 0.3, 0.3, 4]
00:45:00:004:0 out_port [2, 1, 1, 0.0591306, 0.298061, 28, 1, 0.35, 0.6, 0.7, 13]
00:45:00:004:0 out_port [2, 1, 1, -0.627994, 1, 37, 1, 0.75, 0.8, 0.6, 16]
00:45:00:012:0 out_port [2, 0, 0, 0, 0.00521235, 45, 1, 0.1, 0.6, 0.4, 1]
00:45:00:012:0 out_port [2, 0, 0, 0, 0.200205, 20, 0, 0.3, 0.15, 0.2, 2]
00:45:00:012:0 out_port [2, 0, 0, 0, 0.499609, 30, 1, 0.4, 0.4, 0.8, 3]
00:45:00:012:0 out_port [2, 0, 0, 0, 0.713474, 65, 0, 0.2, 0.3, 0.3, 4]
00:45:00:012:0 out_port [2, 0, 0, 0, 0.103193, 55, 1, 0.5, 0.6, 0.7, 5]
00:45:00:012:0 out_port [2, 0, 0, 0, 0.77597, 35, 1, 0.6, 0.7, 0.9, 6]
00:45:00:012:0 out_port [2, 0, 0, 0, 1, 18, 0, 0.15, 0.2, 0.3, 7]
00:45:00:012:0 out_port [2, 0, 0, 0, 0.808616, 40, 1, 0.8, 0.7, 0.6, 8]
00:45:00:012:0 out_port [2, 0, 0, 0, 0.20496, 70, 0, 0.3, 0.7, 0.8, 9]
00:45:00:012:0 out_port [2, 0, 0, 0, 0.962595, 50, 1, 0.4, 0.5, 0.4, 10]
00:45:00:012:0 out_port [2, 0, 0, 0, 1, 36, 0, 0.9, 0.2, 0.3, 11]
00:45:00:012:0 out_port [2, 0, 0, 0, 0.900417, 21, 0, 0.6, 0.4, 0.5, 12]
00:45:00:012:0 out_port [2, 0, 0, 0, 0.298061, 28, 1, 0.35, 0.6, 0.7, 13]
00:45:00:012:0 out_port [2, 0, 0, 0, 0.493614, 43, 0, 0.8, 0.4, 0.2, 14]
00:45:00:012:0 out_port [2, 0, 0, 0, 0.821905, 75, 0, 0.2, 0.8, 0.7, 15]
00:45:00:012:0 out_port [2, 0, 0, 0, 1, 37, 1, 0.75, 0.8, 0.6, 16]
01:00:00:000:0 out_port [3, 0, 1, 0.516697, 0.712845, 35, 1, 0.6, 0.7, 0.9, 6]
01:00:00:000:0 out_port [3, 0, 1, 0.863857, 1, 18, 0, 0.15, 0.2, 0.3, 7]
01:00:00:000:0 out_port [3, 0, 1, 0.669516, 0.921651, 50, 1, 0.4, 0.5, 0.4, 10]
01:00:00:000:0 out_port [3, 0, 1, 0.770107, 1, 36, 0, 0.9, 0.2, 0.3, 11]
01:00:00:002:0 out_port [3, 0, 1, -0.049317, 0.201068, 20, 0, 0.3, 0.15, 0.2, 2]
01:00:00:002:0 out_port [3, 0, 1, -0.060333, 0.500665, 30, 1, 0.4, 0.4, 0.8, 3]
01:00:00:002:0 out_port [3, 0, 1, -0.134631, 0.105549, 55, 1, 0.5, 0.6, 0.7, 5]
01:00:00:002:0 out_port [3, 0, 1, -0.31751, 0.814172, 40, 1, 0.8, 0.7, 0.6, 8]
01:00:00:002:0 out_port [3, 0, 1, -0.20653, 0.208574, 70, 0, 0.3, 0.7, 0.8, 9]
01:00:00:002:0 out_port [3, 0, 1, -0.0753692, 0.901736, 21, 0, 0.6, 0.4, 0.5, 12]
01:00:00:002:0 out_port [3, 0, 1, 0.117414, 0.49156, 43, 0, 0.8, 0.4, 0.2, 14]
01:00:00:002:0 out_port [3, 0, 1, -0.691112, 0.834, 75, 0, 0.2, 0.8, 0.7, 15]
01:00:00:004:0 out_port [3, 0, 1, -0.155497, 0.00793355, 45, 1, 0.1, 0.6, 0.4, 1]
01:00:00:004:0 out_port [3, 0, 1, -0.397784, 0.720435, 65, 0, 0.2, 0.3, 0.3, 4]
01:00:00:004:0 out_port [3, 0, 1, 0.0733345, 0.296778, 28, 1, 0.35, 0.6, 0.7, 13]
01:00:00:004:0 out_port [3, 0, 1, -0.650527, 1, 37, 1, 0.75, 0.8, 0.6, 16]
01:00:00:012:0 out_port [3, 0, 0, 0, 0.00793355, 45, 1, 0.1, 0.6, 0.4, 1]
01:00:00:012:0 out_port [3, 0, 0, 0, 0.201068, 20, 0, 0.3, 0.15, 0.2, 2]
01:00:00:012:0 out_port [3, 0, 0, 0, 0.500665, 30, 1, 0.4, 0.4, 0.8, 3]
01:00:00:012:0 out_port [3, 0, 0, 0, 0.720435, 65, 0, 0.2, 0.3, 0.3, 4]
01:00:00:012:0 out_port [3, 0, 0, 0, 0.105549, 55, 1, 0.5, 0.6, 0.7, 5]
01:00:00:012:0 out_port [3, 0, 0, 0, 0.712845, 35, 1, 0.6, 0.7, 0.9, 6]
01:00:00:012:0 out_port [3, 0, 0, 0, 1, 18, 0, 0.15, 0.2, 0.3, 7]
01:00:00:012:0 out_port [3, 0, 0, 0, 0.814172, 40, 1, 0.8, 0.7, 0.6, 8]
01:00:00:012:0 out_port [3, 0, 0, 0, 0.208574, 70, 0, 0.3, 0.7, 0.8, 9]
01:00:00:012:0 out_port [3, 0, 0, 0, 0.921651, 50, 1, 0.4, 0.5, 0.4, 10]
01:00:00:012:0 out_port [3, 0, 0, 0, 1, 36, 0, 0.9, 0.2, 0.3, 11]
01:00:00:012:0 out_port [3, 0, 0, 0, 0.901736, 21, 0, 0.6, 0.4, 0.5, 12]
01:00:00:012:0 out_port [3, 0, 0, 0, 0.296778, 28, 1, 0.35, 0.6, 0.7, 13]
01:00:00:012:0 out_port [3, 0, 0, 0, 0.49156, 43, 0, 0.8, 0.4, 0.2, 14]
01:00:00:012:0 out_port [3, 0, 0, 0, 0.834, 75, 0, 0.2, 0.8, 0.7, 15]
01:00:00:012:0 out_port [3, 0, 0, 0, 1, 37, 1, 0.75, 0.8, 0.6, 16]
01:15:00:000:0 out_port [4, 0, 1, 0.514067, 0.719124, 35, 1, 0.6, 0.7, 0.9, 6]
01:15:00:000:0 out_port [4, 0, 1, 0.883321, 1, 18, 0, 0.15, 0.2, 0.3, 7]
01:15:00:000:0 out_port [4, 0, 1, 0.674649, 0.942348, 50, 1, 0.4, 0.5, 0.4, 10]
01:15:00:000:0 out_port [4, 0, 1, 0.789571, 1, 36, 0, 0.9, 0.2, 0.3, 11]
01:15:00:002:0 out_port [4, 0, 1, -0.0487278, 0.201921, 20, 0, 0.3, 0.15, 0.2, 2]
01:15:00:002:0 out_port [4, 0, 1, -0.0656594, 0.501814, 30, 1, 0.4, 0.4, 0.8, 3]
01:15:00:002:0 out_port [4, 0, 1, -0.134004, 0.107894, 55, 1, 0.5, 0.6, 0.7, 5]
01:15:00:002:0 out_port [4, 0, 1, -0.322725, 0.81982, 40, 1, 0.8, 0.7, 0.6, 8]
01:15:00:002:0 out_port [4, 0, 1, -0.208364, 0.21222, 70, 0, 0.3, 0.7, 0.8, 9]
01:15:00:002:0 out_port [4, 0, 1, -0.0806891, 0.903148, 21, 0, 0.6, 0.4, 0.5, 12]
01:15:00:002:0 out_port [4, 0, 1, 0.115439, 0.489539, 43, 0, 0.8, 0.4, 0.2, 14]
01:15:00:002:0 out_port [4, 0, 1, -0.696166, 0.846182, 75, 0, 0.2, 0.8, 0.7, 15]
01:15:00:004:0 out_port [4, 0, 1, -0.155289, 0.0106511, 45, 1, 0.1, 0.6, 0.4, 1]
01:15:00:004:0 out_port [4, 0, 1, -0.399392, 0.727424, 65, 0, 0.2, 0.3, 0.3, 4]
01:15:00:004:0 out_port [4, 0, 1, 0.0738958, 0.295484, 28, 1, 0.35, 0.6, 0.7, 13]
01:15:00:004:0 out_port [4, 0, 1, -0.651615, 1, 37, 1, 0.75, 0.8, 0.6, 16]
01:15:00:012:0 out_port [4, 0, 0, 0, 0.0106511, 45, 1, 0.1, 0.6, 0.4, 1]
01:15:00:012:0 out_port [4, 0, 0, 0, 0.201921, 20, 0, 0.3, 0.15, 0.2, 2]
01:15:00:012:0 out_port [4, 0, 0, 0, 0.501814, 30, 1, 0.4, 0.4, 0.8, 3]
01:15:00:012:0 out_port [4, 0, 0, 0, 0.727424, 65, 0, 0.2, 0.3, 0.3, 4]
01:15:00:012:0 out_port [4, 0, 0, 0, 0.107894, 55, 1, 0.5, 0.6, 0.7, 5]
01:15:00:012:0 out_port [4, 0, 0, 0, 0.719124, 35, 1, 0.6, 0.7, 0.9, 6]
01:15:00:012:0 out_port [4, 0, 0, 0, 1, 18, 0, 0.15, 0.2, 0.3, 7]
01:15:00:012:0 out_port [4, 0, 0, 0, 0.81982, 40, 1, 0.8, 0.7, 0.6, 8]
01:15:00:012:0 out_port [4, 0, 0, 0, 0.21222, 70, 0, 0.3, 0.7, 0.8, 9]
01:15:00:012:0 out_port [4, 0, 0, 0, 0.942348, 50, 1, 0.4, 0.5, 0.4, 10]
01:15:00:012:0 out_port [4, 0, 0, 0, 1, 36, 0, 0.9, 0.2, 0.3, 11]
01:15:00:012:0 out_port [4, 0, 0, 0, 0.903148, 21, 0, 0.6, 0.4, 0.5, 12]
01:15:00:012:0 out_port [4, 0, 0, 0, 0.295484, 28, 1, 0.35, 0.6, 0.7, 13]
01:15:00:012:0 out_port [4, 0, 0, 0, 0.489539, 43, 0, 0.8, 0.4, 0.2, 14]
01:15:00:012:0 out_port [4, 0, 0, 0, 0.846182, 75, 0, 0.2, 0.8, 0.7, 15]
01:15:00:012:0 out_port [4, 0, 0, 0, 1, 37, 1, 0.75, 0.8, 0.6, 16]
01:30:00:000:0 out_port [5, 1, 1, 0.313788, 1, 35, 1, 0.6, 0.7, 0.9, 6]
01:30:00:000:0 out_port [5, 1, 1, 0.484232, 1, 18, 0, 0.15, 0.2, 0.3, 7]
01:30:00:000:0 out_port [5, 1, 1, 0.32316, 1, 50, 1, 0.4, 0.5, 0.4, 10]
01:30:00:000:0 out_port [5, 1, 1, 0.390482, 1, 36, 0, 0.9, 0.2, 0.3, 11]
01:30:00:002:0 out_port [5, 1, 1, -0.000581702, 0.201931, 20, 0, 0.3, 0.15, 0.2, 2]
01:30:00:002:0 out_port [5, 1, 1, 0.0441187, 0.501042, 30, 1, 0.4, 0.4, 0.8, 3]
01:30:00:002:0 out_port [5, 1, 1, -0.0858214, 0.109396, 55, 1, 0.5, 0.6, 0.7, 5]
01:30:00:002:0 out_port [5, 1, 1, -0.212836, 0.823545, 40, 1, 0.8, 0.7, 0.6, 8]
01:30:00:002:0 out_port [5, 1, 1, -0.113041, 0.214199, 70, 0, 0.3, 0.7, 0.8, 9]
01:30:00:002:0 out_port [5, 1, 1, 0.0290955, 0.902639, 21, 0, 0.6, 0.4, 0.5, 12]
01:30:00:002:0 out_port [5, 1, 1, 0.210622, 0.485854, 43, 0, 0.8, 0.4, 0.2, 14]
01:30:00:002:0 out_port [5, 1, 1, -0.586114, 0.856439, 75, 0, 0.2, 0.8, 0.7, 15]
01:30:00:004:0 out_port [5, 1, 1, -0.141982, 0.0131358, 45, 1, 0.1, 0.6, 0.4, 1]
01:30:00:004:0 out_port [5, 1, 1, -0.393661, 0.734313, 65, 0, 0.2, 0.3, 0.3, 4]
01:30:00:004:0 out_port [5, 1, 1, 0.0477798, 0.294648, 28, 1, 0.35, 0.6, 0.7, 13]
01:30:00:004:0 out_port [5, 1, 1, -0.621097, 1, 37, 1, 0.75, 0.8, 0.6, 16]
01:30:00:012:0 out_port [5, 0, 0, 0, 0.0131358, 45, 1, 0.1, 0.6, 0.4, 1]
01:30:00:012:0 out_port [5, 0, 0, 0, 0.201931, 20, 0, 0.3, 0.15, 0.2, 2]
01:30:00:012:0 out_port [5, 0, 0, 0, 0.501042, 30, 1, 0.4, 0.4, 0.8, 3]
01:30:00:012:0 out_port [5, 0, 0, 0, 0.734313, 65, 0, 0.2, 0.3, 0.3, 4]
01:30:00:012:0 out_port [5, 0, 0, 0, 0.109396, 55, 1, 0.5, 0.6, 0.7, 5]
01:30:00:012:0 out_port [5, 0, 0, 0, 1, 35, 1, 0.6, 0.7, 0.9, 6]
01:30:00:012:0 out_port [5, 0, 0, 0, 1, 18, 0, 0.15, 0.2, 0.3, 7]
01:30:00:012:0 out_port [5, 0, 0, 0, 0.823545, 40, 1, 0.8, 0.7, 0.6, 8]
01:30:00:012:0 out_port [5, 0, 0, 0, 0.214199, 70, 0, 0.3, 0.7, 0.8, 9]
01:30:00:012:0 out_port [5, 0, 0, 0, 1, 50, 1, 0.4, 0.5, 0.4, 10]
01:30:00:012:0 out_port [5, 0, 0, 0, 1, 36, 0, 0.9, 0.2, 0.3, 11]
01:30:00:012:0 out_port [5, 0, 0, 0, 0.902639, 21, 0, 0.6, 0.4, 0.5, 12]
01:30:00:012:0 out_port [5, 0, 0, 0, 0.294648, 28, 1, 0.35, 0.6, 0.7, 13]
01:30:00:012:0 out_port [5, 0, 0, 0, 0.485854, 43, 0, 0.8, 0.4, 0.2, 14]
01:30:00:012:0 out_port [5, 0, 0, 0, 0.856439, 75, 0, 0.2, 0.8, 0.7, 15]
01:30:00:012:0 out_port [5, 0, 0, 0, 1, 37, 1, 0.75, 0.8, 0.6, 16]
01:45:00:000:0 out_port [6, 0, 1, 0.624001, 0.904557, 35, 1, 0.6, 0.7, 0.9, 6]
01:45:00:000:0 out_port [6, 0, 1, 0.892751, 1, 18, 0, 0.15, 0.2, 0.3, 7]
01:45:00:000:0 out_port [6, 0, 1, 0.711501, 0.992057, 50, 1, 0.4, 0.5, 0.4, 10]
01:45:00:000:0 out_port [6, 0, 1, 0.799001, 1, 36, 0, 0.9, 0.2, 0.3, 11]
01:45:00:002:0 out_port [6, 0, 1, -0.0835277, 0.203393, 20, 0, 0.3, 0.15, 0.2, 2]
01:45:00:002:0 out_port [6, 0, 1, -0.0682431, 0.502236, 30, 1, 0.4, 0.4, 0.8, 3]
01:45:00:002:0 out_port [6, 0, 1, -0.16873, 0.112349, 55, 1, 0.5, 0.6, 0.7, 5]
01:45:00:002:0 out_port [6, 0, 1, -0.325086, 0.829234, 40, 1, 0.8, 0.7, 0.6, 8]
01:45:00:002:0 out_port [6, 0, 1, -0.21959, 0.218041, 70, 0, 0.3, 0.7, 0.8, 9]
01:45:00:002:0 out_port [6, 0, 1, -0.0832599, 0.904096, 21, 0, 0.6, 0.4, 0.5, 12]
01:45:00:002:0 out_port [6, 0, 1, 0.103934, 0.484035, 43, 0, 0.8, 0.4, 0.2, 14]
01:45:00:002:0 out_port [6, 0, 1, -0.698203, 0.868658, 75, 0, 0.2, 0.8, 0.7, 15]
01:45:00:004:0 out_port [6, 0, 1, -0.164766, 0.0160192, 45, 1, 0.1, 0.6, 0.4, 1]
01:45:00:004:0 out_port [6, 0, 1, -0.400436, 0.741321, 65, 0, 0.2, 0.3, 0.3, 4]
01:45:00:004:0 out_port [6, 0, 1, 0.0771434, 0.293298, 28, 1, 0.35, 0.6, 0.7, 13]
01:45:00:004:0 out_port [6, 0, 1, -0.651619, 1, 37, 1, 0.75, 0.8, 0.6, 16]
01:45:00:012:0 out_port [6, 0, 0, 0, 0.0160192, 45, 1, 0.1, 0.6, 0.4, 1]
01:45:00:012:0 out_port [6, 0, 0, 0, 0.203393, 20, 0, 0.3, 0.15, 0.2, 2]
01:45:00:012:0 out_port [6, 0, 0, 0, 0.502236, 30, 1, 0.4, 0.4, 0.8, 3]
01:45:00:012:0 out_port [6, 0, 0, 0, 0.741321, 65, 0, 0.2, 0.3, 0.3, 4]
01:45:00:012:0 out_port [6, 0, 0, 0, 0.112349, 55, 1, 0.5, 0.6, 0.7, 5]
01:45:00:012:0 out_port [6, 0, 0, 0, 0.904557, 35, 1, 0.6, 0.7, 0.9, 6]
01:45:00:012:0 out_port [6, 0, 0, 0, 1, 18, 0, 0.15, 0.2, 0.3, 7]
01:45:00:012:0 out_port [6, 0, 0, 0, 0.829234, 40, 1, 0.8, 0.7, 0.6, 8]
01:45:00:012:0 out_port [6, 0, 0, 0, 0.218041, 70, 0, 0.3, 0.7, 0.8, 9]
01:45:00:012:0 out_port [6, 0, 0, 0, 0.992057, 50, 1, 0.4, 0.5, 0.4, 10]
01:45:00:012:0 out_port [6, 0, 0, 0, 1, 36, 0, 0.9, 0.2, 0.3, 11]
01:45:00:012:0 out_port [6, 0, 0, 0, 0.904096, 21, 0, 0.6, 0.4, 0.5, 12]
01:45:00:012:0 out_port [6, 0, 0, 0, 0.293298, 28, 1, 0.35, 0.6, 0.7, 13]
01:45:00:012:0 out_port [6, 0, 0, 0, 0.484035, 43, 0, 0.8, 0.4, 0.2, 14]
01:45:00:012:0 out_port [6, 0, 0, 0, 0.868658, 75, 0, 0.2, 0.8, 0.7, 15]
01:45:00:012:0 out_port [6, 0, 0, 0, 1, 37, 1, 0.75, 0.8, 0.6, 16]
02:00:00:000:0 out_port [7, 0, 1, 0.55319, 0.821903, 35, 1, 0.6, 0.7, 0.9, 6]
02:00:00:000:0 out_port [7, 0, 1, 0.855345, 1, 18, 0, 0.15, 0.2, 0.3, 7]
02:00:00:000:0 out_port [7, 0, 1, 0.671315, 0.966278, 50, 1, 0.4, 0.5, 0.4, 10]
02:00:00:000:0 out_port [7, 0, 1, 0.761595, 1, 36, 0, 0.9, 0.2, 0.3, 11]
02:00:00:002:0 out_port [7, 0, 1, -0.0619728, 0.204478, 20, 0, 0.3, 0.15, 0.2, 2]
02:00:00:002:0 out_port [7, 0, 1, -0.0579269, 0.50325, 30, 1, 0.4, 0.4, 0.8, 3]
02:00:00:002:0 out_port [7, 0, 1, -0.147139, 0.114924, 55, 1, 0.5, 0.6, 0.7, 5]
02:00:00:002:0 out_port [7, 0, 1, -0.314659, 0.83474, 40, 1, 0.8, 0.7, 0.6, 8]
02:00:00:002:0 out_port [7, 0, 1, -0.207805, 0.221678, 70, 0, 0.3, 0.7, 0.8, 9]
02:00:00:002:0 out_port [7, 0, 1, -0.0729371, 0.905373, 21, 0, 0.6, 0.4, 0.5, 12]
02:00:00:002:0 out_port [7, 0, 1, 0.115578, 0.482012, 43, 0, 0.8, 0.4, 0.2, 14]
02:00:00:002:0 out_port [7, 0, 1, -0.687614, 0.880691, 75, 0, 0.2, 0.8, 0.7, 15]
02:00:00:004:0 out_port [7, 0, 1, -0.158794, 0.0187981, 45, 1, 0.1, 0.6, 0.4, 1]
02:00:00:004:0 out_port [7, 0, 1, -0.397747, 0.748282, 65, 0, 0.2, 0.3, 0.3, 4]
02:00:00:004:0 out_port [7, 0, 1, 0.0739579, 0.292004, 28, 1, 0.35, 0.6, 0.7, 13]
02:00:00:004:0 out_port [7, 0, 1, -0.648409, 1, 37, 1, 0.75, 0.8, 0.6, 16]
02:00:00:012:0 out_port [7, 0, 0, 0, 0.0187981, 45, 1, 0.1, 0.6, 0.4, 1]
02:00:00:012:0 out_port [7, 0, 0, 0, 0.204478, 20, 0, 0.3, 0.15, 0.2, 2]
02:00:00:012:0 out_port [7, 0, 0, 0, 0.50325, 30, 1, 0.4, 0.4, 0.8, 3]
02:00:00:012:0 out_port [7, 0, 0, 0, 0.748282, 65, 0, 0.2, 0.3, 0.3, 4]
02:00:00:012:0 out_port [7, 0, 0, 0, 0.114924, 55, 1, 0.5, 0.6, 0.7, 5]
02:00:00:012:0 out_port [7, 0, 0, 0, 0.821903, 35, 1, 0.6, 0.7, 0.9, 6]
02:00:00:012:0 out_port [7, 0, 0, 0, 1, 18, 0, 0.15, 0.2, 0.3, 7]
02:00:00:012:0 out_port [7, 0, 0, 0, 0.83474, 40, 1, 0.8, 0.7, 0.6, 8]
02:00:00:012:0 out_port [7, 0, 0, 0, 0.221678, 70, 0, 0.3, 0.7, 0.8, 9]
02:00:00:012:0 out_port [7, 0, 0, 0, 0.966278, 50, 1, 0.4, 0.5, 0.4, 10]
02:00:00:012:0 out_port [7, 0, 0, 0, 1, 36, 0, 0.9, 0.2, 0.3, 11]
02:00:00:012:0 out_port [7, 0, 0, 0, 0.905373, 21, 0, 0.6, 0.4, 0.5, 12]
02:00:00:012:0 out_port [7, 0, 0, 0, 0.292004, 28, 1, 0.35, 0.6, 0.7, 13]
02:00:00:012:0 out_port [7, 0, 0, 0, 0.482012, 43, 0, 0.8, 0.4, 0.2, 14]
02:00:00:012:0 out_port [7, 0, 0, 0, 0.880691, 75, 0, 0.2, 0.8, 0.7, 15]
02:00:00:012:0 out_port [7, 0, 0, 0, 1, 37, 1, 0.75, 0.8, 0.6, 16]
02:15:00:000:0 out_port [8, 0, 1, 0.466112, 0.710716, 35, 1, 0.6, 0.7, 0.9, 6]
02:15:00:000:0 out_port [8, 0, 1, 0.797196, 1, 18, 0, 0.15, 0.2, 0.3, 7]
02:15:00:000:0 out_port [8, 0, 1, 0.604143, 0.89206, 50, 1, 0.4, 0.5, 0.4, 10]
02:15:00:000:0 out_port [8, 0, 1, 0.703446, 1, 36, 0, 0.9, 0.2, 0.3, 11]
02:15:00:002:0 out_port [8, 0, 1, -0.0352476, 0.205094, 20, 0, 0.3, 0.15, 0.2, 2]
02:15:00:002:0 out_port [8, 0, 1, -0.0419109, 0.503983, 30, 1, 0.4, 0.4, 0.8, 3]
02:15:00:002:0 out_port [8, 0, 1, -0.120377, 0.117031, 55, 1, 0.5, 0.6, 0.7, 5]
02:15:00:002:0 out_port [8, 0, 1, -0.298531, 0.839965, 40, 1, 0.8, 0.7, 0.6, 8]
02:15:00:002:0 out_port [8, 0, 1, -0.187406, 0.224958, 70, 0, 0.3, 0.7, 0.8, 9]
02:15:00:002:0 out_port [8, 0, 1, -0.0569146, 0.906369, 21, 0, 0.6, 0.4, 0.5, 12]
02:15:00:002:0 out_port [8, 0, 1, 0.135837, 0.479635, 43, 0, 0.8, 0.4, 0.2, 14]
02:15:00:002:0 out_port [8, 0, 1, -0.671325, 0.892439, 75, 0, 0.2, 0.8, 0.7, 15]
02:15:00:004:0 out_port [8, 0, 1, -0.151391, 0.0214475, 45, 1, 0.1, 0.6, 0.4, 1]
02:15:00:004:0 out_port [8, 0, 1, -0.393497, 0.755168, 65, 0, 0.2, 0.3, 0.3, 4]
02:15:00:004:0 out_port [8, 0, 1, 0.0684135, 0.290807, 28, 1, 0.35, 0.6, 0.7, 13]
02:15:00:004:0 out_port [8, 0, 1, -0.643639, 1, 37, 1, 0.75, 0.8, 0.6, 16]
02:15:00:012:0 out_port [8, 0, 0, 0, 0.0214475, 45, 1, 0.1, 0.6, 0.4, 1]
02:15:00:012:0 out_port [8, 0, 0, 0, 0.205094, 20, 0, 0.3, 0.15, 0.2, 2]
02:15:00:012:0 out_port [8, 0, 0, 0, 0.503983, 30, 1, 0.4, 0.4, 0.8, 3]
02:15:00:012:0 out_port [8, 0, 0, 0, 0.755168, 65, 0, 0.2, 0.3, 0.3, 4]
02:15:00:012:0 out_port [8, 0, 0, 0, 0.117031, 55, 1, 0.5, 0.6, 0.7, 5]
02:15:00:012:0 out_port [8, 0, 0, 0, 0.710716, 35, 1, 0.6, 0.7, 0.9, 6]
02:15:00:012:0 out_port [8, 0, 0, 0, 1, 18, 0, 0.15, 0.2, 0.3, 7]
02:15:00:012:0 out_port [8, 0, 0, 0, 0.839965, 40, 1, 0.8, 0.7, 0.6, 8]
02:15:00:012:0 out_port [8, 0, 0, 0, 0.224958, 70, 0, 0.3, 0.7, 0.8, 9]
02:15:00:012:0 out_port [8, 0, 0, 0, 0.89206, 50, 1, 0.4, 0.5, 0.4, 10]
02:15:00:012:0 out_port [8, 0, 0, 0, 1, 36, 0, 0.9, 0.2, 0.3, 11]
02:15:00:012:0 out_port [8, 0, 0, 0, 0.906369, 21, 0, 0.6, 0.4, 0.5, 12]
02:15:00:012:0 out_port [8, 0, 0, 0, 0.290807, 28, 1, 0.35, 0.6, 0.7, 13]
02:15:00:012:0 out_port [8, 0, 0, 0, 0.479635, 43, 0, 0.8, 0.4, 0.2, 14]
02:15:00:012:0 out_port [8, 0, 0, 0, 0.892439, 75, 0, 0.2, 0.8, 0.7, 15]
02:15:00:012:0 out_port [8, 0, 0, 0, 1, 37, 1, 0.75, 0.8, 0.6, 16]
02:30:00:000:0 out_port [9, 0, 1, 0.509603, 0.689825, 35, 1, 0.6, 0.7, 0.9, 6]
02:30:00:000:0 out_port [9, 0, 1, 0.879602, 1, 18, 0, 0.15, 0.2, 0.3, 7]
02:30:00:000:0 out_port [9, 0, 1, 0.660573, 0.895199, 50, 1, 0.4, 0.5, 0.4, 10]
02:30:00:000:0 out_port [9, 0, 1, 0.785852, 1, 36, 0, 0.9, 0.2, 0.3, 11]
02:30:00:002:0 out_port [9, 0, 1, -0.0466754, 0.205911, 20, 0, 0.3, 0.15, 0.2, 2]
02:30:00:002:0 out_port [9, 0, 1, -0.0645545, 0.505113, 30, 1, 0.4, 0.4, 0.8, 3]
02:30:00:002:0 out_port [9, 0, 1, -0.131767, 0.119337, 55, 1, 0.5, 0.6, 0.7, 5]
02:30:00:002:0 out_port [9, 0, 1, -0.321064, 0.845583, 40, 1, 0.8, 0.7, 0.6, 8]
02:30:00:002:0 out_port [9, 0, 1, -0.202921, 0.228509, 70, 0, 0.3, 0.7, 0.8, 9]
02:30:00:002:0 out_port [9, 0, 1, -0.0795517, 0.907761, 21, 0, 0.6, 0.4, 0.5, 12]
02:30:00:002:0 out_port [9, 0, 1, 0.120182, 0.477532, 43, 0, 0.8, 0.4, 0.2, 14]
02:30:00:002:0 out_port [9, 0, 1, -0.693696, 0.904579, 75, 0, 0.2, 0.8, 0.7, 15]
02:30:00:004:0 out_port [9, 0, 1, -0.154489, 0.024151, 45, 1, 0.1, 0.6, 0.4, 1]
02:30:00:004:0 out_port [9, 0, 1, -0.399866, 0.762166, 65, 0, 0.2, 0.3, 0.3, 4]
02:30:00:004:0 out_port [9, 0, 1, 0.072741, 0.289534, 28, 1, 0.35, 0.6, 0.7, 13]
02:30:00:004:0 out_port [9, 0, 1, -0.649491, 1, 37, 1, 0.75, 0.8, 0.6, 16]
02:30:00:012:0 out_port [9, 0, 0, 0, 0.024151, 45, 1, 0.1, 0.6, 0.4, 1]
02:30:00:012:0 out_port [9, 0, 0, 0, 0.205911, 20, 0, 0.3, 0.15, 0.2, 2]
02:30:00:012:0 out_port [9, 0, 0, 0, 0.505113, 30, 1, 0.4, 0.4, 0.8, 3]
02:30:00:012:0 out_port [9, 0, 0, 0, 0.762166, 65, 0, 0.2, 0.3, 0.3, 4]
02:30:00:012:0 out_port [9, 0, 0, 0, 0.119337, 55, 1, 0.5, 0.6, 0.7, 5]
02:30:00:012:0 out_port [9, 0, 0, 0, 0.689825, 35, 1, 0.6, 0.7, 0.9, 6]
02:30:00:012:0 out_port [9, 0, 0, 0, 1, 18, 0, 0.15, 0.2, 0.3, 7]
02:30:00:012:0 out_port [9, 0, 0, 0, 0.845583, 40, 1, 0.8, 0.7, 0.6, 8]
02:30:00:012:0 out_port [9, 0, 0, 0, 0.228509, 70, 0, 0.3, 0.7, 0.8, 9]
02:30:00:012:0 out_port [9, 0, 0, 0, 0.895199, 50, 1, 0.4, 0.5, 0.4, 10]
02:30:00:012:0 out_port [9, 0, 0, 0, 1, 36, 0, 0.9, 0.2, 0.3, 11]
02:30:00:012:0 out_port [9, 0, 0, 0, 0.907761, 21, 0, 0.6, 0.4, 0.5, 12]
02:30:00:012:0 out_port [9, 0, 0, 0, 0.289534, 28, 1, 0.35, 0.6, 0.7, 13]
02:30:00:012:0 out_port [9, 0, 0, 0, 0.477532, 43, 0, 0.8, 0.4, 0.2, 14]
02:30:00:012:0 out_port [9, 0, 0, 0, 0.904579, 75, 0, 0.2, 0.8, 0.7, 15]
02:30:00:012:0 out_port [9, 0, 0, 0, 1, 37, 1, 0.75, 0.8, 0.6, 16]
02:45:00:000:0 out_port [10, 1, 1, 0.284662, 0.968339, 35, 1, 0.6, 0.7, 0.9, 6]
02:45:00:000:0 out_port [10, 1, 1, 0.44485, 1, 18, 0, 0.15, 0.2, 0.3, 7]
02:45:00:000:0 out_port [10, 1, 1, 0.300281, 1, 50, 1, 0.4, 0.5, 0.4, 10]
02:45:00:000:0 out_port [10, 1, 1, 0.3511, 1, 36, 0, 0.9, 0.2, 0.3, 11]
02:45:00:002:0 out_port [10, 1, 1, 0.0083105, 0.205766, 20, 0, 0.3, 0.15, 0.2, 2]
02:45:00:002:0 out_port [10, 1, 1, 0.0550302, 0.50415, 30, 1, 0.4, 0.4, 0.8, 3]
02:45:00:002:0 out_port [10, 1, 1, -0.0767447, 0.12068, 55, 1, 0.5, 0.6, 0.7, 5]
02:45:00:002:0 out_port [10, 1, 1, -0.201368, 0.849107, 40, 1, 0.8, 0.7, 0.6, 8]
02:45:00:002:0 out_port [10, 1, 1, -0.106347, 0.23037, 70, 0, 0.3, 0.7, 0.8, 9]
02:45:00:002:0 out_port [10, 1, 1, 0.0400395, 0.90706, 21, 0, 0.6, 0.4, 0.5, 12]
02:45:00:002:0 out_port [10, 1, 1, 0.216617, 0.473741, 43, 0, 0.8, 0.4, 0.2, 14]
02:45:00:002:0 out_port [10, 1, 1, -0.573839, 0.914621, 75, 0, 0.2, 0.8, 0.7, 15]
02:45:00:004:0 out_port [10, 1, 1, -0.143868, 0.0266687, 45, 1, 0.1, 0.6, 0.4, 1]
02:45:00:004:0 out_port [10, 1, 1, -0.397444, 0.769121, 65, 0, 0.2, 0.3, 0.3, 4]
02:45:00:004:0 out_port [10, 1, 1, 0.0462838, 0.288724, 28, 1, 0.35, 0.6, 0.7, 13]
02:45:00:004:0 out_port [10, 1, 1, -0.616281, 1, 37, 1, 0.75, 0.8, 0.6, 16]
02:45:00:012:0 out_port [10, 0, 0, 0, 0.0266687, 45, 1, 0.1, 0.6, 0.4, 1]
02:45:00:012:0 out_port [10, 0, 0, 0, 0.205766, 20, 0, 0.3, 0.15, 0.2, 2]
02:45:00:012:0 out_port [10, 0, 0, 0, 0.50415, 30, 1, 0.4, 0.4, 0.8, 3]
02:45:00:012:0 out_port [10, 0, 0, 0, 0.769121, 65, 0, 0.2, 0.3, 0.3, 4]
02:45:00:012:0 out_port [10, 0, 0, 0, 0.12068, 55, 1, 0.5, 0.6, 0.7, 5]
02:45:00:012:0 out_port [10, 0, 0, 0, 0.968339, 35, 1, 0.6, 0.7, 0.9, 6]
02:45:00:012:0 out_port [10, 0, 0, 0, 1, 18, 0, 0.15, 0.2, 0.3, 7]
02:45:00:012:0 out_port [10, 0, 0, 0, 0.849107, 40, 1, 0.8, 0.7, 0.6, 8]
02:45:00:012:0 out_port [10, 0, 0, 0, 0.23037, 70, 0, 0.3, 0.7, 0.8, 9]
02:45:00:012:0 out_port [10, 0, 0, 0, 1, 50, 1, 0.4, 0.5, 0.4, 10]
02:45:00:012:0 out_port [10, 0, 0, 0, 1, 36, 0, 0.9, 0.2, 0.3, 11]
02:45:00:012:0 out_port [10, 0, 0, 0, 0.90706, 21, 0, 0.6, 0.4, 0.5, 12]
02:45:00:012:0 out_port [10, 0, 0, 0, 0.288724, 28, 1, 0.35, 0.6, 0.7, 13]
02:45:00:012:0 out_port [10, 0, 0, 0, 0.473741, 43, 0, 0.8, 0.4, 0.2, 14]
02:45:00:012:0 out_port [10, 0, 0, 0, 0.914621, 75, 0, 0.2, 0.8, 0.7, 15]
02:45:00:012:0 out_port [10, 0, 0, 0, 1, 37, 1, 0.75, 0.8, 0.6, 16]
03:00:00:000:0 out_port [11, 0, 1, 0.571783, 0.842634, 35, 1, 0.6, 0.7, 0.9, 6]
03:00:00:000:0 out_port [11, 0, 1, 0.851614, 1, 18, 0, 0.15, 0.2, 0.3, 7]
03:00:00:000:0 out_port [11, 0, 1, 0.670364, 0.950714, 50, 1, 0.4, 0.5, 0.4, 10]
03:00:00:000:0 out_port [11, 0, 1, 0.757864, 1, 36, 0, 0.9, 0.2, 0.3, 11]
03:00:00:002:0 out_port [11, 0, 1, -0.0675402, 0.206948, 20, 0, 0.3, 0.15, 0.2, 2]
03:00:00:002:0 out_port [11, 0, 1, -0.0568537, 0.505145, 30, 1, 0.4, 0.4, 0.8, 3]
03:00:00:002:0 out_port [11, 0, 1, -0.152559, 0.123349, 55, 1, 0.5, 0.6, 0.7, 5]
03:00:00:002:0 out_port [11, 0, 1, -0.313141, 0.854587, 40, 1, 0.8, 0.7, 0.6, 8]
03:00:00:002:0 out_port [11, 0, 1, -0.206854, 0.23399, 70, 0, 0.3, 0.7, 0.8, 9]
03:00:00:002:0 out_port [11, 0, 1, -0.071838, 0.908317, 21, 0, 0.6, 0.4, 0.5, 12]
03:00:00:002:0 out_port [11, 0, 1, 0.11597, 0.471711, 43, 0, 0.8, 0.4, 0.2, 14]
03:00:00:002:0 out_port [11, 0, 1, -0.685451, 0.926617, 75, 0, 0.2, 0.8, 0.7, 15]
03:00:00:004:0 out_port [11, 0, 1, -0.160123, 0.0294708, 45, 1, 0.1, 0.6, 0.4, 1]
03:00:00:004:0 out_port [11, 0, 1, -0.398093, 0.776087, 65, 0, 0.2, 0.3, 0.3, 4]
03:00:00:004:0 out_port [11, 0, 1, 0.0739919, 0.287429, 28, 1, 0.35, 0.6, 0.7, 13]
03:00:00:004:0 out_port [11, 0, 1, -0.646678, 1, 37, 1, 0.75, 0.8, 0.6, 16]
03:00:00:012:0 out_port [11, 0, 0, 0, 0.0294708, 45, 1, 0.1, 0.6, 0.4, 1]
03:00:00:012:0 out_port [11, 0, 0, 0, 0.206948, 20, 0, 0.3, 0.15, 0.2, 2]
03:00:00:012:0 out_port [11, 0, 0, 0, 0.505145, 30, 1, 0.4, 0.4, 0.8, 3]
03:00:00:012:0 out_port [11, 0, 0, 0, 0.776087, 65, 0, 0.2, 0.3, 0.3, 4]
03:00:00:012:0 out_port [11, 0, 0, 0, 0.123349, 55, 1, 0.5, 0.6, 0.7, 5]
03:00:00:012:0 out_port [11, 0, 0, 0, 0.842634, 35, 1, 0.6, 0.7, 0.9, 6]
03:00:00:012:0 out_port [11, 0, 0, 0, 1, 18, 0, 0.15, 0.2, 0.3, 7]
03:00:00:012:0 out_port [11, 0, 0, 0, 0.854587, 40, 1, 0.8, 0.7, 0.6, 8]
03:00:00:012:0 out_port [11, 0, 0, 0, 0.23399, 70, 0, 0.3, 0.7, 0.8, 9]
03:00:00:012:0 out_port [11, 0, 0, 0, 0.950714, 50, 1, 0.4, 0.5, 0.4, 10]
03:00:00:012:0 out_port [11, 0, 0, 0, 1, 36, 0, 0.9, 0.2, 0.3, 11]
03:00:00:012:0 out_port [11, 0, 0, 0, 0.908317, 21, 0, 0.6, 0.4, 0.5, 12]
03:00:00:012:0 out_port [11, 0, 0, 0, 0.287429, 28, 1, 0.35, 0.6, 0.7, 13]
03:00:00:012:0 out_port [11, 0, 0, 0, 0.471711, 43, 0, 0.8, 0.4, 0.2, 14]
03:00:00:012:0 out_port [11, 0, 0, 0, 0.926617, 75, 0, 0.2, 0.8, 0.7, 15]
03:00:00:012:0 out_port [11, 0, 0, 0, 1, 37, 1, 0.75, 0.8, 0.6, 16]
03:15:00:000:0 out_port [12, 0, 1, 0.526645, 0.751698, 35, 1, 0.6, 0.7, 0.9, 6]
03:15:00:000:0 out_port [12, 0, 1, 0.850473, 1, 18, 0, 0.15, 0.2, 0.3, 7]
03:15:00:000:0 out_port [12, 0, 1, 0.651973, 0.90945, 50, 1, 0.4, 0.5, 0.4, 10]
03:15:00:000:0 out_port [12, 0, 1, 0.756723, 1, 36, 0, 0.9, 0.2, 0.3, 11]
03:15:00:002:0 out_port [12, 0, 1, -0.0528475, 0.207873, 20, 0, 0.3, 0.15, 0.2, 2]
03:15:00:002:0 out_port [12, 0, 1, -0.0565154, 0.506134, 30, 1, 0.4, 0.4, 0.8, 3]
03:15:00:002:0 out_port [12, 0, 1, -0.137829, 0.125761, 55, 1, 0.5, 0.6, 0.7, 5]
03:15:00:002:0 out_port [12, 0, 1, -0.312692, 0.860059, 40, 1, 0.8, 0.7, 0.6, 8]
03:15:00:002:0 out_port [12, 0, 1, -0.200685, 0.237502, 70, 0, 0.3, 0.7, 0.8, 9]
03:15:00:002:0 out_port [12, 0, 1, -0.0714931, 0.909568, 21, 0, 0.6, 0.4, 0.5, 12]
03:15:00:002:0 out_port [12, 0, 1, 0.121998, 0.469576, 43, 0, 0.8, 0.4, 0.2, 14]
03:15:00:002:0 out_port [12, 0, 1, -0.68484, 0.938601, 75, 0, 0.2, 0.8, 0.7, 15]
03:15:00:004:0 out_port [12, 0, 1, -0.156036, 0.0322015, 45, 1, 0.1, 0.6, 0.4, 1]
03:15:00:004:0 out_port [12, 0, 1, -0.398148, 0.783055, 65, 0, 0.2, 0.3, 0.3, 4]
03:15:00:004:0 out_port [12, 0, 1, 0.0723548, 0.286163, 28, 1, 0.35, 0.6, 0.7, 13]
03:15:00:004:0 out_port [12, 0, 1, -0.646213, 1, 37, 1, 0.75, 0.8, 0.6, 16]
03:15:00:012:0 out_port [12, 0, 0, 0, 0.0322015, 45, 1, 0.1, 0.6, 0.4, 1]
03:15:00:012:0 out_port [12, 0, 0, 0, 0.207873, 20, 0, 0.3, 0.15, 0.2, 2]
03:15:00:012:0 out_port [12, 0, 0, 0, 0.506134, 30, 1, 0.4, 0.4, 0.8, 3]
03:15:00:012:0 out_port [12, 0, 0, 0, 0.783055, 65, 0, 0.2, 0.3, 0.3, 4]
03:15:00:012:0 out_port [12, 0, 0, 0, 0.125761, 55, 1, 0.5, 0.6, 0.7, 5]
03:15:00:012:0 out_port [12, 0, 0, 0, 0.751698, 35, 1, 0.6, 0.7, 0.9, 6]
03:15:00:012:0 out_port [12, 0, 0, 0, 1, 18, 0, 0.15, 0.2, 0.3, 7]
03:15:00:012:0 out_port [12, 0, 0, 0, 0.860059, 40, 1, 0.8, 0.7, 0.6, 8]
03:15:00:012:0 out_port [12, 0, 0, 0, 0.237502, 70, 0, 0.3, 0.7, 0.8, 9]
03:15:00:012:0 out_port [12, 0, 0, 0, 0.90945, 50, 1, 0.4, 0.5, 0.4, 10]
03:15:00:012:0 out_port [12, 0, 0, 0, 1, 36, 0, 0.9, 0.2, 0.3, 11]
03:15:00:012:0 out_port [12, 0, 0, 0, 0.909568, 21, 0, 0.6, 0.4, 0.5, 12]
03:15:00:012:0 out_port [12, 0, 0, 0, 0.286163, 28, 1, 0.35, 0.6, 0.7, 13]
03:15:00:012:0 out_port [12, 0, 0, 0, 0.469576, 43, 0, 0.8, 0.4, 0.2, 14]
03:15:00:012:0 out_port [12, 0, 0, 0, 0.938601, 75, 0, 0.2, 0.8, 0.7, 15]
03:15:00:012:0 out_port [12, 0, 0, 0, 1, 37, 1, 0.75, 0.8, 0.6, 16]
03:30:00:000:0 out_port [13, 0, 1, 0.551551, 0.734317, 35, 1, 0.6, 0.7, 0.9, 6]
03:30:00:000:0 out_port [13, 0, 1, 0.907206, 1, 18, 0, 0.15, 0.2, 0.3, 7]
03:30:00:000:0 out_port [13, 0, 1, 0.694264, 0.924356, 50, 1, 0.4, 0.5, 0.4, 10]
03:30:00:000:0 out_port [13, 0, 1, 0.813456, 1, 36, 0, 0.9, 0.2, 0.3, 11]
03:30:00:002:0 out_port [13, 0, 1, -0.0592435, 0.208909, 20, 0, 0.3, 0.15, 0.2, 2]
03:30:00:002:0 out_port [13, 0, 1, -0.0720924, 0.507395, 30, 1, 0.4, 0.4, 0.8, 3]
03:30:00:002:0 out_port [13, 0, 1, -0.144188, 0.128285, 55, 1, 0.5, 0.6, 0.7, 5]
03:30:00:002:0 out_port [13, 0, 1, -0.328158, 0.865802, 40, 1, 0.8, 0.7, 0.6, 8]
03:30:00:002:0 out_port [13, 0, 1, -0.212597, 0.241222, 70, 0, 0.3, 0.7, 0.8, 9]
03:30:00:002:0 out_port [13, 0, 1, -0.0870637, 0.911092, 21, 0, 0.6, 0.4, 0.5, 12]
03:30:00:002:0 out_port [13, 0, 1, 0.109947, 0.467652, 43, 0, 0.8, 0.4, 0.2, 14]
03:30:00:002:0 out_port [13, 0, 1, -0.700145, 0.950854, 75, 0, 0.2, 0.8, 0.7, 15]
03:30:00:004:0 out_port [13, 0, 1, -0.157753, 0.0349622, 45, 1, 0.1, 0.6, 0.4, 1]
03:30:00:004:0 out_port [13, 0, 1, -0.402573, 0.7901, 65, 0, 0.2, 0.3, 0.3, 4]
03:30:00:004:0 out_port [13, 0, 1, 0.0756853, 0.284838, 28, 1, 0.35, 0.6, 0.7, 13]
03:30:00:004:0 out_port [13, 0, 1, -0.650119, 1, 37, 1, 0.75, 0.8, 0.6, 16]
03:30:00:012:0 out_port [13, 0, 0, 0, 0.0349622, 45, 1, 0.1, 0.6, 0.4, 1]
03:30:00:012:0 out_port [13, 0, 0, 0, 0.208909, 20, 0, 0.3, 0.15, 0.2, 2]
03:30:00:012:0 out_port [13, 0, 0, 0, 0.507395, 30, 1, 0.4, 0.4, 0.8, 3]
03:30:00:012:0 out_port [13, 0, 0, 0, 0.7901, 65, 0, 0.2, 0.3, 0.3, 4]
03:30:00:012:0 out_port [13, 0, 0, 0, 0.128285, 55, 1, 0.5, 0.6, 0.7, 5]
03:30:00:012:0 out_port [13, 0, 0, 0, 0.734317, 35, 1, 0.6, 0.7, 0.9, 6]
03:30:00:012:0 out_port [13, 0, 0, 0, 1, 18, 0, 0.15, 0.2, 0.3, 7]
03:30:00:012:0 out_port [13, 0, 0, 0, 0.865802, 40, 1, 0.8, 0.7, 0.6, 8]
03:30:00:012:0 out_port [13, 0, 0, 0, 0.241222, 70, 0, 0.3, 0.7, 0.8, 9]
03:30:00:012:0 out_port [13, 0, 0, 0, 0.924356, 50, 1, 0.4, 0.5, 0.4, 10]
03:30:00:012:0 out_port [13, 0, 0, 0, 1, 36, 0, 0.9, 0.2, 0.3, 11]
03:30:00:012:0 out_port [13, 0, 0, 0, 0.911092, 21, 0, 0.6, 0.4, 0.5, 12]
03:30:00:012:0 out_port [13, 0, 0, 0, 0.284838, 28, 1, 0.35, 0.6, 0.7, 13]
03:30:00:012:0 out_port [13, 0, 0, 0, 0.467652, 43, 0, 0.8, 0.4, 0.2, 14]
03:30:00:012:0 out_port [13, 0, 0, 0, 0.950854, 75, 0, 0.2, 0.8, 0.7, 15]
03:30:00:012:0 out_port [13, 0, 0, 0, 1, 37, 1, 0.75, 0.8, 0.6, 16]
03:45:00:000:0 out_port [14, 1, 1, 0.362809, 1, 35, 1, 0.6, 0.7, 0.9, 6]
03:45:00:000:0 out_port [14, 1, 1, 0.53857, 1, 18, 0, 0.15, 0.2, 0.3, 7]
03:45:00:000:0 out_port [14, 1, 1, 0.383795, 1, 50, 1, 0.4, 0.5, 0.4, 10]
03:45:00:000:0 out_port [14, 1, 1, 0.44482, 1, 36, 0, 0.9, 0.2, 0.3, 11]
03:45:00:002:0 out_port [14, 1, 1, -0.0138893, 0.209152, 20, 0, 0.3, 0.15, 0.2, 2]
03:45:00:002:0 out_port [14, 1, 1, 0.0293139, 0.506882, 30, 1, 0.4, 0.4, 0.8, 3]
03:45:00:002:0 out_port [14, 1, 1, -0.0987973, 0.130014, 55, 1, 0.5, 0.6, 0.7, 5]
03:45:00:002:0 out_port [14, 1, 1, -0.226641, 0.869768, 40, 1, 0.8, 0.7, 0.6, 8]
03:45:00:002:0 out_port [14, 1, 1, -0.128998, 0.24348, 70, 0, 0.3, 0.7, 0.8, 9]
03:45:00:002:0 out_port [14, 1, 1, 0.0143491, 0.910841, 21, 0, 0.6, 0.4, 0.5, 12]
03:45:00:002:0 out_port [14, 1, 1, 0.193406, 0.464268, 43, 0, 0.8, 0.4, 0.2, 14]
03:45:00:002:0 out_port [14, 1, 1, -0.598467, 0.961327, 75, 0, 0.2, 0.8, 0.7, 15]
03:45:00:004:0 out_port [14, 1, 1, -0.145218, 0.0375035, 45, 1, 0.1, 0.6, 0.4, 1]
03:45:00:004:0 out_port [14, 1, 1, -0.390996, 0.796942, 65, 0, 0.2, 0.3, 0.3, 4]
03:45:00:004:0 out_port [14, 1, 1, 0.052785, 0.283915, 28, 1, 0.35, 0.6, 0.7, 13]
03:45:00:004:0 out_port [14, 1, 1, -0.621898, 1, 37, 1, 0.75, 0.8, 0.6, 16]
03:45:00:012:0 out_port [14, 0, 0, 0, 0.0375035, 45, 1, 0.1, 0.6, 0.4, 1]
03:45:00:012:0 out_port [14, 0, 0, 0, 0.209152, 20, 0, 0.3, 0.15, 0.2, 2]
03:45:00:012:0 out_port [14, 0, 0, 0, 0.506882, 30, 1, 0.4, 0.4, 0.8, 3]
03:45:00:012:0 out_port [14, 0, 0, 0, 0.796942, 65, 0, 0.2, 0.3, 0.3, 4]
03:45:00:012:0 out_port [14, 0, 0, 0, 0.130014, 55, 1, 0.5, 0.6, 0.7, 5]
03:45:00:012:0 out_port [14, 0, 0, 0, 1, 35, 1, 0.6, 0.7, 0.9, 6]
03:45:00:012:0 out_port [14, 0, 0, 0, 1, 18, 0, 0.15, 0.2, 0.3, 7]
03:45:00:012:0 out_port [14, 0, 0, 0, 0.869768, 40, 1, 0.8, 0.7, 0.6, 8]
03:45:00:012:0 out_port [14, 0, 0, 0, 0.24348, 70, 0, 0.3, 0.7, 0.8, 9]
03:45:00:012:0 out_port [14, 0, 0, 0, 1, 50, 1, 0.4, 0.5, 0.4, 10]
03:45:00:012:0 out_port [14, 0, 0, 0, 1, 36, 0, 0.9, 0.2, 0.3, 11]
03:45:00:012:0 out_port [14, 0, 0, 0, 0.910841, 21, 0, 0.6, 0.4, 0.5, 12]
03:45:00:012:0 out_port [14, 0, 0, 0, 0.283915, 28, 1, 0.35, 0.6, 0.7, 13]
03:45:00:012:0 out_port [14, 0, 0, 0, 0.464268, 43, 0, 0.8, 0.4, 0.2, 14]
03:45:00:012:0 out_port [14, 0, 0, 0, 0.961327, 75, 0, 0.2, 0.8, 0.7, 15]
03:45:00:012:0 out_port [14, 0, 0, 0, 1, 37, 1, 0.75, 0.8, 0.6, 16]
04:00:00:000:0 out_port [15, 1, 1, 0.206916, 1, 35, 1, 0.6, 0.7, 0.9, 6]
04:00:00:000:0 out_port [15, 1, 1, 0.475666, 1, 18, 0, 0.15, 0.2, 0.3, 7]
04:00:00:000:0 out_port [15, 1, 1, 0.294416, 1, 50, 1, 0.4, 0.5, 0.4, 10]
04:00:00:000:0 out_port [15, 1, 1, 0.381916, 1, 36, 0, 0.9, 0.2, 0.3, 11]
04:00:00:002:0 out_port [15, 1, 1, 0.0289871, 0.208645, 20, 0, 0.3, 0.15, 0.2, 2]
04:00:00:002:0 out_port [15, 1, 1, 0.0465997, 0.506067, 30, 1, 0.4, 0.4, 0.8, 3]
04:00:00:002:0 out_port [15, 1, 1, -0.0558841, 0.130992, 55, 1, 0.5, 0.6, 0.7, 5]
04:00:00:002:0 out_port [15, 1, 1, -0.209244, 0.87343, 40, 1, 0.8, 0.7, 0.6, 8]
04:00:00:002:0 out_port [15, 1, 1, -0.104363, 0.245306, 70, 0, 0.3, 0.7, 0.8, 9]
04:00:00:002:0 out_port [15, 1, 1, 0.0316414, 0.910287, 21, 0, 0.6, 0.4, 0.5, 12]
04:00:00:002:0 out_port [15, 1, 1, 0.217901, 0.460455, 43, 0, 0.8, 0.4, 0.2, 14]
04:00:00:002:0 out_port [15, 1, 1, -0.580909, 0.971493, 75, 0, 0.2, 0.8, 0.7, 15]
04:00:00:004:0 out_port [15, 1, 1, -0.149295, 0.0401161, 45, 1, 0.1, 0.6, 0.4, 1]
04:00:00:004:0 out_port [15, 1, 1, -0.395939, 0.803871, 65, 0, 0.2, 0.3, 0.3, 4]
04:00:00:004:0 out_port [15, 1, 1, 0.0461203, 0.283107, 28, 1, 0.35, 0.6, 0.7, 13]
04:00:00:004:0 out_port [15, 1, 1, -0.616818, 1, 37, 1, 0.75, 0.8, 0.6, 16]
04:00:00:012:0 out_port [15, 0, 0, 0, 0.0401161, 45, 1, 0.1, 0.6, 0.4, 1]
04:00:00:012:0 out_port [15, 0, 0, 0, 0.208645, 20, 0, 0.3, 0.15, 0.2, 2]
04:00:00:012:0 out_port [15, 0, 0, 0, 0.506067, 30, 1, 0.4, 0.4, 0.8, 3]
04:00:00:012:0 out_port [15, 0, 0, 0, 0.803871, 65, 0, 0.2, 0.3, 0.3, 4]
04:00:00:012:0 out_port [15, 0, 0, 0, 0.130992, 55, 1, 0.5, 0.6, 0.7, 5]
04:00:00:012:0 out_port [15, 0, 0, 0, 1, 35, 1, 0.6, 0.7, 0.9, 6]
04:00:00:012:0 out_port [15, 0, 0, 0, 1, 18, 0, 0.15, 0.2, 0.3, 7]
04:00:00:012:0 out_port [15, 0, 0, 0, 0.87343, 40, 1, 0.8, 0.7, 0.6, 8]
04:00:00:012:0 out_port [15, 0, 0, 0, 0.245306, 70, 0, 0.3, 0.7, 0.8, 9]
04:00:00:012:0 out_port [15, 0, 0, 0, 1, 50, 1, 0.4, 0.5, 0.4, 10]
04:00:00:012:0 out_port [15, 0, 0, 0, 1, 36, 0, 0.9, 0.2, 0.3, 11]
04:00:00:012:0 out_port [15, 0, 0, 0, 0.910287, 21, 0, 0.6, 0.4, 0.5, 12]
04:00:00:012:0 out_port [15, 0, 0, 0, 0.283107, 28, 1, 0.35, 0.6, 0.7, 13]
04:00:00:012:0 out_port [15, 0, 0, 0, 0.460455, 43, 0, 0.8, 0.4, 0.2, 14]
04:00:00:012:0 out_port [15, 0, 0, 0, 0.971493, 75, 0, 0.2, 0.8, 0.7, 15]
04:00:00:012:0 out_port [15, 0, 0, 0, 1, 37, 1, 0.75, 0.8, 0.6, 16]
04:15:00:000:0 out_port [16, 0, 1, 0.597244, 0.884788, 35, 1, 0.6, 0.7, 0.9, 6]
04:15:00:000:0 out_port [16, 0, 1, 0.865994, 1, 18, 0, 0.15, 0.2, 0.3, 7]
04:15:00:000:0 out_port [16, 0, 1, 0.684744, 0.972288, 50, 1, 0.4, 0.5, 0.4, 10]
04:15:00:000:0 out_port [16, 0, 1, 0.772244, 1, 36, 0, 0.9, 0.2, 0.3, 11]
04:15:00:002:0 out_port [16, 0, 1, -0.0755142, 0.209967, 20, 0, 0.3, 0.15, 0.2, 2]
04:15:00:002:0 out_port [16, 0, 1, -0.0607607, 0.50713, 30, 1, 0.4, 0.4, 0.8, 3]
04:15:00:002:0 out_port [16, 0, 1, -0.160349, 0.133798, 55, 1, 0.5, 0.6, 0.7, 5]
04:15:00:002:0 out_port [16, 0, 1, -0.316493, 0.878969, 40, 1, 0.8, 0.7, 0.6, 8]
04:15:00:002:0 out_port [16, 0, 1, -0.210972, 0.248998, 70, 0, 0.3, 0.7, 0.8, 9]
04:15:00:002:0 out_port [16, 0, 1, -0.0757125, 0.911612, 21, 0, 0.6, 0.4, 0.5, 12]
04:15:00:002:0 out_port [16, 0, 1, 0.111152, 0.458509, 43, 0, 0.8, 0.4, 0.2, 14]
04:15:00:002:0 out_port [16, 0, 1, -0.687998, 0.983533, 75, 0, 0.2, 0.8, 0.7, 15]
04:15:00:004:0 out_port [16, 0, 1, -0.162058, 0.0429521, 45, 1, 0.1, 0.6, 0.4, 1]
04:15:00:004:0 out_port [16, 0, 1, -0.399979, 0.810871, 65, 0, 0.2, 0.3, 0.3, 4]
04:15:00:004:0 out_port [16, 0, 1, 0.0755044, 0.281786, 28, 1, 0.35, 0.6, 0.7, 13]
04:15:00:004:0 out_port [16, 0, 1, -0.645969, 1, 37, 1, 0.75, 0.8, 0.6, 16]
04:15:00:012:0 out_port [16, 0, 0, 0, 0.0429521, 45, 1, 0.1, 0.6, 0.4, 1]
04:15:00:012:0 out_port [16, 0, 0, 0, 0.209967, 20, 0, 0.3, 0.15, 0.2, 2]
04:15:00:012:0 out_port [16, 0, 0, 0, 0.50713, 30, 1, 0.4, 0.4, 0.8, 3]
04:15:00:012:0 out_port [16, 0, 0, 0, 0.810871, 65, 0, 0.2, 0.3, 0.3, 4]
04:15:00:012:0 out_port [16, 0, 0, 0, 0.133798, 55, 1, 0.5, 0.6, 0.7, 5]
04:15:00:012:0 out_port [16, 0, 0, 0, 0.884788, 35, 1, 0.6, 0.7, 0.9, 6]
04:15:00:012:0 out_port [16, 0, 0, 0, 1, 18, 0, 0.15, 0.2, 0.3, 7]
04:15:00:012:0 out_port [16, 0, 0, 0, 0.878969, 40, 1, 0.8, 0.7, 0.6, 8]
04:15:00:012:0 out_port [16, 0, 0, 0, 0.248998, 70, 0, 0.3, 0.7, 0.8, 9]
04:15:00:012:0 out_port [16, 0, 0, 0, 0.972288, 50, 1, 0.4, 0.5, 0.4, 10]
04:15:00:012:0 out_port [16, 0, 0, 0, 1, 36, 0, 0.9, 0.2, 0.3, 11]
04:15:00:012:0 out_port [16, 0, 0, 0, 0.911612, 21, 0, 0.6, 0.4, 0.5, 12]
04:15:00:012:0 out_port [16, 0, 0, 0, 0.281786, 28, 1, 0.35, 0.6, 0.7, 13]
04:15:00:012:0 out_port [16, 0, 0, 0, 0.458509, 43, 0, 0.8, 0.4, 0.2, 14]
04:15:00:012:0 out_port [16, 0, 0, 0, 0.983533, 75, 0, 0.2, 0.8, 0.7, 15]
04:15:00:012:0 out_port [16, 0, 0, 0, 1, 37, 1, 0.75, 0.8, 0.6, 16]
04:30:00:000:0 out_port [17, 0, 1, 0.575526, 0.820769, 35, 1, 0.6, 0.7, 0.9, 6]
04:30:00:000:0 out_port [17, 0, 1, 0.8846, 1, 18, 0, 0.15, 0.2, 0.3, 7]
04:30:00:000:0 out_port [17, 0, 1, 0.693651, 0.965144, 50, 1, 0.4, 0.5, 0.4, 10]
04:30:00:000:0 out_port [17, 0, 1, 0.79085, 1, 36, 0, 0.9, 0.2, 0.3, 11]
04:30:00:002:0 out_port [17, 0, 1, -0.0679245, 0.211155, 20, 0, 0.3, 0.15, 0.2, 2]
04:30:00:002:0 out_port [17, 0, 1, -0.0658511, 0.508283, 30, 1, 0.4, 0.4, 0.8, 3]
04:30:00:002:0 out_port [17, 0, 1, -0.152722, 0.13647, 55, 1, 0.5, 0.6, 0.7, 5]
04:30:00:002:0 out_port [17, 0, 1, -0.321473, 0.884594, 40, 1, 0.8, 0.7, 0.6, 8]
04:30:00:002:0 out_port [17, 0, 1, -0.213154, 0.252728, 70, 0, 0.3, 0.7, 0.8, 9]
04:30:00:002:0 out_port [17, 0, 1, -0.0807964, 0.913026, 21, 0, 0.6, 0.4, 0.5, 12]
04:30:00:002:0 out_port [17, 0, 1, 0.108832, 0.456605, 43, 0, 0.8, 0.4, 0.2, 14]
04:30:00:002:0 out_port [17, 0, 1, -0.692816, 0.995657, 75, 0, 0.2, 0.8, 0.7, 15]
04:30:00:004:0 out_port [17, 0, 1, -0.15993, 0.0457509, 45, 1, 0.1, 0.6, 0.4, 1]
04:30:00:004:0 out_port [17, 0, 1, -0.401523, 0.817898, 65, 0, 0.2, 0.3, 0.3, 4]
04:30:00:004:0 out_port [17, 0, 1, 0.076157, 0.280453, 28, 1, 0.35, 0.6, 0.7, 13]
04:30:00:004:0 out_port [17, 0, 1, -0.646994, 1, 37, 1, 0.75, 0.8, 0.6, 16]
04:30:00:012:0 out_port [17, 0, 0, 0, 0.0457509, 45, 1, 0.1, 0.6, 0.4, 1]
04:30:00:012:0 out_port [17, 0, 0, 0, 0.211155, 20, 0, 0.3, 0.15, 0.2, 2]
04:30:00:012:0 out_port [17, 0, 0, 0, 0.508283, 30, 1, 0.4, 0.4, 0.8, 3]
04:30:00:012:0 out_port [17, 0, 0, 0, 0.817898, 65, 0, 0.2, 0.3, 0.3, 4]
04:30:00:012:0 out_port [17, 0, 0, 0, 0.13647, 55, 1, 0.5, 0.6, 0.7, 5]
04:30:00:012:0 out_port [17, 0, 0, 0, 0.820769, 35, 1, 0.6, 0.7, 0.9, 6]
04:30:00:012:0 out_port [17, 0, 0, 0, 1, 18, 0, 0.15, 0.2, 0.3, 7]
04:30:00:012:0 out_port [17, 0, 0, 0, 0.884594, 40, 1, 0.8, 0.7, 0.6, 8]
04:30:00:012:0 out_port [17, 0, 0, 0, 0.252728, 70, 0, 0.3, 0.7, 0.8, 9]
04:30:00:012:0 out_port [17, 0, 0, 0, 0.965144, 50, 1, 0.4, 0.5, 0.4, 10]
04:30:00:012:0 out_port [17, 0, 0, 0, 1, 36, 0, 0.9, 0.2, 0.3, 11]
04:30:00:012:0 out_port [17, 0, 0, 0, 0.913026, 21, 0, 0.6, 0.4, 0.5, 12]
04:30:00:012:0 out_port [17, 0, 0, 0, 0.280453, 28, 1, 0.35, 0.6, 0.7, 13]
04:30:00:012:0 out_port [17, 0, 0, 0, 0.456605, 43, 0, 0.8, 0.4, 0.2, 14]
04:30:00:012:0 out_port [17, 0, 0, 0, 0.995657, 75, 0, 0.2, 0.8, 0.7, 15]
04:30:00:012:0 out_port [17, 0, 0, 0, 1, 37, 1, 0.75, 0.8, 0.6, 16]
04:45:00:000:0 out_port [18, 0, 1, 0.564847, 0.767966, 35, 1, 0.6, 0.7, 0.9, 6]
04:45:00:000:0 out_port [18, 0, 1, 0.896328, 1, 18, 0, 0.15, 0.2, 0.3, 7]
04:45:00:000:0 out_port [18, 0, 1, 0.702878, 0.94931, 50, 1, 0.4, 0.5, 0.4, 10]
04:45:00:000:0 out_port [18, 0, 1, 0.802578, 1, 36, 0, 0.9, 0.2, 0.3, 11]
04:45:00:002:0 out_port [18, 0, 1, -0.0636515, 0.212269, 20, 0, 0.3, 0.15, 0.2, 2]
04:45:00:002:0 out_port [18, 0, 1, -0.0690477, 0.509491, 30, 1, 0.4, 0.4, 0.8, 3]
04:45:00:002:0 out_port [18, 0, 1, -0.148412, 0.139068, 55, 1, 0.5, 0.6, 0.7, 5]
04:45:00:002:0 out_port [18, 0, 1, -0.324559, 0.890274, 40, 1, 0.8, 0.7, 0.6, 8]
04:45:00:002:0 out_port [18, 0, 1, -0.215207, 0.256494, 70, 0, 0.3, 0.7, 0.8, 9]
04:45:00:002:0 out_port [18, 0, 1, -0.0839866, 0.914496, 21, 0, 0.6, 0.4, 0.5, 12]
04:45:00:002:0 out_port [18, 0, 1, 0.106639, 0.454739, 43, 0, 0.8, 0.4, 0.2, 14]
04:45:00:002:0 out_port [18, 0, 1, -0.695741, 1, 75, 0, 0.2, 0.8, 0.7, 15]
04:45:00:004:0 out_port [18, 0, 1, -0.158713, 0.0485284, 45, 1, 0.1, 0.6, 0.4, 1]
04:45:00:004:0 out_port [18, 0, 1, -0.402546, 0.824942, 65, 0, 0.2, 0.3, 0.3, 4]
04:45:00:004:0 out_port [18, 0, 1, 0.0767732, 0.27911, 28, 1, 0.35, 0.6, 0.7, 13]
04:45:00:004:0 out_port [18, 0, 1, -0.647691, 1, 37, 1, 0.75, 0.8, 0.6, 16]
04:45:00:012:0 out_port [18, 0, 0, 0, 0.0485284, 45, 1, 0.1, 0.6, 0.4, 1]
04:45:00:012:0 out_port [18, 0, 0, 0, 0.212269, 20, 0, 0.3, 0.15, 0.2, 2]
04:45:00:012:0 out_port [18, 0, 0, 0, 0.509491, 30, 1, 0.4, 0.4, 0.8, 3]
04:45:00:012:0 out_port [18, 0, 0, 0, 0.824942, 65, 0, 0.2, 0.3, 0.3, 4]
04:45:00:012:0 out_port [18, 0, 0, 0, 0.139068, 55, 1, 0.5, 0.6, 0.7, 5]
04:45:00:012:0 out_port [18, 0, 0, 0, 0.767966, 35, 1, 0.6, 0.7, 0.9, 6]
04:45:00:012:0 out_port [18, 0, 0, 0, 1, 18, 0, 0.15, 0.2, 0.3, 7]
04:45:00:012:0 out_port [18, 0, 0, 0, 0.890274, 40, 1, 0.8, 0.7, 0.6, 8]
04:45:00:012:0 out_port [18, 0, 0, 0, 0.256494, 70, 0, 0.3, 0.7, 0.8, 9]
04:45:00:012:0 out_port [18, 0, 0, 0, 0.94931, 50, 1, 0.4, 0.5, 0.4, 10]
04:45:00:012:0 out_port [18, 0, 0, 0, 1, 36, 0, 0.9, 0.2, 0.3, 11]
04:45:00:012:0 out_port [18, 0, 0, 0, 0.914496, 21, 0, 0.6, 0.4, 0.5, 12]
04:45:00:012:0 out_port [18, 0, 0, 0, 0.27911, 28, 1, 0.35, 0.6, 0.7, 13]
04:45:00:012:0 out_port [18, 0, 0, 0, 0.454739, 43, 0, 0.8, 0.4, 0.2, 14]
04:45:00:012:0 out_port [18, 0, 0, 0, 1, 75, 0, 0.2, 0.8, 0.7, 15]
04:45:00:012:0 out_port [18, 0, 0, 0, 1, 37, 1, 0.75, 0.8, 0.6, 16]
05:00:00:000:0 out_port [19, 0, 1, 0.483656, 0.684963, 35, 1, 0.6, 0.7, 0.9, 6]
05:00:00:000:0 out_port [19, 0, 1, 0.833618, 1, 18, 0, 0.15, 0.2, 0.3, 7]
05:00:00:000:0 out_port [19, 0, 1, 0.634627, 0.890337, 50, 1, 0.4, 0.5, 0.4, 10]
05:00:00:000:0 out_port [19, 0, 1, 0.739868, 1, 36, 0, 0.9, 0.2, 0.3, 11]
05:00:00:002:0 out_port [19, 0, 1, -0.0392422, 0.212956, 20, 0, 0.3, 0.15, 0.2, 2]
05:00:00:002:0 out_port [19, 0, 1, -0.0517726, 0.510397, 30, 1, 0.4, 0.4, 0.8, 3]
05:00:00:002:0 out_port [19, 0, 1, -0.123966, 0.141237, 55, 1, 0.5, 0.6, 0.7, 5]
05:00:00:002:0 out_port [19, 0, 1, -0.307173, 0.89565, 40, 1, 0.8, 0.7, 0.6, 8]
05:00:00:002:0 out_port [19, 0, 1, -0.194885, 0.259905, 70, 0, 0.3, 0.7, 0.8, 9]
05:00:00:002:0 out_port [19, 0, 1, -0.066705, 0.915663, 21, 0, 0.6, 0.4, 0.5, 12]
05:00:00:002:0 out_port [19, 0, 1, 0.126822, 0.452519, 43, 0, 0.8, 0.4, 0.2, 14]
05:00:00:002:0 out_port [19, 0, 1, -0.678389, 1, 75, 0, 0.2, 0.8, 0.7, 15]
05:00:00:004:0 out_port [19, 0, 1, -0.151949, 0.0511875, 45, 1, 0.1, 0.6, 0.4, 1]
05:00:00:004:0 out_port [19, 0, 1, -0.397947, 0.831906, 65, 0, 0.2, 0.3, 0.3, 4]
05:00:00:004:0 out_port [19, 0, 1, 0.0712447, 0.277863, 28, 1, 0.35, 0.6, 0.7, 13]
05:00:00:004:0 out_port [19, 0, 1, -0.642919, 1, 37, 1, 0.75, 0.8, 0.6, 16]
05:00:00:012:0 out_port [19, 0, 0, 0, 0.0511875, 45, 1, 0.1, 0.6, 0.4, 1]
05:00:00:012:0 out_port [19, 0, 0, 0, 0.212956, 20, 0, 0.3, 0.15, 0.2, 2]
05:00:00:012:0 out_port [19, 0, 0, 0, 0.510397, 30, 1, 0.4, 0.4, 0.8, 3]
05:00:00:012:0 out_port [19, 0, 0, 0, 0.831906, 65, 0, 0.2, 0.3, 0.3, 4]
05:00:00:012:0 out_port [19, 0, 0, 0, 0.141237, 55, 1, 0.5, 0.6, 0.7, 5]
05:00:00:012:0 out_port [19, 0, 0, 0, 0.684963, 35, 1, 0.6, 0.7, 0.9, 6]
05:00:00:012:0 out_port [19, 0, 0, 0, 1, 18, 0, 0.15, 0.2, 0.3, 7]
05:00:00:012:0 out_port [19, 0, 0, 0, 0.89565, 40, 1, 0.8, 0.7, 0.6, 8]
05:00:00:012:0 out_port [19, 0, 0, 0, 0.259905, 70, 0, 0.3, 0.7, 0.8, 9]
05:00:00:012:0 out_port [19, 0, 0, 0, 0.890337, 50, 1, 0.4, 0.5, 0.4, 10]
05:00:00:012:0 out_port [19, 0, 0, 0, 1, 36, 0, 0.9, 0.2, 0.3, 11]
05:00:00:012:0 out_port [19, 0, 0, 0, 0.915663, 21, 0, 0.6, 0.4, 0.5, 12]
05:00:00:012:0 out_port [19, 0, 0, 0, 0.277863, 28, 1, 0.35, 0.6, 0.7, 13]
05:00:00:012:0 out_port [19, 0, 0, 0, 0.452519, 43, 0, 0.8, 0.4, 0.2, 14]
05:00:00:012:0 out_port [19, 0, 0, 0, 1, 75, 0, 0.2, 0.8, 0.7, 15]
05:00:00:012:0 out_port [19, 0, 0, 0, 1, 37, 1, 0.75, 0.8, 0.6, 16]
